---------- Evolution 1 ----------
242
701
1050
727
966
---------- Evolution 2 ----------
606
1466
1317
1392
1045
---------- Evolution 3 ----------
717
561
542
1409
1174
801
348
582
213
1114
786
1344
1439
1187
405
1311
1480
438
216
350
1317
1207
1369
795
828
336
1361
793
766
653
640
780
773
610
1169
372
1235
1095
442
679
825
---------- Evolution 4 ----------
900
249
889
464
1175
782
1261
266
1050
1119
1147
1290
887
861
454
745
313
875
---------- Evolution 5 ----------
707
384
1261
651
525
1100
740
865
526
955
1047
441
528
397
469
355
1263
1258
1324
946
761
858
857
1191
982
1386
473
701
774
683
820
1461
525
535
932
989
371
777
---------- Evolution 6 ----------
637
1482
1270
1105
1112
416
908
233
1342
1359
688
949
1259
899
1237
1388
332
1085
1090
1291
1056
370
1009
1244
568
1264
459
983
726
454
1060
---------- Evolution 7 ----------
379
1048
1279
1011
345
323
1451
936
722
364
628
277
1390
1460
561
1092
1378
717
759
674
475
1103
288
549
425
1097
692
---------- Evolution 8 ----------
1268
1491
540
689
769
292
1076
1369
321
1023
483
834
902
620
348
296
697
1449
240
283
659
1164
1402
1148
763
1483
1321
574
554
815
1243
1382
298
813
1292
1222
976
854
1244
449
668
1293
1158
---------- Evolution 9 ----------
215
848
1360
1269
1441
847
301
342
375
1255
1296
1062
296
609
613
1051
389
389
1236
731
930
663
1145
1088
992
1301
1286
887
253
342
1214
291
1135
356
743
336
229
1298
444
355
---------- Evolution 10 ----------
1042
897
1100
922
930
564
840
468
1109
1381
720
---------- Evolution 11 ----------
572
209
340
206
928
258
812
411
1357
995
467
557
999
960
332
1430
1097
874
1331
856
557
431
204
1180
992
523
461
464
---------- Evolution 12 ----------
944
1245
1069
791
1108
1096
901
1490
900
624
876
879
906
1497
1256
1459
---------- Evolution 13 ----------
1326
1492
934
522
1491
881
336
1122
374
411
382
267
1245
739
867
---------- Evolution 14 ----------
430
1063
---------- Evolution 15 ----------
421
1388
863
423
1406
1292
1137
916
469
1429
499
892
267
807
399
915
431
382
483
1264
860
771
622
1029
544
756
1133
1469
928
1130
765
308
947
842
947
888
1465
779
860
661
1063
378
1267
413
911
1493
---------- Evolution 16 ----------
1354
213
436
200
660
1078
1022
883
862
1318
1486
1014
1130
1475
852
1429
1037
1182
217
1246
711
770
999
1090
341
1274
550
1449
400
992
817
737
983
982
1043
1023
961
1204
860
1024
686
466
510
---------- Evolution 17 ----------
580
781
653
748
1492
1426
563
287
402
370
1032
213
1285
629
835
816
544
463
1267
915
1466
1354
1164
767
809
944
1235
---------- Evolution 18 ----------
1335
1403
301
1225
1351
753
312
648
520
578
587
808
1333
613
1479
1460
253
463
1106
543
239
1266
1100
1037
581
493
1474
278
951
406
496
750
633
460
1247
1497
1411
1110
1076
1324
1015
1278
1380
591
513
238
372
