---------- Evolution 1 ----------
1178
544
1317
853
1382
1497
736
529
563
883
1079
290
347
478
1392
1029
1047
426
1085
711
914
979
851
1344
914
1285
1498
1088
1025
732
---------- Evolution 2 ----------
1074
394
1268
726
308
463
716
---------- Evolution 3 ----------
576
686
1166
1175
459
1369
1144
383
255
1127
1449
1108
368
1100
997
892
1069
745
940
1060
1175
835
1408
774
310
1434
---------- Evolution 4 ----------
290
988
857
1067
893
560
620
1143
809
1390
1274
526
1491
880
337
874
807
1059
1279
700
224
1246
1492
1072
1280
---------- Evolution 5 ----------
599
1063
583
406
253
591
356
839
616
973
963
545
908
372
1247
700
774
1348
895
450
1078
745
289
1344
203
1440
207
693
1035
970
587
879
853
824
1298
297
592
350
215
914
1363
473
266
729
941
1401
1061
273
---------- Evolution 6 ----------
928
1296
1487
842
228
805
895
1110
615
660
790
1209
581
611
1068
1280
361
623
---------- Evolution 7 ----------
758
296
1030
683
834
851
301
409
1436
872
1042
208
1424
1097
1165
1281
445
427
1035
532
1247
1407
1333
244
1341
1182
829
1131
981
1010
1236
379
1284
990
848
1485
641
669
1098
1287
853
1397
1171
411
---------- Evolution 8 ----------
1188
397
1161
385
628
1348
935
1186
1188
357
820
1029
1498
312
984
1290
660
1499
1062
1374
468
551
257
1029
838
---------- Evolution 9 ----------
1323
1196
1433
565
290
1328
1071
425
914
805
524
---------- Evolution 10 ----------
851
1458
365
320
1000
354
733
305
1414
742
1442
619
285
212
1321
1460
1149
351
640
931
524
1237
1001
1047
---------- Evolution 11 ----------
723
309
309
522
---------- Evolution 12 ----------
635
423
1470
936
807
987
695
1393
643
384
773
1049
987
267
1155
988
897
344
1076
956
813
1173
596
423
963
1207
743
1062
707
1263
1201
612
658
607
789
1022
787
288
1190
---------- Evolution 13 ----------
1261
890
714
980
320
590
766
1282
564
1202
212
1257
1189
1408
267
1025
266
213
522
1497
984
1434
1069
915
1233
1367
1375
---------- Evolution 14 ----------
656
---------- Evolution 15 ----------
1165
801
773
431
1162
779
683
---------- Evolution 16 ----------
200
421
292
1376
992
267
1411
577
347
506
1235
1304
723
1420
297
312
1164
527
542
835
1405
388
879
241
1319
1235
1425
405
1117
906
1172
1148
1071
623
692
667
1240
1264
---------- Evolution 17 ----------
749
468
207
940
659
552
1344
1241
306
325
1498
934
249
673
649
209
1248
1380
806
1067
740
219
875
1085
363
400
856
595
---------- Evolution 18 ----------
986
296
242
606
310
497
554
495
874
424
760
1464
562
696
1010
833
204
452
1351
786
633
444
1448
---------- Evolution 19 ----------
1396
1060
1427
859
1033
1209
235
985
936
737
493
559
1019
563
222
330
1161
1324
863
952
890
552
1487
1293
1474
653
737
1175
959
340
410
843
1216
555
1340
746
