---------- Evolution 1 ----------
469
1205
1032
339
646
1094
1443
325
446
1230
1245
968
295
600
213
477
306
398
1333
882
605
1064
1390
764
924
1263
223
579
492
281
690
---------- Evolution 2 ----------
522
503
457
569
---------- Evolution 3 ----------
1189
484
840
945
864
1465
993
984
1201
256
811
460
838
1023
284
1495
339
1412
274
244
---------- Evolution 4 ----------
404
1405
366
1437
1181
642
744
236
251
640
206
509
522
892
230
---------- Evolution 5 ----------
755
1250
700
599
312
574
1185
1168
255
1232
260
847
990
582
460
1127
744
920
323
651
1246
882
1309
909
308
518
488
517
1108
1345
849
826
1494
1339
678
1427
1450
889
1147
1471
834
677
1236
791
354
1379
1165
1275
1295
---------- Evolution 6 ----------
1115
1395
1483
293
1374
458
866
1374
1033
1158
576
911
1198
1485
832
430
1007
280
749
740
434
1169
640
623
912
1414
993
629
208
1137
1358
1359
---------- Evolution 7 ----------
210
461
667
1418
1334
971
665
1228
687
313
753
858
1114
1265
348
854
326
1217
820
1132
893
323
1225
380
1086
1054
291
253
530
890
946
625
1286
1453
1339
1210
829
562
498
911
1330
752
715
857
558
831
713
849
1141
---------- Evolution 8 ----------
774
1124
879
1083
592
661
287
951
694
729
348
565
262
856
1244
458
1247
1380
804
1043
1020
1025
547
605
204
1226
1064
711
1383
1046
861
864
508
429
883
---------- Evolution 9 ----------
956
233
716
539
778
---------- Evolution 10 ----------
888
786
1332
592
589
494
763
1137
1034
1384
1278
277
540
1140
1160
1137
1360
