---------- Evolution 1 ----------
959
407
785
371
---------- Evolution 2 ----------
285
480
418
511
378
681
518
471
305
1046
786
646
233
893
567
1066
346
462
---------- Evolution 3 ----------
1069
1081
458
---------- Evolution 4 ----------
361
1404
---------- Evolution 5 ----------
921
1222
1209
812
1145
1350
1253
946
1107
451
1030
1133
---------- Evolution 6 ----------
1151
990
301
1434
725
449
870
1468
1360
576
---------- Evolution 7 ----------
717
1024
1402
1106
239
293
865
1202
739
963
350
1147
876
1480
424
1237
1321
439
719
1234
1019
824
1014
273
411
284
---------- Evolution 8 ----------
949
906
844
1033
1333
1412
930
343
1135
502
931
1499
850
371
1112
898
1441
780
994
775
899
674
1306
869
578
1166
1354
1443
---------- Evolution 9 ----------
931
1166
1455
926
638
1375
327
1013
1369
232
542
700
1191
1284
1076
239
721
795
1147
1376
814
233
1226
1024
1383
287
825
871
978
452
882
1364
757
432
304
888
1202
873
1428
---------- Evolution 10 ----------
920
582
1032
1344
364
270
1003
487
1030
1286
392
1165
1246
440
1035
659
1472
1177
362
1445
705
767
698
1234
458
1482
1424
479
1180
400
650
993
1344
1424
1248
733
782
881
1395
887
856
401
---------- Evolution 11 ----------
770
449
619
801
769
227
1228
564
1197
1451
775
1138
881
---------- Evolution 12 ----------
964
832
487
596
488
457
948
855
675
1129
1363
662
647
354
944
430
773
1496
841
991
1386
648
422
1387
1006
681
303
1316
598
330
---------- Evolution 13 ----------
732
1432
647
500
709
550
1070
467
503
269
1165
809
269
1365
1339
1370
946
934
767
908
376
---------- Evolution 14 ----------
398
1034
604
314
789
479
466
571
1376
