---------- Evolution 1 ----------
1330
1256
539
583
403
328
998
1203
835
1306
1244
992
497
659
751
825
1442
---------- Evolution 2 ----------
685
1326
---------- Evolution 3 ----------
1453
279
381
1499
1217
1424
292
1196
1015
692
505
323
1290
462
622
254
249
752
1165
1355
554
1134
1011
409
887
560
1287
1197
1012
861
---------- Evolution 4 ----------
1271
1168
794
409
429
398
706
1228
606
423
643
303
994
1108
1373
700
728
607
---------- Evolution 5 ----------
1287
241
1380
1018
818
606
946
708
241
1019
316
489
1275
1215
848
1077
670
538
359
987
---------- Evolution 6 ----------
1476
901
577
1156
484
815
202
413
656
---------- Evolution 7 ----------
342
625
335
859
418
386
529
203
586
406
1210
1223
988
1125
281
---------- Evolution 8 ----------
838
566
640
496
218
530
1012
478
392
1276
277
409
757
844
1240
577
1206
704
538
1192
764
777
1498
833
1170
901
435
1431
268
1150
1417
276
1123
1421
647
1070
837
216
481
667
991
712
1180
---------- Evolution 9 ----------
228
1347
342
508
793
1439
378
425
454
1447
368
1477
691
1431
221
572
1287
287
1083
805
1080
734
1054
1322
1035
449
889
1470
899
300
416
736
967
1342
685
489
899
773
403
1029
1147
392
228
369
1406
---------- Evolution 10 ----------
1254
1393
1011
1299
1461
801
735
1031
1323
384
704
820
1019
996
363
---------- Evolution 11 ----------
299
1301
406
747
872
396
1099
988
---------- Evolution 12 ----------
504
1037
555
728
878
201
1400
1049
762
977
204
535
1102
1363
1356
1265
1440
553
661
949
937
1176
650
708
585
719
696
1441
237
606
319
744
253
1073
819
371
---------- Evolution 13 ----------
528
1346
1200
1318
936
---------- Evolution 14 ----------
1111
857
1316
1014
1207
1012
1031
1198
546
638
979
1374
1165
451
647
---------- Evolution 15 ----------
382
704
887
481
810
778
723
212
793
1388
1377
1245
386
1330
225
296
---------- Evolution 16 ----------
363
214
765
876
1015
1068
486
695
298
501
345
1014
405
959
945
551
655
872
957
1146
562
1484
471
1456
---------- Evolution 17 ----------
1208
1344
603
502
1346
1365
331
1036
282
266
200
1255
606
797
1344
592
862
497
928
1006
1329
882
883
1126
566
1175
905
612
485
985
705
602
515
531
---------- Evolution 18 ----------
973
769
1314
1482
273
1487
1323
644
901
212
877
348
350
220
1049
1043
1395
1464
1250
293
1099
1032
297
574
1307
1087
734
1171
205
1169
264
867
843
331
965
1019
986
681
606
681
1014
1251
266
1391
---------- Evolution 19 ----------
562
1095
1477
569
1094
573
1171
590
1140
244
1089
1171
1479
815
1033
1460
1177
1254
887
605
581
803
329
533
444
1281
593
779
588
1262
1036
668
803
1443
1374
1232
970
783
1199
210
908
883
377
263
---------- Evolution 20 ----------
476
494
1363
744
922
1054
418
880
1074
564
680
1033
1246
265
724
256
1037
510
1456
630
463
1203
330
---------- Evolution 21 ----------
1070
844
1039
296
807
689
663
390
1416
1485
1401
211
1127
790
1311
663
1236
1408
251
238
603
847
246
770
787
---------- Evolution 22 ----------
1443
1036
1058
497
1329
844
722
---------- Evolution 23 ----------
333
876
1195
573
1496
729
649
261
1318
1136
881
494
1069
1233
577
824
721
1478
1203
1197
1018
758
1195
961
532
560
776
1367
965
1474
1438
1207
333
851
---------- Evolution 24 ----------
777
1229
---------- Evolution 25 ----------
1118
319
859
1224
1157
1215
1395
1019
640
1276
1305
266
306
911
---------- Evolution 26 ----------
1244
1380
722
866
1271
677
502
1467
1116
1003
684
493
617
240
875
289
785
564
1308
1041
---------- Evolution 27 ----------
451
1233
1254
872
1318
1268
1428
334
729
368
330
724
1424
789
1226
1290
1265
1244
1173
539
719
1320
749
1287
274
1075
539
1194
1100
632
938
1037
819
1492
1028
350
1138
338
387
468
1224
1105
1255
449
982
380
