---------- Evolution 1 ----------
582
1058
316
1131
454
660
683
1091
435
829
925
217
834
521
708
1009
933
328
1475
871
545
1441
1027
---------- Evolution 2 ----------
825
744
632
1128
1189
547
1171
1274
1369
546
346
788
1470
735
423
1059
1270
1462
878
---------- Evolution 3 ----------
589
790
632
574
337
1172
844
1072
267
1234
1326
1140
1305
1431
1222
215
396
541
1493
1267
1233
243
273
745
240
1101
1456
1240
690
337
287
1287
1351
237
1252
1220
849
422
1117
1480
714
1338
1424
688
567
1238
733
906
1157
---------- Evolution 4 ----------
375
303
1132
1060
683
1253
478
716
1001
1328
353
929
967
535
239
1141
1473
537
1060
537
817
518
683
595
471
1454
1106
1200
1414
563
1054
255
218
638
1128
205
811
487
1004
1194
691
---------- Evolution 5 ----------
752
1285
1021
868
411
1111
1199
715
833
831
693
728
554
1134
1441
1031
1481
1409
422
907
613
1410
860
1197
1069
1052
877
1063
354
483
269
1147
952
360
415
556
1090
---------- Evolution 6 ----------
525
1289
475
814
---------- Evolution 7 ----------
210
649
680
1152
773
1050
381
735
275
682
238
504
755
1339
1276
1433
1043
1224
1073
230
1211
1479
981
666
1171
1160
878
384
1395
815
402
292
1117
595
976
822
---------- Evolution 8 ----------
677
1115
938
465
1044
472
1258
519
807
1494
973
278
742
1343
---------- Evolution 9 ----------
1260
575
493
568
389
1285
1412
1173
1112
1334
987
753
544
360
257
309
990
342
1163
1413
829
1112
265
1460
897
638
1313
1337
1090
1133
533
702
782
321
686
219
1242
765
883
493
542
---------- Evolution 10 ----------
944
1354
503
1292
1176
1071
1380
1406
804
895
589
1424
320
879
1180
456
776
---------- Evolution 11 ----------
674
1286
263
989
411
576
1073
778
1389
894
1079
1163
957
529
588
794
---------- Evolution 12 ----------
379
966
863
1472
465
1424
1009
628
1127
411
1097
327
664
441
1448
772
526
1112
1307
1258
1251
974
782
992
1174
1312
872
282
850
533
944
398
1148
887
305
422
928
908
510
1314
1232
1293
1394
---------- Evolution 13 ----------
1230
591
430
1095
1098
1028
1499
298
1396
630
479
1357
429
225
1437
384
517
961
657
307
265
1380
630
509
492
806
637
1136
226
624
402
557
645
269
1292
701
1334
774
317
1120
774
416
---------- Evolution 14 ----------
1021
415
1158
1400
492
441
482
1456
1036
1054
1128
906
928
590
995
806
1152
1352
1329
1121
649
619
405
793
601
826
1020
1163
549
1084
492
919
---------- Evolution 15 ----------
1012
528
271
737
1386
1097
631
721
462
1087
1417
898
1231
645
930
1188
1084
793
1490
372
228
352
1448
637
702
303
485
661
1111
631
202
1045
1445
1413
962
1221
826
---------- Evolution 16 ----------
269
343
632
531
613
456
1009
960
1336
440
490
340
887
306
995
553
264
1210
1014
262
1193
486
491
732
436
405
284
1408
930
584
---------- Evolution 17 ----------
598
---------- Evolution 18 ----------
856
473
---------- Evolution 19 ----------
1208
889
1396
212
1185
486
1300
979
844
609
1389
595
243
---------- Evolution 20 ----------
573
634
212
886
917
1044
1495
1338
769
1085
1074
1204
1314
386
835
620
1227
1351
927
1494
1233
624
1050
431
1182
1494
---------- Evolution 21 ----------
776
849
870
1306
707
1403
738
602
1464
1131
294
370
779
440
638
333
611
539
928
210
1276
834
812
1204
1264
361
418
---------- Evolution 22 ----------
394
748
256
790
1237
399
701
448
1051
853
727
1389
308
687
819
515
949
703
574
783
461
1283
332
1376
---------- Evolution 23 ----------
1039
1382
720
366
507
717
689
536
1274
686
427
1481
382
1349
460
1299
404
1252
470
789
1220
1165
1424
1139
1374
674
1389
829
1376
---------- Evolution 24 ----------
254
963
868
1312
1362
1263
1073
468
438
601
819
638
393
1393
1074
446
243
681
563
342
543
1058
777
1391
281
956
1431
838
1008
1106
1429
371
1019
1443
1036
782
---------- Evolution 25 ----------
851
890
695
653
679
574
862
1019
1429
1264
999
1036
233
707
452
951
972
1032
388
360
1056
323
1075
---------- Evolution 26 ----------
481
1382
---------- Evolution 27 ----------
870
451
673
932
966
1091
1432
1424
1232
1213
911
903
222
990
270
444
474
1242
1387
574
813
1357
1262
649
448
797
405
1232
696
1072
1134
1136
281
1110
224
593
770
1270
---------- Evolution 28 ----------
864
1468
1099
1327
861
1044
1432
1247
537
1183
751
1452
268
867
606
1490
791
1330
1036
1403
282
325
524
472
1296
228
779
637
940
657
939
975
1075
880
366
1257
1195
935
---------- Evolution 29 ----------
549
1458
925
1221
1455
312
512
883
1248
994
818
1280
785
1462
1082
646
1049
594
849
353
850
467
1017
235
311
1408
837
707
---------- Evolution 30 ----------
246
972
617
693
329
1116
298
917
1303
469
228
1414
456
1271
688
356
627
1379
1078
983
349
1272
551
651
1454
320
831
270
456
1471
1281
332
700
---------- Evolution 31 ----------
945
1397
1055
982
1335
1372
704
762
206
400
1430
383
1067
1476
---------- Evolution 32 ----------
535
1052
487
700
1305
390
1199
720
828
1346
423
571
453
1025
1398
396
289
1437
247
1462
602
530
592
1084
694
798
408
961
1350
1251
1079
301
1259
1414
702
350
291
1077
1030
298
721
1149
986
203
1401
1483
