---------- Evolution 1 ----------
1173
1253
1227
245
1203
1454
991
274
678
313
501
1255
1366
1019
328
364
1438
699
1486
1284
1316
402
824
794
1223
523
520
1008
1360
1341
851
555
1059
500
258
517
979
828
1030
905
1439
---------- Evolution 2 ----------
1292
977
352
1418
1125
668
609
1256
797
882
478
261
262
1060
1397
282
327
404
995
1325
301
302
220
261
1005
202
277
307
939
707
1268
1357
1270
851
1032
501
1027
1328
1428
719
1005
396
1275
683
305
440
---------- Evolution 3 ----------
1205
1367
202
1396
300
485
1179
1054
1493
944
1257
1087
600
534
838
360
---------- Evolution 4 ----------
1239
1407
936
204
985
849
1150
1175
660
1370
981
936
479
1118
482
1109
606
1110
1006
218
1358
1122
1425
382
841
960
1492
536
593
279
326
1079
802
508
1475
1399
1389
678
---------- Evolution 5 ----------
1378
1361
1200
890
739
1276
1112
228
691
1233
850
1389
1042
202
448
996
---------- Evolution 6 ----------
640
1133
751
809
494
1442
1288
985
458
917
616
1051
1391
1289
251
1106
273
373
672
656
750
807
1301
360
808
673
621
816
328
678
282
432
1082
646
1331
1430
---------- Evolution 7 ----------
1288
651
544
680
1032
1030
1043
1253
790
708
336
1195
265
1023
1062
1017
1345
1456
829
735
236
347
888
449
390
1360
400
1282
1167
---------- Evolution 8 ----------
820
1289
1232
1200
536
381
1332
1228
1204
1125
1269
819
208
253
269
347
892
289
586
944
1116
918
819
1260
1256
1389
1179
708
796
613
485
921
1086
989
1328
659
859
952
1129
---------- Evolution 9 ----------
800
857
1058
265
388
955
1105
1072
1441
1496
723
1060
1299
1322
1341
391
496
355
438
683
1079
699
267
---------- Evolution 10 ----------
1200
1122
1241
1436
884
1283
636
1094
788
741
1048
1314
402
1216
315
1063
672
374
723
832
657
293
1245
1431
354
1260
1235
692
667
255
357
939
508
965
622
1297
824
676
638
988
657
638
765
1451
1307
1418
1494
971
---------- Evolution 11 ----------
1385
1171
903
1360
530
1328
955
735
1191
617
1007
1278
644
821
1253
358
1392
905
408
929
344
291
713
938
1243
981
1403
298
622
835
223
234
667
926
848
727
1114
286
334
---------- Evolution 12 ----------
251
1182
1244
692
577
851
984
505
1485
1061
812
603
1110
575
492
778
542
791
862
204
539
1387
230
300
749
565
281
1400
382
1203
920
---------- Evolution 13 ----------
560
540
1034
1067
661
1270
1226
556
1010
606
1436
544
1061
1306
366
608
---------- Evolution 14 ----------
914
1069
619
1357
676
891
586
615
626
1091
641
1265
1210
1230
473
1338
223
833
1257
378
1167
507
1323
343
1039
1313
1162
527
422
607
223
796
736
1286
1395
770
1387
877
1085
1340
311
1256
741
361
571
---------- Evolution 15 ----------
984
1119
625
807
1100
367
230
852
270
475
756
896
1124
839
1069
1272
1419
508
1337
239
460
---------- Evolution 16 ----------
589
1115
1002
205
467
1066
1200
1246
1351
238
303
1166
923
1193
1349
213
782
257
796
344
436
1217
359
1065
1120
1360
1208
1176
480
486
1288
990
575
---------- Evolution 17 ----------
1492
1364
319
754
1061
380
1066
804
1070
477
1093
772
1296
1300
441
881
1144
515
781
421
1323
959
417
483
551
1105
1464
1095
227
827
1341
1289
1317
363
280
762
823
763
932
299
---------- Evolution 18 ----------
1031
729
1284
361
525
450
---------- Evolution 19 ----------
825
805
575
408
1414
689
1213
1059
399
1224
211
1230
850
270
1423
674
853
1217
254
201
642
1463
---------- Evolution 20 ----------
565
1268
670
274
1187
1262
920
560
633
963
1169
613
1431
479
865
352
1102
897
642
1292
364
1161
1424
---------- Evolution 21 ----------
1092
445
1034
867
434
526
383
730
317
1218
1009
665
