---------- Evolution 1 ----------
1095
388
842
830
402
1011
837
315
1146
604
1258
1293
713
1082
857
1475
1273
761
1487
1460
252
1450
405
977
618
930
912
---------- Evolution 2 ----------
695
1308
1380
1364
478
605
1377
1096
781
629
948
985
1119
1008
680
375
759
675
1025
1372
1225
408
691
1132
622
945
1252
885
943
1098
1300
530
1229
1402
307
1069
1104
536
---------- Evolution 3 ----------
506
1124
260
732
491
762
1214
1403
826
1131
420
340
1304
249
---------- Evolution 4 ----------
887
---------- Evolution 5 ----------
238
530
594
500
764
1066
1209
286
333
561
414
866
672
721
1318
949
706
462
350
865
423
376
644
1227
1481
1018
1276
1376
716
475
1018
407
515
731
599
849
1244
---------- Evolution 6 ----------
365
607
1369
823
311
1026
502
348
575
415
847
1069
743
833
593
993
924
1435
324
1044
328
579
579
897
212
579
514
292
593
1198
871
1149
---------- Evolution 7 ----------
1132
1090
1156
521
586
723
533
457
896
279
590
314
---------- Evolution 8 ----------
1121
---------- Evolution 9 ----------
945
394
929
1428
353
759
1028
558
312
680
1225
1219
750
1192
502
444
975
230
1288
362
1000
1113
433
1311
905
950
763
747
1119
1471
998
1092
---------- Evolution 10 ----------
1348
807
694
1403
369
865
616
948
975
515
549
1349
669
688
---------- Evolution 11 ----------
1463
501
784
1142
845
1436
990
597
1262
1420
1420
867
976
1384
566
679
532
792
200
599
1077
1495
1082
1096
581
1146
862
545
1428
874
1183
773
1060
250
473
813
1442
527
---------- Evolution 12 ----------
344
810
1482
1026
1349
1356
725
360
561
526
735
483
265
---------- Evolution 13 ----------
683
500
531
845
727
604
1304
1335
1363
764
1031
977
1257
1279
1331
1384
769
769
203
484
519
934
1321
1276
718
870
1145
1138
432
876
---------- Evolution 14 ----------
304
1499
1152
485
880
1095
1186
1275
529
978
995
1366
589
1096
376
320
1387
768
363
978
280
301
