---------- Evolution 1 ----------
739
568
630
1466
489
1109
508
353
500
375
988
923
472
201
1453
---------- Evolution 2 ----------
979
587
936
475
705
1239
253
582
849
1430
954
563
1262
1044
1101
1455
934
212
1205
1440
987
435
1135
1304
1154
931
1413
1058
1216
574
1453
1132
564
1236
305
642
350
501
1384
1268
1264
541
1215
---------- Evolution 3 ----------
439
1389
879
560
1350
1077
658
788
1348
1366
1318
415
480
1257
478
1118
1101
1244
1459
1216
1483
309
320
946
609
460
1379
613
947
448
1022
480
1162
928
1405
917
751
640
540
817
1442
626
523
1081
1161
614
241
---------- Evolution 4 ----------
660
276
1038
729
639
900
---------- Evolution 5 ----------
1324
378
320
435
909
644
859
358
205
376
286
1236
614
552
310
241
241
814
1231
658
855
928
1276
951
720
304
438
281
1482
1183
203
693
1221
518
230
665
1319
1257
1187
933
1237
1359
418
752
---------- Evolution 6 ----------
1250
280
385
708
1324
1044
424
1080
219
---------- Evolution 7 ----------
302
1341
933
738
875
883
400
673
1149
1320
1429
268
962
1195
881
601
1338
407
281
730
550
342
474
---------- Evolution 8 ----------
892
770
383
442
488
1276
572
1011
459
1017
1151
405
1341
---------- Evolution 9 ----------
1069
294
513
1412
1241
442
727
730
1002
547
1306
229
587
516
907
1436
566
988
1134
1045
732
1289
1415
1449
1295
947
1462
1479
728
363
737
841
308
1033
318
1243
484
591
817
1321
313
448
951
1462
934
591
724
1107
---------- Evolution 10 ----------
852
778
1493
518
407
327
626
674
932
793
1057
329
523
1203
1040
859
299
---------- Evolution 11 ----------
1003
977
459
1042
267
1489
1208
832
762
464
1309
1176
554
471
682
673
589
521
268
221
228
1127
392
311
972
999
942
1126
1128
1449
1228
1414
1418
1421
1168
447
801
948
1375
858
---------- Evolution 12 ----------
1370
1080
1190
943
664
689
1030
526
1089
234
657
1297
247
391
1316
718
365
1025
695
1481
1132
642
1163
367
437
652
1451
285
696
571
424
965
947
1391
745
286
1142
1165
210
1347
470
1116
445
1309
---------- Evolution 13 ----------
559
796
334
1243
1329
1233
324
1097
---------- Evolution 14 ----------
1003
759
---------- Evolution 15 ----------
1393
644
624
231
1393
802
878
1367
1033
1171
939
559
335
585
1071
718
1261
755
752
487
596
878
---------- Evolution 16 ----------
587
353
403
292
1493
1177
1117
991
1319
1351
1286
1002
527
1115
1472
1189
794
956
806
437
1489
1402
872
1312
613
854
---------- Evolution 17 ----------
1427
453
1463
1142
1282
396
750
811
331
1169
837
1265
862
1375
852
645
764
1068
686
1226
1032
713
720
499
1217
596
1255
722
1457
1442
1190
559
---------- Evolution 18 ----------
1448
864
877
452
1108
997
1084
909
280
485
903
1152
1162
573
830
817
1040
676
532
1409
412
---------- Evolution 19 ----------
1339
1076
506
1057
578
553
1078
1366
302
645
1498
341
1403
271
1054
1469
842
1376
941
452
393
1281
203
230
230
1327
412
337
717
839
---------- Evolution 20 ----------
1420
823
1081
711
1084
1027
907
1262
1397
1265
295
464
949
948
550
1017
1227
233
1154
1207
1252
1185
1028
905
1344
962
1094
---------- Evolution 21 ----------
418
---------- Evolution 22 ----------
971
914
698
563
728
494
656
---------- Evolution 23 ----------
365
289
298
825
1478
442
227
351
1158
670
830
702
921
469
1407
1074
631
380
1178
1251
320
1153
763
928
350
1437
524
1062
651
1100
211
515
1407
1164
213
537
1296
238
573
1447
1054
1083
1371
464
1045
---------- Evolution 24 ----------
242
1096
1050
766
831
976
770
244
1485
798
1044
977
858
483
415
411
772
1488
460
842
854
1155
---------- Evolution 25 ----------
1345
557
647
1315
1067
915
672
609
519
583
819
842
927
1348
258
432
765
1434
1436
239
257
547
1496
844
312
441
1042
1012
984
1002
841
604
965
828
807
1152
688
680
803
1293
370
944
1232
1081
---------- Evolution 26 ----------
243
406
291
1124
890
398
779
662
1168
656
1077
1036
1440
1400
806
315
933
836
1214
910
727
972
531
---------- Evolution 27 ----------
1409
501
945
822
310
975
606
452
1307
423
202
305
260
249
---------- Evolution 28 ----------
1484
1453
848
498
272
224
1179
1152
867
570
695
1043
1140
966
327
1359
511
360
456
770
681
395
853
285
906
1175
251
702
855
630
1298
739
1478
986
407
1317
774
1030
1092
642
1363
723
1068
624
721
1143
1155
324
---------- Evolution 29 ----------
642
1225
1058
625
980
375
932
854
1000
814
524
276
1469
---------- Evolution 30 ----------
1291
1066
859
546
1090
499
1486
974
351
691
943
1267
1320
545
1154
1036
424
747
1278
1328
413
1445
567
1448
709
746
1162
1449
1149
746
347
503
1156
---------- Evolution 31 ----------
912
633
761
1065
1417
1127
642
1384
1018
889
1363
1411
413
1387
294
381
337
874
571
281
907
1140
783
---------- Evolution 32 ----------
955
1196
1086
244
