---------- Evolution 1 ----------
606
542
1391
967
403
485
1259
1199
1257
605
1251
1262
814
320
1104
1028
628
798
1453
244
1289
483
1301
435
467
1427
875
854
968
796
514
1430
620
935
1080
572
783
702
1247
1385
1267
547
1449
628
1425
461
1206
1296
---------- Evolution 2 ----------
1490
760
1499
1141
557
1151
470
368
1440
597
517
632
1315
1445
433
1280
1420
874
804
1419
729
509
547
966
---------- Evolution 3 ----------
733
457
344
914
1281
1269
638
328
674
1004
287
1210
1125
676
492
451
628
519
899
314
889
1189
1220
1246
955
1260
1488
353
300
546
671
613
376
1056
---------- Evolution 4 ----------
288
456
1159
628
1384
514
984
633
980
305
622
324
1157
993
1490
1408
1075
206
1244
488
414
288
745
1390
904
1247
886
226
1312
609
1048
1497
334
821
377
222
969
499
694
1109
1201
795
---------- Evolution 5 ----------
465
741
1051
889
1416
249
581
434
335
1221
628
312
1472
327
366
1300
797
298
777
454
202
233
1244
794
1147
266
623
703
954
1050
629
575
792
1490
902
710
1272
719
263
934
---------- Evolution 6 ----------
701
1460
670
231
1050
1243
339
852
509
687
1038
282
1328
859
630
302
1451
1469
1030
862
1438
---------- Evolution 7 ----------
1495
1344
967
1026
557
392
1437
915
1160
254
377
1016
710
766
779
930
501
994
---------- Evolution 8 ----------
1346
701
926
380
955
517
546
---------- Evolution 9 ----------
496
1157
495
297
308
1080
538
904
664
1349
461
1374
1107
1389
846
1186
1423
648
1235
1366
870
1396
416
1003
375
931
1243
375
1048
1188
406
813
663
1439
1489
746
1275
---------- Evolution 10 ----------
506
1420
921
594
1014
1237
842
1453
208
1327
818
1097
260
273
949
1264
1349
348
728
871
861
865
468
1116
560
1452
1145
1127
777
---------- Evolution 11 ----------
568
528
373
568
372
1360
791
1233
587
846
1369
1203
1275
---------- Evolution 12 ----------
369
969
993
937
429
857
1451
283
1133
1095
717
323
305
467
650
1498
239
1215
740
506
466
625
1203
498
575
500
378
1070
---------- Evolution 13 ----------
1447
321
330
1277
570
1291
1331
255
271
745
404
599
442
616
1277
352
1326
1387
878
1146
544
812
---------- Evolution 14 ----------
308
470
968
506
858
1442
1110
620
1424
1326
966
395
996
887
285
1177
841
594
791
575
811
563
769
538
316
1375
959
681
422
1405
1487
444
1425
1062
318
1374
1001
1154
309
1495
703
---------- Evolution 15 ----------
745
495
1095
1429
---------- Evolution 16 ----------
1452
696
1224
553
---------- Evolution 17 ----------
321
1178
1158
530
1198
956
758
521
375
---------- Evolution 18 ----------
600
908
1287
644
916
531
1141
414
384
711
822
521
442
493
206
1292
553
1035
608
1213
388
637
674
846
1215
1261
499
1033
429
1383
667
901
1333
1296
---------- Evolution 19 ----------
1085
622
1115
626
968
950
1400
1434
381
1042
303
1429
1055
1304
1498
249
1067
1031
804
824
387
995
758
1495
625
743
1346
271
901
995
623
781
527
472
1206
1091
1372
366
1343
784
658
---------- Evolution 20 ----------
235
662
460
857
339
1281
354
816
433
793
690
700
1263
1358
672
764
1291
387
1050
1106
838
1282
888
394
1356
626
805
976
740
1485
1025
1005
829
---------- Evolution 21 ----------
336
204
510
202
337
1280
1424
654
902
566
762
1315
214
275
270
475
350
386
1110
1387
1421
1173
761
1473
1023
537
1137
508
851
776
---------- Evolution 22 ----------
1465
222
1421
493
883
1224
1383
690
345
415
503
1014
930
611
203
---------- Evolution 23 ----------
619
683
483
854
902
455
589
575
391
469
718
838
529
1334
784
1012
551
---------- Evolution 24 ----------
1470
327
844
754
245
1121
817
442
863
1082
379
717
212
1039
1476
1327
788
1190
978
1203
1288
635
288
792
473
795
419
274
442
845
601
1156
559
1398
1311
425
321
482
1387
1072
886
488
225
1430
227
459
---------- Evolution 25 ----------
1139
902
803
348
845
359
918
230
950
1409
910
202
1048
1009
504
515
296
674
1116
479
1398
484
1393
904
466
1407
1264
493
679
666
207
1447
1198
1307
---------- Evolution 26 ----------
385
1153
420
---------- Evolution 27 ----------
938
713
906
617
404
1383
729
834
320
754
925
279
1257
758
621
1397
789
1345
1426
858
441
---------- Evolution 28 ----------
257
622
596
990
322
1302
697
466
858
454
420
1406
654
958
---------- Evolution 29 ----------
975
1082
1112
238
954
1190
1346
733
967
292
737
305
397
635
495
899
1237
392
1451
235
1229
719
---------- Evolution 30 ----------
493
853
956
716
904
1362
805
796
306
1211
439
232
599
489
233
1436
1232
349
581
1335
362
564
1031
1404
333
1229
802
205
339
1410
480
1274
579
396
849
668
229
618
438
1051
1404
438
1183
684
635
1096
1425
1457
---------- Evolution 31 ----------
804
405
760
217
759
1407
598
333
619
707
264
234
582
1180
503
249
492
1104
---------- Evolution 32 ----------
706
801
286
455
396
640
1134
440
563
732
848
866
---------- Evolution 33 ----------
955
238
923
652
710
454
960
1226
1145
784
1350
748
1296
1032
243
951
1208
338
---------- Evolution 34 ----------
628
1224
981
964
454
1180
238
633
482
1329
241
---------- Evolution 35 ----------
645
1172
1439
1223
1382
217
674
969
1479
463
210
515
1333
1039
871
621
288
577
1394
874
1080
1130
861
1023
1353
268
457
1293
341
504
508
1300
686
507
1063
1371
399
493
960
933
1212
1045
1059
836
1049
1111
207
819
---------- Evolution 36 ----------
1050
819
202
---------- Evolution 37 ----------
636
926
1320
1198
1082
1172
1225
460
1424
437
1287
996
1226
1011
533
917
619
342
1109
876
441
1024
604
990
386
985
356
853
562
611
396
