---------- Evolution 1 ----------
215
300
397
978
275
1493
707
840
282
973
649
769
993
1101
972
813
667
454
843
1366
286
1099
1487
1351
560
661
387
1086
328
586
1091
754
548
1428
858
1090
885
1012
882
1194
---------- Evolution 2 ----------
1117
1495
1478
1251
1246
1195
1326
840
386
1285
1308
475
509
1048
1210
1129
389
1459
202
575
1284
1166
1417
555
1015
1207
1314
242
713
---------- Evolution 3 ----------
803
500
1128
1110
---------- Evolution 4 ----------
945
670
606
477
729
1409
1260
1469
1283
857
731
1209
641
516
358
959
258
1396
---------- Evolution 5 ----------
636
1171
1484
494
416
379
1310
770
628
1280
947
1041
256
---------- Evolution 6 ----------
457
1324
1393
505
633
1423
439
1470
761
968
1204
223
847
1401
389
684
821
1023
960
979
386
1396
815
818
1010
232
430
376
---------- Evolution 7 ----------
816
962
485
1302
1485
1161
354
570
---------- Evolution 8 ----------
1365
535
1215
748
497
550
1452
1432
426
1416
353
260
535
550
888
1156
1213
511
658
929
277
344
706
1137
1108
1112
516
937
689
1448
800
1244
233
812
379
1094
471
740
373
867
954
1096
482
208
1349
749
---------- Evolution 9 ----------
1094
813
1216
1012
803
531
1002
896
1017
1428
633
635
1031
624
1084
783
658
276
903
415
1029
626
762
389
266
---------- Evolution 10 ----------
235
884
749
305
479
1388
310
740
711
869
---------- Evolution 11 ----------
622
1486
339
898
529
1373
991
408
811
574
682
733
660
953
573
334
---------- Evolution 12 ----------
1243
606
278
709
426
1006
215
222
382
245
270
1406
357
1389
209
1375
1095
863
1080
1357
1310
851
702
968
563
1058
849
744
1053
964
1387
1086
1307
1225
932
487
869
630
1237
749
400
535
702
1381
780
746
---------- Evolution 13 ----------
1036
491
932
568
841
665
710
791
230
242
1075
1209
255
1014
1173
931
1496
1263
1079
1020
1029
1121
898
1469
759
1498
824
534
231
1042
827
1192
770
1471
1176
1393
413
1287
796
---------- Evolution 14 ----------
1055
770
526
436
353
402
421
1100
566
265
---------- Evolution 15 ----------
1255
557
851
1070
694
726
324
326
1122
429
1000
1102
963
685
211
212
---------- Evolution 16 ----------
1258
528
1385
322
1372
236
1383
1039
782
1057
574
310
973
1344
1046
1453
453
1272
773
807
837
462
232
1225
479
1047
506
1327
791
1231
508
---------- Evolution 17 ----------
571
236
1089
500
748
853
---------- Evolution 18 ----------
483
782
805
---------- Evolution 19 ----------
1354
1037
1178
623
1136
1274
1477
935
453
891
1305
---------- Evolution 20 ----------
1165
345
851
1072
476
1352
253
1050
726
1347
---------- Evolution 21 ----------
846
271
862
206
906
405
709
1160
1160
368
---------- Evolution 22 ----------
619
1174
1112
661
850
1093
933
538
726
208
1423
613
1129
618
821
377
1318
201
943
586
1205
545
369
527
1200
1305
1280
1007
1036
419
1310
587
1456
258
369
479
977
---------- Evolution 23 ----------
508
455
216
1038
529
518
1345
500
1134
516
688
258
1173
940
1051
1186
1394
1101
1213
481
566
1333
876
970
1066
492
---------- Evolution 24 ----------
1405
494
561
1139
673
1378
507
596
834
681
1004
936
467
755
363
604
606
1266
576
1418
399
1463
1111
671
439
554
452
484
1107
1185
589
453
1389
907
---------- Evolution 25 ----------
845
935
1320
761
1012
241
1446
731
928
1409
1322
448
287
1133
904
409
1168
1367
1427
915
1440
1100
1446
1120
1461
320
1001
437
1275
984
1029
1238
615
294
1426
968
1099
410
874
1380
899
1291
1167
211
216
1291
277
1238
