---------- Evolution 1 ----------
221
700
684
1284
977
732
919
1441
214
1347
1212
260
332
1074
---------- Evolution 2 ----------
395
415
232
1426
469
1125
557
655
700
1091
1359
1333
1450
1252
395
759
643
1493
660
1407
886
205
302
891
1270
262
640
513
1111
403
372
1231
778
390
---------- Evolution 3 ----------
756
1481
1274
1477
309
804
1455
904
795
1314
222
450
1460
370
1498
1208
1036
1113
528
1248
309
853
988
370
1106
800
445
813
1247
1231
257
1198
1255
1499
353
675
1022
561
408
---------- Evolution 4 ----------
433
1191
574
655
252
985
565
998
1288
510
634
1486
1324
809
262
546
780
1320
1431
751
1312
609
840
795
1288
867
454
1477
548
823
417
1427
290
1057
1418
798
1321
1210
1335
1390
579
---------- Evolution 5 ----------
1129
1029
862
214
356
1461
1452
1469
1030
322
1195
1278
266
490
847
1465
1373
1291
1308
1346
1175
765
854
1373
1488
601
---------- Evolution 6 ----------
309
708
1021
1278
1169
775
1434
950
398
1428
309
227
558
1488
206
282
1226
669
1494
1287
439
1371
378
1149
1453
447
1075
516
---------- Evolution 7 ----------
432
1036
549
1006
1126
247
1356
963
939
284
1113
560
867
230
1139
1281
902
279
906
382
1440
1393
220
1446
270
851
649
1361
850
1338
998
859
310
1248
573
1136
226
957
1165
1296
455
269
---------- Evolution 8 ----------
250
1282
1450
927
1398
1269
1431
1309
371
1249
749
1109
503
1006
866
1228
1443
623
906
494
808
1497
890
1487
1021
360
504
670
679
701
1369
728
1072
1167
1264
612
807
1174
1052
1395
922
512
---------- Evolution 9 ----------
914
1357
477
309
651
1228
522
681
331
206
402
338
1033
726
1363
717
1013
475
928
830
819
571
353
902
1156
686
1061
380
742
---------- Evolution 10 ----------
1414
746
1188
453
1395
996
243
864
265
206
1114
644
818
458
809
1054
985
714
934
1017
454
1155
401
778
815
1157
434
210
820
287
429
303
658
444
741
1360
1421
1209
1023
1497
787
1199
---------- Evolution 11 ----------
1433
663
1237
1253
971
892
1078
335
1260
1194
1064
---------- Evolution 12 ----------
680
340
882
316
1156
1209
748
413
991
900
1134
721
999
263
715
1398
703
---------- Evolution 13 ----------
1359
511
424
1364
995
1198
1061
301
1083
1390
1233
893
687
1208
1171
561
645
1179
1395
575
1143
369
713
769
666
235
1281
1466
540
420
1485
1117
477
1308
1083
646
387
704
613
1111
---------- Evolution 14 ----------
980
446
697
301
1212
562
486
635
403
---------- Evolution 15 ----------
261
1410
792
966
535
1179
1331
686
---------- Evolution 16 ----------
1226
1416
1092
1466
1003
1431
706
1270
1465
304
1193
1261
643
1350
204
733
596
904
1423
880
1326
714
847
1040
249
779
241
1481
968
1476
972
771
612
720
631
573
1116
825
846
356
670
317
623
1168
306
992
910
---------- Evolution 17 ----------
260
1143
1386
1250
739
970
1161
860
1099
610
219
981
1162
514
1436
1362
294
660
1257
400
681
1437
---------- Evolution 18 ----------
532
996
1364
359
214
---------- Evolution 19 ----------
1040
1477
1381
871
525
1388
365
1213
270
1137
225
1325
1209
1336
1328
523
343
797
1323
1014
777
535
1080
364
1360
997
436
1476
783
208
924
1309
703
884
1460
961
938
1015
1442
211
749
835
670
---------- Evolution 20 ----------
1177
1071
1381
1277
263
959
1288
698
806
1046
1074
1086
506
972
969
1482
513
---------- Evolution 21 ----------
1176
458
1077
352
857
1053
1053
439
445
1335
357
639
1321
231
1357
862
1354
887
401
343
789
---------- Evolution 22 ----------
1139
419
1288
788
1374
696
1126
---------- Evolution 23 ----------
999
495
817
725
1486
471
1114
893
1365
1118
605
736
484
267
961
550
588
700
1102
1482
631
1129
1206
1064
835
545
591
422
346
880
---------- Evolution 24 ----------
385
726
461
201
1254
1029
391
932
583
433
---------- Evolution 25 ----------
439
516
575
1251
---------- Evolution 26 ----------
961
481
---------- Evolution 27 ----------
872
977
1417
1108
972
1390
1013
226
917
1236
545
---------- Evolution 28 ----------
490
612
912
802
375
995
740
329
940
221
1089
1182
1141
255
427
1137
696
1210
387
677
1486
1086
1266
611
684
862
1337
597
988
235
1050
550
431
632
1328
778
803
1341
799
483
---------- Evolution 29 ----------
562
545
495
1385
404
563
1085
651
920
1209
1241
1166
356
1017
463
901
1325
1228
385
790
364
340
1395
742
756
205
1357
206
960
1259
620
732
219
721
827
---------- Evolution 30 ----------
1223
957
697
826
1245
771
907
1480
705
1373
803
515
726
726
1380
1426
1226
1181
296
354
553
630
1471
1026
829
734
625
944
500
316
782
1107
300
---------- Evolution 31 ----------
1470
1219
483
1428
727
---------- Evolution 32 ----------
1361
1439
1448
797
---------- Evolution 33 ----------
774
1271
226
1422
1204
360
---------- Evolution 34 ----------
1082
1438
1466
268
618
847
1360
472
471
634
1124
360
1368
667
795
451
1075
474
1053
1400
1497
381
1220
479
570
369
924
1443
1209
203
474
1023
1206
859
284
1491
709
381
436
---------- Evolution 35 ----------
385
1383
799
909
1079
1204
605
1206
1119
1404
---------- Evolution 36 ----------
507
1415
---------- Evolution 37 ----------
1152
985
1272
1327
1328
610
325
366
654
277
905
874
1220
578
979
---------- Evolution 38 ----------
1441
1361
1101
626
854
1069
558
870
235
445
1170
620
1160
308
774
633
1460
1009
369
824
705
811
321
1355
1171
714
838
839
252
1475
276
1233
267
697
1236
1264
900
661
1011
315
963
1158
788
1228
786
755
401
830
---------- Evolution 39 ----------
527
785
1258
947
1231
1496
418
312
1048
249
461
778
350
481
913
530
1169
984
740
580
1229
1483
217
926
608
929
948
1463
1113
964
1024
