---------- Evolution 1 ----------
458
938
1019
479
558
889
1014
370
792
894
1303
469
1144
754
920
279
449
872
1154
467
1249
1371
1031
1425
---------- Evolution 2 ----------
477
920
437
1253
571
379
922
1237
906
564
762
898
1178
1141
---------- Evolution 3 ----------
1093
321
915
1261
971
444
345
246
1109
343
505
1020
1254
648
1436
336
392
1238
402
754
372
857
636
1338
949
496
364
579
---------- Evolution 4 ----------
822
---------- Evolution 5 ----------
466
1192
1271
422
359
824
597
285
432
439
1175
692
900
887
1252
621
1205
1031
1038
1097
1425
---------- Evolution 6 ----------
341
416
663
207
459
522
1369
1126
596
939
652
1384
948
647
882
1074
620
---------- Evolution 7 ----------
602
923
1340
986
1431
1314
---------- Evolution 8 ----------
623
1301
618
288
748
614
729
820
615
1015
289
1003
1020
333
1499
324
1084
580
575
405
364
1409
964
791
1144
1463
1498
851
1016
1250
820
575
424
1224
899
1416
979
---------- Evolution 9 ----------
894
1217
1431
373
1299
976
311
857
237
1032
1047
259
207
467
750
1468
344
460
201
399
431
1133
680
830
1386
826
720
941
771
1332
393
---------- Evolution 10 ----------
657
956
449
1255
1065
583
373
303
1269
783
649
782
1146
394
272
1179
1218
1250
1251
923
348
559
286
507
220
864
344
765
1341
1003
1214
1054
1046
1139
369
221
1046
532
463
495
537
1264
---------- Evolution 11 ----------
492
1054
1309
1107
221
444
479
1350
273
369
289
831
---------- Evolution 12 ----------
722
475
1463
902
961
1041
---------- Evolution 13 ----------
752
1203
466
396
230
632
1116
1092
760
1434
746
1173
1059
1307
1125
1207
1380
1202
1169
236
263
908
647
202
274
1361
438
1132
1336
285
1173
308
700
248
1255
332
1175
627
460
1368
301
---------- Evolution 14 ----------
1320
1452
638
781
1027
574
1335
1437
1370
405
542
1289
1031
1074
1372
446
286
973
842
385
744
1160
237
1161
545
1409
514
1425
329
1028
516
881
716
---------- Evolution 15 ----------
1133
452
632
1343
497
1000
600
760
1048
---------- Evolution 16 ----------
628
731
1159
1082
378
1098
412
506
613
847
890
589
519
840
491
---------- Evolution 17 ----------
441
499
743
1124
396
1063
292
950
707
870
280
599
752
521
1499
1265
1261
708
547
---------- Evolution 18 ----------
355
228
1423
635
346
821
227
330
262
1285
566
1448
451
756
1174
1202
630
548
699
572
1206
753
439
1063
566
---------- Evolution 19 ----------
1234
713
1351
510
1302
367
1404
551
531
1070
1094
300
1471
1267
1069
1304
905
1025
638
706
419
443
629
1147
698
358
858
207
298
1401
884
753
657
804
269
255
415
1064
1386
690
1285
1412
555
1092
579
1028
---------- Evolution 20 ----------
1099
745
733
1070
1399
360
1075
995
1066
576
470
674
1222
459
860
1489
---------- Evolution 21 ----------
396
698
1236
499
789
1172
349
1335
292
1066
335
1484
1454
1276
664
1075
319
1478
1444
1200
1226
1484
572
1126
582
636
411
1476
1499
857
1442
1381
1295
235
830
840
1291
980
1049
1344
1291
---------- Evolution 22 ----------
1181
1275
1313
370
522
1282
1260
262
1414
1188
635
266
889
488
356
382
1220
324
1090
1216
441
237
1245
1375
565
620
1385
---------- Evolution 23 ----------
953
254
793
1061
231
511
1124
726
838
975
1474
1146
1393
542
881
1242
269
895
1492
664
295
501
213
495
516
420
691
515
941
1370
1052
834
639
354
1095
1053
1080
1093
693
---------- Evolution 24 ----------
887
434
1197
821
560
518
949
1015
394
684
471
1285
303
548
294
1348
745
1023
240
883
490
622
1244
1258
1288
1474
1389
280
483
1270
897
1357
1247
1175
549
950
1065
548
1405
1374
556
1155
320
335
729
---------- Evolution 25 ----------
775
447
900
483
1201
1034
1321
1456
1165
251
761
971
1464
1449
628
1398
1101
853
1271
1059
1087
294
620
872
843
442
672
1351
411
769
246
857
1398
463
969
1395
1067
777
---------- Evolution 26 ----------
458
1107
270
1147
1432
772
398
1368
939
1058
239
1200
---------- Evolution 27 ----------
911
564
1119
939
1473
1189
598
1273
947
583
1279
1243
1484
539
793
1305
800
1119
1477
438
984
655
211
1054
402
---------- Evolution 28 ----------
1434
493
725
797
1441
1224
983
1072
709
957
516
807
656
885
907
449
884
884
1067
339
758
816
828
627
611
618
1071
1113
---------- Evolution 29 ----------
1495
1276
479
1477
255
1380
1024
833
1258
665
723
381
827
537
1213
947
231
1193
963
875
1325
1380
276
630
1279
1121
792
875
797
784
521
209
1309
348
300
822
1461
1034
1139
649
677
673
842
556
865
408
1144
427
---------- Evolution 30 ----------
1396
614
1427
882
805
771
721
714
561
1436
394
673
910
596
1468
902
1107
508
1184
271
753
1212
1459
624
456
1150
1410
490
1490
356
1320
1101
812
383
928
802
828
861
349
230
458
206
1216
351
600
1467
---------- Evolution 31 ----------
252
362
408
1141
1392
1382
266
649
749
1072
391
1253
327
962
1487
1437
604
