---------- Evolution 1 ----------
642
---------- Evolution 2 ----------
224
1280
217
968
615
1392
883
330
942
1114
1219
324
973
1069
888
1171
1190
718
340
1245
881
417
572
846
609
1338
1160
226
552
1318
410
1326
1268
1025
1406
1241
277
294
1010
1180
---------- Evolution 3 ----------
1355
808
550
300
1414
292
1259
1273
1058
1100
473
1174
761
319
1254
676
613
1199
500
1258
748
269
690
1492
1053
1249
1216
1059
472
468
1284
539
235
897
1257
205
311
274
859
907
---------- Evolution 4 ----------
1135
256
1462
216
1323
1305
994
1391
1086
427
1199
691
1340
445
721
537
---------- Evolution 5 ----------
772
1240
626
518
1025
222
758
780
905
585
578
860
980
1375
650
671
584
1185
455
505
964
681
1120
1050
470
1189
1325
1415
569
814
592
1026
888
1226
737
439
867
820
1284
569
379
399
---------- Evolution 6 ----------
678
493
1143
1051
608
793
1095
1151
552
534
716
1254
356
490
786
251
954
429
1036
437
492
656
873
561
1459
---------- Evolution 7 ----------
1150
1037
1394
647
613
713
938
383
760
389
946
627
1208
466
1256
1176
1194
1315
497
1318
897
1191
932
323
1469
988
488
245
1354
1160
1010
808
370
931
702
1202
562
448
924
1051
1321
1471
371
1072
1182
1156
1219
---------- Evolution 8 ----------
926
1126
---------- Evolution 9 ----------
835
794
832
1090
1101
244
248
251
323
1210
1223
948
442
857
302
1231
1062
755
246
763
---------- Evolution 10 ----------
451
631
952
1172
880
801
667
230
1297
1126
---------- Evolution 11 ----------
215
1382
731
886
1032
1401
264
1313
713
1079
244
1050
1109
1164
448
634
808
1492
1492
949
1060
605
661
1193
615
---------- Evolution 12 ----------
566
945
441
336
560
299
723
864
957
893
894
561
962
1247
882
1339
458
554
1036
213
1391
1175
1249
1474
895
417
714
824
237
421
1452
852
---------- Evolution 13 ----------
1035
1068
978
821
838
1193
788
821
428
1473
500
941
808
560
808
313
780
782
829
642
340
644
266
692
907
901
374
918
750
1448
---------- Evolution 14 ----------
1306
563
359
834
231
273
1449
1039
1277
1101
1431
945
1099
1155
837
471
1452
740
531
904
523
1196
251
1198
315
825
425
395
936
870
654
606
1430
---------- Evolution 15 ----------
1181
942
906
1376
1430
1112
1499
702
658
202
1304
426
779
447
1360
677
802
1351
818
301
1441
805
1408
1326
467
---------- Evolution 16 ----------
1277
741
534
756
540
793
1013
686
430
1054
1126
1353
428
1074
632
1232
456
1209
290
1320
418
569
705
1345
401
802
1460
---------- Evolution 17 ----------
1373
971
326
1417
330
287
478
445
1066
1191
937
602
473
1264
956
1482
654
796
247
469
416
874
1016
858
959
915
741
457
565
612
1350
224
672
1200
216
1186
1137
1049
1323
1465
230
695
---------- Evolution 18 ----------
678
426
1478
1285
526
768
492
1374
493
1406
1223
1221
894
311
1052
1218
591
361
628
948
1355
434
218
763
663
396
292
924
377
849
1033
1447
1300
1082
1015
903
271
992
1431
380
340
344
---------- Evolution 19 ----------
709
625
1175
1297
911
543
462
1225
583
636
666
205
1210
889
1217
543
625
219
801
1052
810
700
1457
1253
1218
1395
634
496
1367
675
910
868
685
787
1496
1058
1006
1466
219
1232
---------- Evolution 20 ----------
414
1168
1192
1333
736
1297
1472
1365
635
784
1099
487
622
1329
760
792
1340
1214
1430
1254
1257
1145
500
1128
589
870
793
987
519
550
843
1036
654
1348
280
949
1324
851
1060
325
828
705
405
---------- Evolution 21 ----------
686
893
1079
---------- Evolution 22 ----------
292
268
767
1458
215
1091
510
975
576
840
732
420
1228
1326
395
497
759
473
1270
1474
1155
447
678
917
815
288
496
869
1038
1420
1177
732
---------- Evolution 23 ----------
670
714
313
1058
1121
1233
450
838
874
718
239
1251
218
1170
636
1036
1246
933
756
293
394
285
564
1218
978
686
455
310
769
751
633
876
684
720
457
625
674
862
694
375
853
316
1405
850
529
952
1379
---------- Evolution 24 ----------
651
1480
1476
916
304
208
356
623
707
282
1394
1346
1392
497
547
932
318
348
1117
721
1404
243
405
1166
600
1251
779
901
1288
320
380
---------- Evolution 25 ----------
1223
1121
425
492
405
1189
266
1443
739
---------- Evolution 26 ----------
1289
281
547
249
1099
863
1361
885
1035
1464
237
245
1225
1440
1127
824
552
727
1112
281
624
1429
1196
431
786
1033
896
996
438
1423
562
1284
211
439
252
1422
431
1125
1369
873
637
845
737
1114
884
364
1426
759
---------- Evolution 27 ----------
777
578
618
579
1252
671
937
758
912
612
1087
1007
586
1421
1126
435
1183
473
578
927
885
458
432
337
559
1352
1424
1255
457
418
1263
---------- Evolution 28 ----------
632
995
860
235
1184
1295
385
618
1365
588
695
1132
1426
1452
958
409
537
788
507
1475
608
643
1089
411
1095
880
201
407
1047
436
1271
986
717
1479
1068
1484
948
562
1058
1332
746
691
805
818
---------- Evolution 29 ----------
744
1333
1213
1444
1104
1048
907
1112
339
327
255
1083
356
1183
1326
1202
251
358
1488
1123
691
305
985
938
1307
845
319
302
---------- Evolution 30 ----------
1092
1475
1420
1113
472
379
1433
1478
1278
1012
791
784
1469
426
1051
1411
1115
1337
1005
393
433
668
801
1017
235
650
1461
1078
906
1499
755
1001
886
1322
1227
864
1306
1280
1403
242
607
603
536
676
247
1403
1297
---------- Evolution 31 ----------
1407
399
1319
1340
740
414
801
726
338
405
341
1250
1306
505
1087
269
396
780
1082
428
1473
1085
1455
429
300
828
711
532
1481
438
1311
1484
1393
1389
870
1100
---------- Evolution 32 ----------
336
271
---------- Evolution 33 ----------
325
1321
883
---------- Evolution 34 ----------
493
286
301
750
458
587
1487
1462
1373
530
295
312
948
1158
653
559
652
276
941
1448
1319
1055
873
905
466
1304
885
1385
1006
1217
686
629
1282
1156
1303
456
1429
733
906
1476
760
559
921
793
