---------- Evolution 1 ----------
1321
1074
1404
693
452
924
722
513
1465
1470
686
505
899
1245
1437
246
375
1458
831
---------- Evolution 2 ----------
1205
555
1293
572
369
872
417
407
450
825
1171
1324
1463
1027
627
350
205
1337
699
625
590
1034
1042
497
993
873
1218
688
---------- Evolution 3 ----------
1430
1253
606
242
888
386
1273
1168
807
1288
543
1356
1181
1254
920
1342
320
206
1193
1070
1042
1474
1373
378
992
398
1467
942
894
1262
646
1493
758
---------- Evolution 4 ----------
648
902
1129
1095
1415
549
1059
204
1334
1374
1115
847
634
1226
---------- Evolution 5 ----------
1329
839
619
1416
705
1133
1110
902
820
450
641
622
707
231
242
731
867
240
1009
312
859
958
524
345
1031
---------- Evolution 6 ----------
839
1165
301
1139
994
619
1230
1467
1325
519
898
707
896
695
949
653
1406
1046
1377
1111
435
879
1116
822
1220
443
1241
1185
213
1026
1261
---------- Evolution 7 ----------
1024
1087
313
1031
1126
653
1443
269
1374
449
512
1173
1255
537
204
342
1172
590
295
568
968
895
1107
1093
666
---------- Evolution 8 ----------
969
1482
702
268
923
358
1369
320
1152
371
1200
829
1474
1391
---------- Evolution 9 ----------
1323
849
796
1477
1005
1373
---------- Evolution 10 ----------
1338
1075
293
1254
428
1391
809
215
1111
388
504
798
1338
1420
1375
274
624
923
675
296
404
1386
748
1089
1244
681
528
1451
1458
523
393
1196
502
1369
421
---------- Evolution 11 ----------
796
1336
443
620
475
927
657
841
244
1164
1353
260
1463
818
836
840
446
1312
825
1292
960
911
1425
263
1330
1092
644
530
676
436
1466
1487
1185
---------- Evolution 12 ----------
1122
314
576
579
289
812
1104
1497
597
662
1206
257
835
1498
1457
764
1353
441
786
1426
993
---------- Evolution 13 ----------
1477
523
1361
1374
1300
1126
507
1334
235
1407
689
591
522
240
366
963
---------- Evolution 14 ----------
1230
348
212
581
1360
972
989
213
655
705
564
226
1452
868
896
933
788
669
286
350
1271
733
330
918
1340
1413
1039
661
653
1442
809
1481
470
---------- Evolution 15 ----------
401
990
1427
1271
1282
1165
657
1422
889
1216
1223
696
408
267
750
604
748
397
---------- Evolution 16 ----------
850
211
564
1040
303
---------- Evolution 17 ----------
1329
367
1493
820
1113
854
1077
777
993
579
1261
828
787
---------- Evolution 18 ----------
497
1103
688
1293
1050
537
1140
996
843
556
1488
1196
745
955
259
311
1061
773
666
1414
847
1196
1112
585
524
918
667
---------- Evolution 19 ----------
513
1117
615
1054
1204
717
953
343
927
468
1030
293
446
1469
410
1218
982
662
569
295
356
457
870
---------- Evolution 20 ----------
264
554
566
683
743
732
423
855
1121
1043
877
---------- Evolution 21 ----------
1359
918
711
398
593
873
210
225
425
647
311
366
676
961
329
226
1457
1178
1239
961
276
1009
---------- Evolution 22 ----------
797
876
230
965
671
779
1106
853
1046
1080
1439
727
1043
1248
1023
528
844
1207
280
918
357
871
1488
1291
1215
509
1270
567
1027
867
1107
842
246
699
1316
918
956
---------- Evolution 23 ----------
737
1489
592
945
1356
367
1297
477
514
514
1486
456
770
465
1455
909
1433
476
1356
968
---------- Evolution 24 ----------
1044
1050
451
739
737
407
471
770
1102
857
---------- Evolution 25 ----------
463
730
991
226
1319
1035
860
1254
433
642
1026
726
1126
1381
1067
442
1177
1229
1328
552
453
1157
994
1188
1402
766
1433
665
1295
313
574
943
1446
---------- Evolution 26 ----------
814
503
1157
282
498
830
488
392
422
253
946
303
1047
744
1161
1018
851
1322
---------- Evolution 27 ----------
566
1041
637
736
272
812
381
509
1393
1416
1343
1029
1068
356
409
758
1079
560
895
436
997
299
904
975
632
340
908
1126
1458
542
590
358
1495
927
315
1251
463
---------- Evolution 28 ----------
481
676
458
1012
244
1304
1313
845
1352
571
1443
450
980
549
657
1411
588
1156
1354
1329
365
344
468
383
1045
364
804
961
740
---------- Evolution 29 ----------
581
1048
713
442
499
607
607
1248
331
---------- Evolution 30 ----------
541
1309
1386
261
676
1151
294
---------- Evolution 31 ----------
1478
821
762
1126
312
816
1497
951
859
796
1059
1174
247
1155
688
967
1124
1092
271
575
296
1082
1129
1066
835
---------- Evolution 32 ----------
1493
1209
1428
1131
255
1200
772
1128
462
293
405
882
537
1103
1121
1082
1122
402
903
363
1163
1093
910
817
561
883
714
817
526
736
1064
930
524
916
874
---------- Evolution 33 ----------
1442
1331
1235
1172
366
909
200
1302
275
762
627
470
995
---------- Evolution 34 ----------
223
323
1023
826
828
473
491
785
982
225
1118
742
823
1094
976
583
1201
1332
296
1007
565
1219
1013
1221
517
1460
273
1323
