---------- Evolution 1 ----------
883
1401
925
1316
1146
382
1224
1397
683
1169
347
1392
1301
791
718
320
---------- Evolution 2 ----------
303
1364
1184
486
1187
584
1338
---------- Evolution 3 ----------
790
1322
1353
---------- Evolution 4 ----------
544
1135
1351
968
318
1456
1359
---------- Evolution 5 ----------
1356
823
816
583
718
---------- Evolution 6 ----------
1221
476
930
994
---------- Evolution 7 ----------
419
672
554
668
594
309
1443
1330
950
---------- Evolution 8 ----------
419
1055
1447
1214
783
336
1353
521
645
214
1471
733
748
211
603
384
1294
399
1470
899
1214
801
493
824
1053
665
514
565
916
918
327
1092
1391
721
1051
1012
216
1227
548
1469
1106
361
240
693
514
897
454
1191
834
---------- Evolution 9 ----------
874
1127
577
1354
1159
1382
1491
1122
271
1315
878
1123
568
1420
1458
245
1376
1143
1070
1134
202
1120
1033
1288
414
987
---------- Evolution 10 ----------
1173
882
1204
1205
732
838
892
1227
557
1483
1445
656
837
1089
586
322
974
926
1043
485
1084
399
1410
839
253
601
646
977
376
1269
785
1200
1099
988
1399
354
297
901
1226
1491
969
941
1382
---------- Evolution 11 ----------
378
1191
366
874
1018
537
1272
1234
848
958
328
1484
1480
1323
225
787
791
453
1337
891
391
1183
1493
1357
910
907
665
1069
1162
---------- Evolution 12 ----------
1268
499
486
790
517
314
1105
338
473
829
1161
1195
909
1143
450
1040
1383
1424
1484
1401
1316
636
1436
1040
362
1155
554
1058
1495
885
502
1202
522
1483
1099
1289
546
715
565
1107
825
745
1272
509
445
842
---------- Evolution 13 ----------
789
626
1114
1386
1281
---------- Evolution 14 ----------
258
1308
1370
1384
1132
1183
249
---------- Evolution 15 ----------
1233
1485
1413
465
806
1083
1103
885
991
200
247
1277
881
1054
836
756
499
1215
870
754
504
934
238
1232
458
792
609
1126
1006
765
1173
334
232
1202
814
1343
997
752
1494
573
778
666
319
1142
604
282
---------- Evolution 16 ----------
933
524
1230
875
540
795
748
613
909
847
410
1434
1004
480
978
1223
1385
386
1399
924
752
1227
1063
1307
439
345
1145
584
818
323
1102
548
---------- Evolution 17 ----------
1056
1312
1153
261
235
1437
843
1397
650
1468
1121
701
1465
1175
603
847
1325
770
1134
809
950
305
912
1251
810
245
621
1378
373
1330
794
959
---------- Evolution 18 ----------
865
439
959
861
724
866
373
665
589
1349
475
466
1295
577
1433
650
1180
1426
1487
945
436
211
505
1318
490
1076
407
1142
490
1494
1012
1214
410
643
1387
1441
1229
454
229
531
800
1439
1454
---------- Evolution 19 ----------
1495
620
224
876
873
442
628
525
1323
1232
1370
402
295
661
648
---------- Evolution 20 ----------
944
1250
551
214
793
1493
682
423
1312
935
1482
304
204
570
692
1353
563
---------- Evolution 21 ----------
761
1233
446
1159
369
872
411
509
1235
287
1380
1471
362
1384
1321
806
687
1296
1088
1225
650
1433
382
1137
1248
377
1174
787
1483
609
349
203
1011
910
1372
1464
1066
485
410
---------- Evolution 22 ----------
578
---------- Evolution 23 ----------
744
969
1264
1450
1364
1206
677
835
294
976
---------- Evolution 24 ----------
671
910
1068
648
437
793
1058
375
823
1280
978
1475
321
890
1231
881
1270
591
1306
1070
779
279
395
559
1231
857
1443
532
458
1383
1445
757
284
940
792
812
---------- Evolution 25 ----------
676
1097
1123
329
730
633
975
844
770
1337
743
1442
558
1249
600
1045
497
1489
1389
1482
325
756
481
1468
487
1222
1180
1326
838
1310
699
1127
524
340
807
1018
898
600
1189
1477
1436
1103
746
---------- Evolution 26 ----------
405
944
---------- Evolution 27 ----------
1376
231
560
1122
236
1422
644
444
314
886
1487
1201
930
311
430
1223
852
739
216
1066
275
323
455
---------- Evolution 28 ----------
951
1451
977
1359
1233
927
933
666
1325
1342
554
451
301
333
1201
890
1172
1057
1382
912
1186
982
445
558
230
373
535
238
398
977
779
1311
853
1003
578
1260
358
1216
1093
1199
---------- Evolution 29 ----------
443
792
700
288
1005
755
454
1176
579
837
1464
1182
942
547
375
348
935
1487
1098
610
746
1116
855
286
880
1310
---------- Evolution 30 ----------
954
693
1445
215
1350
331
1455
626
1101
1055
741
1446
645
1038
931
1450
1079
352
1320
841
830
1139
938
683
1143
849
1412
1163
1216
900
1244
217
864
1214
---------- Evolution 31 ----------
1074
365
1297
1327
417
1185
873
891
811
1436
---------- Evolution 32 ----------
1341
408
757
1355
843
1252
850
1353
1214
278
1064
686
693
1136
247
541
368
1468
1194
1330
543
363
637
1101
322
432
967
246
427
1246
1355
1191
1263
892
1398
824
942
402
1419
302
1483
642
709
1223
1020
1216
---------- Evolution 33 ----------
299
1383
1482
1448
1430
980
1205
1236
1474
662
1104
463
936
851
884
285
472
549
496
793
1498
1199
235
228
1202
