---------- Evolution 1 ----------
953
406
501
1407
1016
1133
997
1111
1230
629
547
1147
885
1253
372
509
451
693
305
1334
978
617
278
1396
1179
838
588
---------- Evolution 2 ----------
1126
520
1045
1303
640
1117
1366
547
200
1169
---------- Evolution 3 ----------
835
271
879
1387
892
1195
1021
1065
550
861
523
996
954
1152
257
325
1469
203
923
454
847
1282
460
1014
911
613
1230
838
823
1324
1094
838
697
598
1176
418
382
994
1094
1110
260
---------- Evolution 4 ----------
1062
424
1368
1483
427
1201
579
483
555
766
386
598
945
217
621
1130
554
1165
1273
336
1419
1161
852
---------- Evolution 5 ----------
316
645
1470
328
571
1254
581
1034
1054
1347
1001
1402
1356
861
1298
402
553
1430
712
1494
---------- Evolution 6 ----------
760
1282
---------- Evolution 7 ----------
1404
657
1023
469
608
609
1338
1444
1444
402
873
689
1053
1341
1019
1103
1235
1380
382
771
782
794
580
337
799
1214
1453
545
559
1073
1431
1320
655
1068
263
1020
644
1227
596
1335
266
1022
493
1066
475
1484
730
1034
---------- Evolution 8 ----------
950
846
340
755
825
437
786
1447
741
1011
297
900
948
1411
485
920
537
1153
653
910
1100
1072
445
812
1326
1450
895
1370
1011
210
1119
1131
703
1051
916
433
889
---------- Evolution 9 ----------
1318
535
1067
1392
1070
1392
1127
1415
403
1287
906
791
380
1476
1046
507
1255
1382
207
562
1119
819
1220
502
849
852
234
931
372
---------- Evolution 10 ----------
997
227
890
1182
318
803
585
1251
1028
289
1018
632
629
1279
1186
890
---------- Evolution 11 ----------
1270
257
350
1260
1430
1019
434
1061
1089
1240
626
1320
1065
---------- Evolution 12 ----------
1043
340
1280
539
370
1415
761
361
1286
462
1288
303
841
1286
1260
1204
1079
944
945
713
