---------- Evolution 1 ----------
701
1388
789
595
1496
216
1298
1099
677
755
1040
785
281
396
743
1355
389
216
1396
1181
1397
283
360
812
611
431
367
1253
1475
---------- Evolution 2 ----------
295
519
348
207
529
1422
753
762
873
1339
491
1094
900
679
400
582
373
932
1425
1391
1208
1154
337
754
382
1098
838
586
355
---------- Evolution 3 ----------
417
257
585
221
804
1301
1099
1462
802
761
---------- Evolution 4 ----------
617
949
1294
853
253
1190
318
395
342
295
577
581
783
345
997
1436
615
684
1044
416
304
416
739
688
268
1137
868
1182
659
896
243
748
322
1128
---------- Evolution 5 ----------
1292
1216
802
200
983
838
686
1047
249
379
1012
618
1032
1127
1253
994
1197
913
1488
849
975
236
240
1408
1082
1491
1293
1491
703
388
339
941
617
935
765
592
1200
869
401
300
1197
1079
628
577
865
382
378
973
---------- Evolution 6 ----------
663
801
893
269
801
554
1012
720
443
271
587
1301
834
616
902
1185
329
1311
604
1437
567
908
1374
844
1102
419
926
293
1307
---------- Evolution 7 ----------
1495
684
819
910
920
356
---------- Evolution 8 ----------
626
1339
602
806
993
762
520
830
1015
225
871
1350
1243
1387
640
508
687
1220
618
614
1384
---------- Evolution 9 ----------
568
1346
656
1179
1415
230
---------- Evolution 10 ----------
1172
765
416
884
645
745
1139
824
246
218
305
1467
967
1041
1081
1151
1176
1255
302
728
546
293
982
396
273
248
840
1010
968
674
481
575
787
850
1269
272
522
---------- Evolution 11 ----------
345
1219
1293
1209
1247
554
302
1149
437
1099
487
699
423
654
1212
1368
1374
1394
241
735
217
961
1039
667
860
813
777
1495
1070
1497
841
537
1408
762
1223
1372
538
1332
---------- Evolution 12 ----------
619
231
1356
829
581
1367
488
1051
1132
1283
707
974
330
691
309
360
---------- Evolution 13 ----------
254
1356
322
255
1029
977
1448
261
882
638
1420
---------- Evolution 14 ----------
1483
1369
475
865
830
1364
775
854
1292
1181
896
944
1291
1143
1193
1107
1316
570
1022
577
876
757
---------- Evolution 15 ----------
1369
955
850
291
1241
760
812
646
1010
864
1387
852
1048
1460
1229
971
1443
491
1492
1141
1470
362
203
520
1146
384
1203
369
288
651
998
1220
1096
282
---------- Evolution 16 ----------
636
605
1295
331
1348
1015
923
988
1494
1120
1254
274
530
1374
280
628
1216
729
1178
797
1331
1463
1264
1368
1155
348
1380
1113
820
356
452
1462
562
1318
502
1493
329
1304
255
465
1167
654
---------- Evolution 17 ----------
1198
371
882
1072
653
942
874
726
1268
614
1026
947
1085
1166
1035
884
1493
1109
1414
611
781
693
1186
435
825
---------- Evolution 18 ----------
515
964
980
---------- Evolution 19 ----------
930
648
559
---------- Evolution 20 ----------
970
1385
717
972
457
1187
999
1190
214
1148
470
324
402
1037
927
510
1254
887
962
1157
885
304
1252
1492
353
968
515
