---------- Evolution 1 ----------
233
442
1089
333
1154
675
674
1184
1002
264
623
481
1005
875
1043
614
1111
1077
1326
1127
541
1280
1222
825
1377
826
1076
1487
801
1085
1403
982
1286
1003
563
1126
1415
1102
986
545
1107
---------- Evolution 2 ----------
280
920
1016
1343
991
1203
1397
1473
1142
1028
482
1431
1495
1054
516
1069
1079
1415
792
1466
353
1277
846
1283
1345
1114
1253
1449
346
337
702
961
883
308
390
1161
---------- Evolution 3 ----------
259
1454
1088
503
1165
1189
1325
1076
1439
1232
1022
463
268
777
1328
316
1152
1192
1300
846
488
564
1013
722
992
1300
587
449
1267
1073
1200
1203
1114
953
240
755
293
842
332
1072
1352
1398
315
1056
359
1406
1090
---------- Evolution 4 ----------
685
1297
630
695
327
556
1305
972
858
978
1118
884
609
1293
648
1133
760
888
836
1249
1324
1486
225
821
1423
771
902
337
1372
348
427
1154
1365
1192
512
692
775
717
675
778
1388
937
1461
741
1077
---------- Evolution 5 ----------
226
479
1410
432
950
422
332
639
1197
377
1042
1190
1095
240
637
883
1273
---------- Evolution 6 ----------
1271
489
1008
1443
659
1281
1419
1018
255
925
318
1492
586
1183
---------- Evolution 7 ----------
1305
1130
283
1045
249
1188
866
1109
368
532
1077
390
---------- Evolution 8 ----------
1457
1155
630
1419
1001
764
1442
995
462
720
580
960
338
649
439
885
901
939
1091
674
505
874
1431
795
965
1398
1414
1082
992
956
1410
---------- Evolution 9 ----------
1130
1345
851
1347
1045
1354
564
233
1460
1151
272
889
693
1365
335
436
761
324
1406
546
347
685
422
1205
575
831
1411
640
767
710
231
1177
857
1019
786
460
758
599
---------- Evolution 10 ----------
1454
1414
279
443
713
416
981
467
807
284
1120
676
740
1396
320
1066
1177
453
982
858
1343
1319
972
570
480
896
1261
812
1261
248
730
1455
341
1096
1160
275
1194
725
321
1391
421
856
---------- Evolution 11 ----------
1353
1364
678
381
1214
753
648
---------- Evolution 12 ----------
493
628
355
728
565
895
---------- Evolution 13 ----------
940
1169
522
559
1060
291
1064
1325
1362
415
859
964
766
838
769
616
1101
633
632
1386
469
338
1073
755
468
465
1252
1124
1124
335
472
914
1337
1387
1300
203
---------- Evolution 14 ----------
221
690
1089
653
683
936
836
511
363
1471
1157
538
738
1324
979
415
1272
491
1274
329
711
1029
1070
956
913
---------- Evolution 15 ----------
971
427
575
1153
403
871
623
1237
1345
1253
551
579
886
1488
1119
928
1168
1016
201
1400
398
231
964
347
1416
674
1493
829
353
981
1454
---------- Evolution 16 ----------
654
955
825
1240
392
377
1219
295
1390
249
877
421
516
442
1182
1228
868
435
326
978
1411
404
977
1263
1101
1116
466
1039
547
764
571
373
985
1340
752
519
---------- Evolution 17 ----------
635
1024
407
622
218
366
701
1177
548
1132
924
805
973
1190
1208
615
642
1069
751
1098
667
639
1080
1440
1195
1182
794
559
893
666
1084
308
582
546
1437
998
706
350
1274
840
547
505
1326
745
909
1135
---------- Evolution 18 ----------
1121
253
482
1211
552
751
940
228
654
1369
579
915
1459
204
324
1112
844
815
