---------- Evolution 1 ----------
499
1117
254
1152
1136
679
497
1072
1182
1313
1393
423
1063
1437
734
460
1145
439
438
717
1492
486
894
---------- Evolution 2 ----------
458
546
450
918
641
1253
1207
218
976
1458
949
1062
1478
1321
1062
925
1497
717
361
515
754
1307
983
511
757
972
589
559
1494
977
383
1212
1216
1374
256
579
483
432
709
1288
980
611
1109
1068
877
1448
1387
---------- Evolution 3 ----------
1286
989
359
276
1209
1468
425
612
238
1414
778
1042
517
1031
565
---------- Evolution 4 ----------
235
1178
955
1496
795
620
1439
691
669
677
667
576
885
1409
831
1397
946
780
314
---------- Evolution 5 ----------
1459
605
1251
1299
820
1045
450
580
639
1173
895
1002
319
1420
1294
830
1015
520
610
1037
1210
906
782
675
968
1151
979
1428
1014
1125
679
---------- Evolution 6 ----------
1073
907
304
895
1069
973
1453
1048
640
227
345
1147
550
217
880
721
332
1034
1397
---------- Evolution 7 ----------
1144
1178
756
1021
1473
417
564
1375
397
1398
411
754
1175
915
746
1398
1016
1295
414
627
1348
1139
1326
1054
208
873
1043
1421
1200
1382
1418
499
1372
791
1288
1035
931
---------- Evolution 8 ----------
1324
694
490
1278
1041
728
1307
1412
250
520
1131
1037
714
433
1342
259
767
220
242
703
515
1201
730
839
937
658
1079
951
339
998
1158
633
324
320
---------- Evolution 9 ----------
360
1411
282
501
901
1168
303
382
1240
757
740
1392
1461
567
772
1146
990
481
532
897
525
1214
551
1324
868
518
677
220
431
1111
321
1197
645
1066
729
898
1272
249
1173
1351
1120
901
271
925
1442
764
---------- Evolution 10 ----------
1492
1290
514
---------- Evolution 11 ----------
233
1342
494
697
1227
608
696
834
1413
339
929
1230
1383
489
496
265
900
---------- Evolution 12 ----------
1238
371
392
1322
1359
258
681
1280
556
1166
329
968
1345
532
931
892
452
1193
628
1270
855
1097
1496
214
1415
1406
448
1365
1447
300
1255
1332
801
1038
783
971
1187
1454
1090
1144
1076
835
407
1335
780
370
669
1201
---------- Evolution 13 ----------
211
1474
422
968
1159
440
1256
1335
572
740
532
209
1172
609
466
1060
814
618
412
1276
913
766
375
1113
818
1179
1276
689
906
318
937
1013
660
395
482
---------- Evolution 14 ----------
965
1480
677
540
1387
1187
357
296
220
671
982
1379
1161
1403
1103
1188
302
549
1321
369
670
435
1235
---------- Evolution 15 ----------
738
816
269
1028
328
1113
729
1176
1210
1087
1038
634
868
1362
243
1396
756
1069
1199
778
1426
922
1084
857
468
976
1297
495
619
1109
1267
511
975
314
242
1446
685
898
340
826
1297
---------- Evolution 16 ----------
763
1178
854
1485
1141
918
1105
617
776
380
---------- Evolution 17 ----------
1163
416
448
314
937
1084
1399
570
1366
779
556
1350
1233
1334
1157
950
1274
1456
465
590
1370
1146
406
883
201
468
422
840
---------- Evolution 18 ----------
1398
1238
772
365
1392
570
498
1067
1232
1396
319
796
765
---------- Evolution 19 ----------
959
1190
439
695
1339
1428
894
631
1435
987
966
1355
1423
881
405
406
1040
294
---------- Evolution 20 ----------
272
580
1034
275
775
1148
1138
465
544
1021
624
1457
700
262
1172
1205
858
885
729
690
214
1110
467
1405
1198
597
533
