---------- Evolution 1 ----------
874
287
462
604
758
208
272
260
1298
305
562
542
565
1453
807
1190
540
743
679
413
1188
1095
714
248
1240
1036
277
1202
1072
370
906
424
---------- Evolution 2 ----------
308
523
1152
657
1488
286
797
479
953
793
931
253
423
384
383
1481
959
592
1415
526
574
965
361
1328
460
1348
1417
394
1157
1206
440
548
853
303
735
647
357
414
1386
1401
482
230
1014
1391
1155
1262
1325
---------- Evolution 3 ----------
1088
766
965
654
1032
420
---------- Evolution 4 ----------
1303
686
670
489
1173
1131
491
743
246
1122
1294
768
1279
875
1450
1259
926
587
1227
776
215
248
247
652
799
1446
504
530
288
1236
798
708
410
1209
1015
473
1355
1071
931
1344
---------- Evolution 5 ----------
801
299
1021
478
1105
933
848
525
1129
1472
661
1255
740
226
635
1017
1028
1210
588
467
336
865
445
908
309
1479
1455
579
1168
996
862
1488
1142
1147
1454
1412
454
475
819
---------- Evolution 6 ----------
447
721
1125
209
---------- Evolution 7 ----------
538
227
734
976
294
1124
1171
309
740
---------- Evolution 8 ----------
1453
852
645
1325
424
416
861
589
1404
1254
1233
681
1366
1423
1150
463
1002
1354
1203
598
836
304
1228
---------- Evolution 9 ----------
357
1312
886
823
1254
588
306
964
436
574
509
1366
711
1480
1135
1179
424
359
893
1094
673
1245
665
925
1466
708
206
1198
330
494
946
351
1163
335
547
745
---------- Evolution 10 ----------
1473
794
689
778
544
1062
1271
1075
---------- Evolution 11 ----------
379
515
848
1265
1470
310
265
959
942
579
577
483
566
1300
451
---------- Evolution 12 ----------
310
422
1460
518
538
1385
253
1088
1384
1155
766
803
1276
1307
297
1179
1265
651
598
392
889
1353
1009
---------- Evolution 13 ----------
1384
973
334
426
1186
630
496
866
553
638
1381
384
643
1431
940
516
1164
591
1400
316
606
1347
686
223
1284
239
310
1055
1345
1476
1494
339
279
649
1316
409
1056
1288
441
577
305
402
---------- Evolution 14 ----------
436
1329
865
348
960
1109
231
570
654
975
993
1339
239
864
1209
305
775
520
436
551
545
1096
---------- Evolution 15 ----------
324
1338
339
651
1301
842
855
1090
1007
1485
739
335
836
---------- Evolution 16 ----------
455
968
946
710
1281
285
1155
1419
1163
677
574
640
419
421
1214
1153
315
343
617
1273
394
1009
1286
809
1403
291
811
213
654
1465
1284
1048
---------- Evolution 17 ----------
891
1210
1385
1083
448
1478
841
462
324
1067
485
1322
913
1232
1455
228
---------- Evolution 18 ----------
751
501
794
894
972
896
837
1167
1365
659
256
1017
754
688
1029
334
647
449
229
515
753
1249
460
712
333
1000
428
472
321
264
731
1164
727
311
472
274
1252
