---------- Evolution 1 ----------
687
1380
379
217
1189
1010
560
880
345
637
1391
1046
---------- Evolution 2 ----------
405
456
404
1019
575
761
886
1338
1146
1182
1332
1064
1059
1431
---------- Evolution 3 ----------
1139
1259
665
1052
988
1270
202
1484
---------- Evolution 4 ----------
1224
324
985
1041
891
418
867
931
1076
593
444
1435
439
1015
1474
1058
528
1201
793
221
240
324
1276
1185
446
1137
1006
601
851
1100
1166
1088
671
1394
321
268
923
1226
245
1236
931
1228
499
272
1381
---------- Evolution 5 ----------
1426
1052
1478
336
879
1323
839
1328
580
915
740
744
1187
775
1011
1295
1213
1339
623
1116
739
566
605
343
827
360
486
219
1225
324
652
1333
1456
641
860
---------- Evolution 6 ----------
1361
377
786
866
1237
372
967
626
687
218
228
879
1407
1447
1470
774
1497
597
1256
1057
1334
950
307
287
399
1257
1024
585
209
1281
413
831
1155
1017
444
1085
904
457
878
702
219
835
266
591
296
628
952
---------- Evolution 7 ----------
1148
1482
883
1300
978
1273
1096
1209
336
456
491
265
1446
732
210
596
1283
869
1051
1173
1217
1344
662
1370
842
201
874
518
1307
503
951
230
1012
689
843
743
974
1026
1055
988
1375
621
589
778
625
800
755
1254
---------- Evolution 8 ----------
748
1124
1292
471
1162
249
402
629
617
691
1235
513
458
1244
441
703
1042
---------- Evolution 9 ----------
1381
589
960
1062
600
1038
816
286
286
500
1348
1273
1123
375
1472
1001
495
1250
1195
843
907
1326
1496
784
934
1124
1132
1013
551
1350
239
428
1413
883
541
731
819
1031
254
1119
1250
1450
734
215
1016
508
791
1314
1048
---------- Evolution 10 ----------
896
880
731
470
863
1485
463
744
1339
360
1372
953
837
292
1163
939
803
1418
452
593
721
695
495
455
1477
920
1222
1206
747
514
1125
655
1132
1278
1402
593
253
1127
229
1334
1082
1144
500
548
744
452
---------- Evolution 11 ----------
280
925
725
656
1463
1011
469
1204
1150
1262
---------- Evolution 12 ----------
997
309
253
1098
1045
293
1146
455
528
1106
1433
1391
1319
702
1409
1496
527
308
1460
887
1307
245
347
1380
1296
