---------- Evolution 1 ----------
512
995
357
488
---------- Evolution 2 ----------
535
234
1385
369
1084
280
568
347
811
306
254
311
820
776
975
1115
903
1389
1491
926
1240
234
202
1287
1424
916
1133
1017
563
1124
---------- Evolution 3 ----------
820
763
836
954
877
279
817
302
1274
474
967
607
1358
1395
1015
1489
1087
361
1428
293
900
269
856
826
789
873
968
564
320
654
671
665
1013
737
1026
1017
451
---------- Evolution 4 ----------
971
---------- Evolution 5 ----------
718
1060
1154
1082
1332
245
481
338
457
443
624
634
725
898
236
641
421
---------- Evolution 6 ----------
639
889
1081
342
993
516
1162
773
455
1277
334
1192
---------- Evolution 7 ----------
684
852
743
222
310
1409
756
515
1181
1032
637
1071
1462
229
---------- Evolution 8 ----------
1308
943
571
1033
1115
999
1131
1127
243
1054
1178
1028
1084
1412
1310
253
1360
1085
1448
649
1002
937
1220
---------- Evolution 9 ----------
1055
697
1463
1157
1392
623
206
757
1043
601
1321
650
1337
853
938
613
462
1070
1097
1034
909
879
1172
1349
795
---------- Evolution 10 ----------
494
---------- Evolution 11 ----------
720
346
1464
1231
904
523
274
823
890
210
297
350
590
1206
733
420
1487
290
780
---------- Evolution 12 ----------
582
325
825
609
434
832
626
1228
627
815
679
986
353
320
501
1371
939
638
1391
1282
1317
494
232
388
623
947
1346
1138
1394
1250
1418
---------- Evolution 13 ----------
1341
434
784
1304
397
848
301
1049
277
1426
578
659
755
671
906
280
651
1297
1275
624
1105
1433
1133
1393
465
424
600
718
1051
250
1065
1231
301
562
1101
1439
251
370
1464
442
1067
1087
---------- Evolution 14 ----------
1172
696
866
889
341
1316
1391
499
989
962
466
1402
1069
1020
627
413
---------- Evolution 15 ----------
672
1354
977
1338
940
1396
1271
---------- Evolution 16 ----------
851
1229
983
339
---------- Evolution 17 ----------
917
536
661
1386
618
316
456
445
1016
1490
514
419
322
939
1173
1223
1165
554
666
1492
---------- Evolution 18 ----------
660
364
1251
1010
1423
922
253
1250
600
1064
1303
563
252
875
397
491
727
1123
918
686
1212
282
237
645
440
268
813
353
285
905
1247
1260
589
1206
359
752
1170
526
276
512
---------- Evolution 19 ----------
933
1339
1390
1139
1291
202
754
799
1114
384
894
827
237
1013
202
799
294
1279
1153
1262
267
725
235
673
1184
1386
836
1269
410
1207
1394
352
1159
528
1066
---------- Evolution 20 ----------
512
717
893
1291
493
960
609
1009
498
1321
367
1117
1446
873
217
678
881
---------- Evolution 21 ----------
851
491
1143
1098
474
829
1262
1378
1266
1084
789
841
903
1017
591
235
1445
1235
1273
1318
1046
628
836
662
1357
649
496
1489
696
546
913
619
1175
1392
1147
---------- Evolution 22 ----------
606
356
1330
1286
1261
720
988
1313
528
473
259
510
1266
1289
797
1100
1410
952
600
