---------- Evolution 1 ----------
840
1047
971
294
253
737
724
739
964
841
1285
607
1264
549
1433
757
333
983
638
755
1244
871
276
755
---------- Evolution 2 ----------
766
245
1276
864
617
1270
568
724
253
557
438
859
1347
1020
948
1213
282
1273
349
1408
1332
977
260
807
---------- Evolution 3 ----------
784
419
1056
1286
462
992
596
253
1174
859
365
972
487
---------- Evolution 4 ----------
1271
1267
782
752
965
912
1364
972
1009
379
1079
1412
1377
1081
351
1058
1117
447
1485
1004
1454
483
304
470
489
1011
634
779
1314
783
679
750
557
301
1379
1111
456
591
359
659
479
359
1160
680
1127
1037
585
1101
1253
---------- Evolution 5 ----------
475
1086
1379
258
858
---------- Evolution 6 ----------
1282
214
388
1103
1038
1133
1109
225
1145
288
1428
611
1413
424
413
648
1446
263
1021
1179
520
486
206
---------- Evolution 7 ----------
655
683
446
598
976
1374
239
855
977
808
1123
244
469
1227
911
1211
794
274
---------- Evolution 8 ----------
622
651
234
705
1370
600
397
400
1491
729
320
954
1449
1441
1362
1463
1232
293
1090
742
316
1270
1009
487
557
1326
1143
574
740
1182
646
764
1469
565
1047
---------- Evolution 9 ----------
1205
994
696
1332
1259
1193
271
284
1304
1177
357
688
1044
813
460
295
452
985
467
741
687
285
688
1262
627
1132
526
1395
1295
1154
310
573
1249
---------- Evolution 10 ----------
1029
---------- Evolution 11 ----------
496
921
1240
298
1133
380
486
1220
390
1001
1065
298
864
---------- Evolution 12 ----------
952
591
1413
1083
601
1269
733
422
385
446
785
285
816
1321
968
565
503
996
1129
403
---------- Evolution 13 ----------
520
421
280
493
791
1350
261
865
740
1058
565
1182
899
1269
---------- Evolution 14 ----------
1325
314
837
512
1472
1235
380
1126
---------- Evolution 15 ----------
920
1163
1425
282
1179
962
586
1424
835
865
1449
942
1101
646
788
1270
731
747
1391
1087
984
991
239
758
430
613
1098
1251
785
675
1094
1417
835
1144
1049
963
1066
289
846
1232
---------- Evolution 16 ----------
1049
1061
1222
942
562
1117
874
598
1017
696
1162
1269
1296
857
703
503
1057
609
444
675
884
426
481
889
302
545
340
1050
236
958
838
1034
1308
1038
1336
705
830
680
791
1079
911
1065
