---------- Evolution 1 ----------
457
1228
504
534
870
1340
978
1198
1022
259
1266
1168
723
951
1291
1047
1339
966
867
527
880
---------- Evolution 2 ----------
1141
1482
1472
926
1377
847
1145
1165
232
812
1097
969
609
834
902
1113
1077
1125
1426
817
1257
937
673
1273
1187
513
299
993
1250
1068
815
227
1059
1071
746
300
299
1347
1481
1349
---------- Evolution 3 ----------
1340
1437
497
1439
246
384
1405
1423
902
849
766
984
657
1047
813
1306
982
781
1235
1013
736
1093
264
1481
866
507
794
268
1104
1257
887
1112
573
201
921
629
---------- Evolution 4 ----------
897
691
307
518
1304
1092
431
395
293
1450
762
708
471
838
508
254
1398
1190
1125
698
1052
836
260
294
414
654
858
717
1409
654
911
482
848
680
528
640
1456
322
420
859
1099
1322
464
215
747
1345
1461
338
1277
---------- Evolution 5 ----------
437
661
1081
1382
835
1383
---------- Evolution 6 ----------
819
---------- Evolution 7 ----------
689
934
576
739
1302
1461
767
673
833
307
1271
547
981
1101
200
889
240
427
577
1465
786
804
716
1229
523
1017
544
557
1054
265
1114
1331
1482
518
455
531
951
459
---------- Evolution 8 ----------
1024
554
1007
280
648
775
288
1024
---------- Evolution 9 ----------
303
721
910
843
904
1101
1169
1190
1411
1195
---------- Evolution 10 ----------
393
893
1311
469
860
675
667
---------- Evolution 11 ----------
1479
388
829
1344
685
242
226
1441
780
635
338
---------- Evolution 12 ----------
1420
348
558
1480
978
468
587
1303
1198
914
645
622
893
1093
1084
393
358
1459
1055
867
1330
713
1164
856
1311
843
200
795
1286
1342
1438
1065
1497
1250
581
461
629
1237
955
307
1156
635
1039
561
1108
231
620
1130
