---------- Evolution 1 ----------
775
1277
1339
1311
1297
277
912
930
1194
888
---------- Evolution 2 ----------
820
1380
994
643
1118
1452
1245
---------- Evolution 3 ----------
1472
1025
434
1401
492
1137
494
627
1187
1347
1189
1407
1000
525
431
573
640
490
893
617
498
1472
565
617
244
1471
422
338
368
477
902
1237
747
898
988
1362
1118
1316
900
1239
798
432
---------- Evolution 4 ----------
981
762
281
1347
846
304
638
533
982
683
537
428
607
652
1340
800
1274
456
644
390
260
1272
602
880
1456
830
918
611
1330
630
896
215
1057
1345
885
---------- Evolution 5 ----------
1483
1423
934
938
267
1010
1100
1195
304
359
1254
919
1134
555
1120
1432
536
1157
626
666
1302
239
481
228
339
229
1115
908
603
901
485
215
1459
1319
870
844
596
684
1270
243
410
1275
---------- Evolution 6 ----------
554
1362
394
301
1032
1316
1292
---------- Evolution 7 ----------
1177
200
438
487
1021
606
1488
1439
959
524
792
299
1332
717
232
1313
1490
730
409
887
230
1115
906
902
358
1116
727
1000
996
1467
877
213
917
393
1007
943
660
232
1246
670
354
1100
729
739
1128
694
956
---------- Evolution 8 ----------
714
1453
1131
367
551
1364
414
640
355
545
1383
969
1391
784
974
793
470
456
222
828
707
640
327
1440
389
572
668
682
432
885
298
1315
---------- Evolution 9 ----------
1477
1105
556
261
1161
902
1314
850
797
1363
549
1128
480
489
1357
702
733
604
961
439
828
1263
1392
379
969
1092
624
632
758
548
---------- Evolution 10 ----------
399
460
1147
1195
1150
662
1451
1034
401
1084
1223
922
1012
243
1436
958
575
588
935
966
---------- Evolution 11 ----------
1499
494
---------- Evolution 12 ----------
675
450
527
301
460
539
1049
1243
298
1333
1492
1264
1101
393
476
759
772
792
1219
453
757
739
969
250
1414
977
1066
1286
374
965
844
1310
950
1032
799
1453
549
---------- Evolution 13 ----------
1498
1404
455
388
619
1021
805
1335
553
717
465
1004
1190
793
1204
540
408
335
376
627
284
694
608
834
431
1077
773
1185
1034
371
816
401
792
1333
509
1018
1225
666
700
919
1472
334
834
434
---------- Evolution 14 ----------
1498
1233
1234
239
1337
580
636
1407
1490
1003
779
412
288
317
999
401
1290
1435
261
1153
1003
850
1415
807
720
928
241
682
915
1231
873
740
295
1306
1278
408
597
223
448
275
1096
794
459
386
1498
---------- Evolution 15 ----------
216
604
1037
1281
919
410
1211
900
---------- Evolution 16 ----------
602
1371
593
380
343
834
1174
1098
740
512
344
947
524
1465
556
1240
532
673
909
860
655
1454
719
358
886
1212
1042
1164
816
280
---------- Evolution 17 ----------
1023
800
419
1332
374
1369
337
1021
587
1268
1007
1175
---------- Evolution 18 ----------
570
1249
1361
920
1316
876
1149
342
1399
743
1368
1145
1312
1049
1032
651
819
1390
1066
246
550
697
1366
461
392
569
216
525
1298
628
521
1374
831
871
970
1214
1276
356
765
970
---------- Evolution 19 ----------
558
1024
529
773
601
753
1392
1144
233
934
1136
1277
1038
800
1455
1182
309
208
379
1458
764
544
1468
838
1111
506
1357
864
1246
232
1305
1295
1400
599
1285
384
1201
1420
925
---------- Evolution 20 ----------
1461
1155
417
468
456
586
1095
586
1286
503
747
688
251
842
1301
1004
1471
713
1442
807
259
1381
1494
910
235
1111
1358
1416
833
1051
542
368
1000
497
487
377
---------- Evolution 21 ----------
1402
1206
898
916
724
1481
838
1225
1027
1267
946
782
907
358
721
637
835
1316
623
1090
1346
1231
1286
982
674
285
1203
1293
1112
982
207
865
1334
1286
446
901
809
773
753
388
---------- Evolution 22 ----------
797
1112
671
1084
1143
1239
1402
860
1037
1432
218
1351
927
1195
437
552
527
1271
637
1440
256
701
627
893
1480
442
317
1206
1386
319
495
1087
883
1263
855
453
944
1482
1352
836
413
---------- Evolution 23 ----------
609
1048
349
317
1342
255
1418
773
1163
737
1268
1403
289
428
511
980
282
1051
1344
901
1427
946
415
432
1040
1444
618
454
603
360
639
---------- Evolution 24 ----------
1287
217
746
1077
643
923
617
419
564
1213
351
315
1245
1354
323
1309
1106
1189
959
351
1032
800
748
1275
872
348
355
970
515
823
789
---------- Evolution 25 ----------
408
842
581
1122
1495
1222
947
1452
611
374
728
278
781
1072
862
1404
409
1261
---------- Evolution 26 ----------
729
1126
571
804
245
817
615
648
228
587
1237
1321
1413
866
981
1439
838
1060
946
---------- Evolution 27 ----------
948
816
960
1402
257
486
1132
1462
579
212
860
542
---------- Evolution 28 ----------
542
655
1463
681
248
602
1483
1313
1481
908
347
618
1201
1454
310
915
1020
919
---------- Evolution 29 ----------
772
700
935
554
231
276
1095
299
442
449
1096
1058
374
1121
1249
725
741
1239
530
1367
927
1330
312
681
1420
763
951
249
1374
599
1258
1001
903
1045
748
230
1166
959
1448
204
---------- Evolution 30 ----------
550
450
805
875
829
401
242
435
1154
1440
918
963
1329
588
299
492
710
1441
457
1255
1000
1307
1075
806
1282
271
550
1473
718
575
579
860
992
490
1087
367
500
824
1149
822
426
423
810
431
295
---------- Evolution 31 ----------
1390
473
879
1102
362
1309
1497
1436
1327
1260
533
360
417
1477
1352
1484
886
942
1371
570
1069
1027
746
1141
515
1427
860
1267
258
1203
---------- Evolution 32 ----------
1159
896
1366
1264
1089
1358
1383
873
741
824
509
708
1019
672
592
745
722
1054
1240
1033
1435
1057
755
1146
927
383
1026
402
201
908
496
487
1176
533
960
1384
1068
697
297
739
656
---------- Evolution 33 ----------
207
1316
735
339
695
685
335
999
916
861
234
385
1280
406
930
1410
---------- Evolution 34 ----------
947
786
1187
213
1026
1188
---------- Evolution 35 ----------
457
396
606
456
446
381
213
436
231
1427
1252
218
240
391
987
1214
278
1459
620
513
1310
1247
804
452
872
203
582
1138
418
223
309
1251
