---------- Evolution 1 ----------
341
913
204
919
362
1482
1462
220
794
301
1498
797
674
1372
942
700
919
1155
897
524
435
359
598
750
400
1217
---------- Evolution 2 ----------
944
1135
626
678
339
1430
---------- Evolution 3 ----------
760
856
1368
233
477
685
---------- Evolution 4 ----------
216
1004
868
---------- Evolution 5 ----------
202
328
982
996
1496
911
1164
483
1129
204
241
1019
1170
645
961
335
1336
1125
1108
725
653
310
1353
1404
971
1371
848
688
862
893
1131
352
250
275
1009
862
1009
1454
---------- Evolution 6 ----------
429
1219
643
1360
535
526
1218
1115
717
1008
877
611
714
913
728
1274
1097
462
231
1323
841
1126
1017
1077
1491
898
1371
626
288
1348
967
266
275
1453
404
255
1333
1463
---------- Evolution 7 ----------
1429
1448
441
549
1073
1032
750
640
1105
1472
654
204
1032
980
868
1251
647
865
411
217
1349
1355
1224
1036
1344
459
1249
433
848
1273
1184
1453
1418
905
379
1281
434
1342
1004
546
1030
327
366
299
1350
351
1317
244
247
---------- Evolution 8 ----------
342
1156
1052
1462
1198
417
358
473
534
875
293
1008
564
273
1404
776
1440
242
665
791
273
375
1232
1107
1277
778
308
---------- Evolution 9 ----------
796
1225
984
677
530
1071
1144
604
538
465
458
1117
1034
486
1010
1072
1047
455
856
910
949
1196
1142
1234
1302
---------- Evolution 10 ----------
598
609
967
341
---------- Evolution 11 ----------
738
1207
940
330
385
631
712
690
1286
972
732
1349
1050
876
692
1212
746
1370
1001
1255
1360
1243
1364
946
785
834
308
278
488
1062
---------- Evolution 12 ----------
373
235
933
1362
1352
358
277
1398
893
967
1298
625
427
818
734
---------- Evolution 13 ----------
355
587
1284
221
1324
1238
1196
707
426
1364
1034
629
1126
209
1146
439
1178
1390
304
861
722
1267
793
400
1420
359
422
272
1485
1385
340
735
571
1332
558
1167
584
1018
369
1162
1300
886
---------- Evolution 14 ----------
1211
790
913
296
1039
940
1140
625
1211
326
1008
944
664
690
310
1288
439
1480
1277
357
654
649
989
1088
---------- Evolution 15 ----------
1106
841
573
990
427
1293
316
750
323
1283
1197
661
1032
694
736
856
829
747
439
1348
395
546
1242
468
1109
1018
722
1383
1052
1315
888
1072
1358
566
296
778
---------- Evolution 16 ----------
423
431
1129
867
1373
825
1099
1078
1197
615
251
1378
719
1452
1240
1208
1315
656
780
1007
1038
218
531
666
737
324
774
813
859
816
1412
1494
881
1228
1244
891
477
987
999
1150
---------- Evolution 17 ----------
1342
1378
1335
1090
654
899
874
873
1183
769
630
502
531
724
229
630
1325
754
861
699
720
584
640
1022
259
256
367
1238
816
619
1276
883
1162
251
1239
622
489
489
875
828
705
716
1405
1211
501
928
950
---------- Evolution 18 ----------
569
1200
598
425
730
739
774
756
974
534
1335
482
1361
427
868
593
1464
574
1423
615
1079
913
1462
258
1413
1105
367
902
437
1433
1482
1320
360
1427
1443
608
305
680
1267
767
687
---------- Evolution 19 ----------
1015
440
1334
704
785
---------- Evolution 20 ----------
1108
732
974
937
811
683
582
466
251
463
441
406
322
213
495
1023
359
948
246
723
1312
395
454
756
217
620
918
915
960
1034
1145
394
273
1230
1496
516
1486
1211
1387
599
---------- Evolution 21 ----------
1235
918
647
1484
1349
1142
1044
1319
1455
1210
903
1391
1302
1252
1140
484
1406
1446
312
1238
839
210
202
549
249
872
317
995
711
694
442
571
1066
290
983
514
1155
659
1165
844
1227
1155
369
610
479
898
781
761
1116
---------- Evolution 22 ----------
676
656
306
1107
1001
921
1469
1040
624
537
336
1142
1055
873
274
748
435
936
734
470
702
814
---------- Evolution 23 ----------
346
536
1307
1158
730
350
266
---------- Evolution 24 ----------
508
---------- Evolution 25 ----------
1198
827
728
360
1048
961
1322
572
893
---------- Evolution 26 ----------
637
621
1233
595
1483
701
559
610
537
878
1126
1247
1048
937
1097
781
780
848
1440
1357
208
1019
407
1098
495
1491
1005
1111
320
1320
1180
1211
1400
810
574
215
---------- Evolution 27 ----------
1179
472
1177
641
1201
758
249
716
413
913
1368
1111
508
1277
1177
414
1316
1014
945
489
244
312
781
1337
458
1056
376
1013
925
1048
369
1262
1219
542
740
1068
1421
1268
828
---------- Evolution 28 ----------
532
313
1252
303
1140
1107
1340
996
1354
529
1362
409
1160
1439
1134
1469
1455
200
1118
237
330
1354
1224
1441
1222
1388
1138
1454
336
455
518
673
1304
1016
1194
1344
1112
280
1030
508
813
---------- Evolution 29 ----------
1496
1390
249
1327
816
---------- Evolution 30 ----------
441
262
349
1077
1011
997
1254
1119
415
1262
1065
530
368
611
---------- Evolution 31 ----------
273
977
574
668
678
1229
425
413
437
1352
280
1188
620
571
617
1191
392
452
1359
931
1414
1027
408
1383
669
916
1425
---------- Evolution 32 ----------
707
1334
368
889
1461
1374
1496
1403
688
462
584
1411
276
941
1421
1130
410
500
1174
1251
436
1343
1236
1034
1399
1227
1177
470
640
1180
1061
343
643
1330
1412
746
1051
782
794
787
434
---------- Evolution 33 ----------
1259
1103
923
1153
1134
1218
1094
484
446
1241
690
632
914
1370
504
1358
1035
432
1301
1280
338
1085
1276
803
1467
1322
835
466
458
864
300
206
976
342
1252
821
---------- Evolution 34 ----------
655
686
224
1077
1249
---------- Evolution 35 ----------
340
1223
724
1227
1376
1204
1037
289
1048
1097
360
224
549
1194
951
