---------- Evolution 1 ----------
1330
1152
275
1139
1290
1161
1178
523
1329
274
583
1029
222
881
1198
1005
882
1163
1479
638
1462
1429
1262
1111
1320
278
585
876
1071
1218
1085
1315
1042
270
1263
1218
1360
692
1310
882
1036
469
824
444
---------- Evolution 2 ----------
1029
623
942
1410
307
1051
1239
1032
250
1091
1189
581
812
1357
1273
464
629
244
233
1376
907
318
1186
309
677
1167
358
1273
871
269
911
440
1222
1091
1465
912
333
1443
1348
1060
277
1223
---------- Evolution 3 ----------
1459
1432
1008
471
1464
987
280
1176
1227
1155
309
1008
856
937
394
466
892
1170
1312
938
1456
571
335
1404
494
1300
454
1079
268
1040
1277
600
1003
289
538
1122
959
1228
755
767
705
---------- Evolution 4 ----------
329
1236
1472
1196
1181
214
829
523
755
939
---------- Evolution 5 ----------
974
402
953
1041
591
1388
787
875
1134
660
323
227
574
1370
938
735
549
481
387
1026
437
1202
385
446
1243
581
793
1231
1241
1045
515
221
1066
1480
946
422
248
1227
1426
637
924
---------- Evolution 6 ----------
1190
1332
620
842
669
551
1308
1362
1494
654
336
917
600
276
592
619
309
1200
559
485
293
319
255
1255
905
772
433
678
890
1373
1010
686
747
595
306
1486
382
1429
1043
1113
957
1433
663
578
1333
227
---------- Evolution 7 ----------
281
1193
1005
1192
579
443
1330
887
1249
820
481
1298
1161
1089
---------- Evolution 8 ----------
279
525
747
241
930
839
1254
1433
986
280
1119
248
1291
347
1406
392
776
414
458
1152
961
---------- Evolution 9 ----------
685
1004
670
1383
377
212
787
730
348
412
983
422
1321
663
745
1284
755
1178
873
486
1231
1140
283
259
282
479
1198
1273
281
1352
377
1373
1449
1357
1356
831
612
349
871
717
925
---------- Evolution 10 ----------
1014
291
1124
421
270
829
1177
417
416
778
1008
685
359
461
---------- Evolution 11 ----------
1251
420
918
563
455
507
1336
831
739
412
1073
1002
1372
1373
667
1301
1076
892
---------- Evolution 12 ----------
368
376
1377
945
1293
1478
485
278
1489
390
---------- Evolution 13 ----------
245
1185
559
965
813
796
1281
1314
680
887
1330
949
253
1273
330
876
397
284
925
823
810
---------- Evolution 14 ----------
346
881
770
1244
249
834
1231
1180
1397
513
1423
1221
405
1308
1367
286
1388
---------- Evolution 15 ----------
1241
1217
530
1327
1407
617
979
293
208
1190
228
1284
1042
1257
361
491
826
1249
