---------- Evolution 1 ----------
557
1329
463
1066
1039
374
1074
997
1486
810
446
1439
491
1174
496
1087
479
744
1058
1384
906
466
223
219
628
1153
1106
336
394
850
1099
1076
1457
1165
879
1250
521
864
819
429
1201
960
1286
313
408
1171
813
---------- Evolution 2 ----------
1058
---------- Evolution 3 ----------
704
1141
509
293
880
299
1246
448
596
553
1215
1068
487
943
702
916
785
961
953
730
1144
1287
206
1092
963
915
1444
633
290
1107
1222
821
---------- Evolution 4 ----------
1475
361
1226
1139
391
702
818
705
1416
723
436
253
881
745
1010
979
799
213
694
1133
1440
206
341
491
676
1195
533
793
409
368
1463
786
529
---------- Evolution 5 ----------
236
1322
1163
1383
1290
969
326
1358
1111
956
805
1425
459
235
1121
1140
850
1399
1443
1076
828
1434
1211
1386
395
1000
484
1230
1313
1486
350
517
1281
1460
241
413
948
1327
766
1183
484
1452
1105
898
1380
1113
940
---------- Evolution 6 ----------
701
939
856
1356
1026
1417
1012
308
1370
1086
978
632
346
303
1243
1008
622
1281
820
1373
378
1354
1433
428
891
1365
709
645
1229
---------- Evolution 7 ----------
841
944
328
1182
920
1237
1053
1330
1487
959
1405
851
1101
1128
1206
1396
454
940
1072
1095
986
457
717
983
724
1026
396
382
1096
1285
297
1468
814
1120
1153
684
1025
816
1062
235
616
981
1297
---------- Evolution 8 ----------
324
970
991
294
420
896
594
1160
349
889
1042
593
938
1206
759
1057
1309
1155
534
745
1267
1204
670
1240
751
1279
881
482
400
798
640
1037
1145
531
---------- Evolution 9 ----------
485
1348
297
933
715
251
538
598
1255
446
794
322
251
1400
896
630
433
1412
562
347
1137
885
761
1035
1155
1039
934
366
544
910
521
1484
1097
318
731
1435
616
1121
394
201
1274
1356
875
332
1333
264
880
---------- Evolution 10 ----------
771
775
1015
1427
1060
476
709
433
648
1269
1023
274
238
1302
1406
1440
499
265
1166
1428
403
310
1295
836
1189
307
1468
767
563
964
235
1227
1175
1001
568
641
796
243
1451
1362
406
1234
1233
599
779
942
1092
282
---------- Evolution 11 ----------
929
423
975
783
293
1041
1335
527
628
219
1230
339
1066
323
1408
1120
1133
564
472
695
1263
1406
1247
1207
530
1172
430
778
1033
512
487
770
289
210
789
1336
435
237
260
239
225
1453
1337
449
328
930
---------- Evolution 12 ----------
1433
971
1357
887
1308
448
566
454
1419
1176
353
1393
1376
315
208
1330
---------- Evolution 13 ----------
501
1168
693
791
1101
1199
1353
285
548
631
1406
1347
315
325
1380
1274
1112
489
1208
1131
1269
650
1497
1332
1384
919
283
809
597
1400
1026
704
706
535
1204
1095
376
---------- Evolution 14 ----------
1166
1174
370
539
408
941
580
1317
953
623
1446
848
1349
1338
---------- Evolution 15 ----------
401
1252
1135
947
558
939
625
474
1103
965
1149
367
---------- Evolution 16 ----------
596
716
430
509
721
920
1265
710
914
1095
268
569
1081
1134
652
422
851
604
771
860
206
824
281
1413
848
712
697
352
841
1005
289
693
770
1455
599
1042
1177
962
404
1455
588
1402
---------- Evolution 17 ----------
285
356
781
346
313
1143
213
616
1263
1286
936
332
398
566
1210
228
370
1325
885
1050
1051
208
1360
1161
1197
1378
556
1286
426
1374
816
1200
409
---------- Evolution 18 ----------
386
476
518
252
410
815
570
1331
1124
1456
1234
1297
1127
832
1191
1261
407
689
995
717
---------- Evolution 19 ----------
828
769
492
1003
1324
892
963
442
224
601
1181
1191
616
319
538
236
643
515
746
1296
576
464
648
862
1152
632
380
265
1417
375
448
1103
1380
1128
1488
964
1347
1222
---------- Evolution 20 ----------
221
1107
1227
1132
906
1346
412
950
487
551
1178
361
617
978
941
1260
397
1240
901
1177
1018
523
1070
1241
1438
1460
1354
1020
690
943
411
394
1432
1011
1209
817
1300
1447
1379
914
967
1046
1489
1436
429
1443
748
---------- Evolution 21 ----------
1339
266
1140
1107
1430
491
1376
922
498
577
340
700
799
898
238
1005
203
1205
893
286
567
1044
602
869
1135
484
659
1242
811
222
1115
1282
579
614
638
588
258
831
783
216
410
932
982
234
916
987
---------- Evolution 22 ----------
1202
683
554
1238
503
748
343
1156
944
1097
1112
1008
438
810
1052
933
565
877
980
290
728
1098
573
1398
1467
532
942
1365
1232
662
504
1247
610
271
1231
1350
437
---------- Evolution 23 ----------
888
1090
551
1126
397
434
420
537
662
413
676
973
252
400
1070
1128
1297
935
1390
700
1232
544
475
288
728
667
322
1162
660
724
928
1064
568
844
414
1357
740
815
460
1443
1457
1356
1448
939
1107
419
943
---------- Evolution 24 ----------
366
890
899
1060
1287
1291
904
990
641
1333
511
624
752
1251
1048
281
1392
1440
686
1050
216
721
351
763
609
757
381
611
---------- Evolution 25 ----------
753
337
768
1414
1270
682
209
918
913
945
