---------- Evolution 1 ----------
650
1474
895
1327
1313
587
1045
753
1259
293
775
1043
254
764
882
1382
670
904
652
358
1460
1132
1192
---------- Evolution 2 ----------
389
670
534
1085
632
1081
1301
902
1305
447
610
333
1434
981
261
1170
981
664
397
390
233
606
377
443
1213
786
751
578
1459
247
884
792
508
1162
1276
---------- Evolution 3 ----------
370
695
342
1056
1279
561
542
247
865
1175
1462
1333
747
742
442
591
1208
270
1113
1159
387
718
896
1090
1078
---------- Evolution 4 ----------
1430
412
333
988
426
1065
679
743
1016
1400
278
526
1218
911
1432
1399
---------- Evolution 5 ----------
1216
1240
260
1475
999
1429
---------- Evolution 6 ----------
1364
1107
1032
990
1329
1117
287
822
749
218
299
274
584
373
1200
1249
1224
969
464
---------- Evolution 7 ----------
639
471
1184
768
1102
1093
301
1023
1166
297
1093
228
1180
322
1484
1267
672
1440
930
710
1368
709
1339
1303
374
312
851
1250
439
576
1415
---------- Evolution 8 ----------
1346
621
245
332
1317
1466
624
1025
1404
1295
355
1082
984
1324
1340
316
840
504
546
1148
1433
1399
532
370
1108
1019
1164
1164
346
470
856
1444
1071
248
764
749
1355
929
400
901
---------- Evolution 9 ----------
578
251
1354
601
1398
1230
1018
940
340
673
1348
441
1238
236
342
310
746
1357
1286
1306
1264
1343
384
1233
1191
1074
1194
799
589
716
838
269
1272
474
1333
1351
1131
651
1267
1188
761
734
1171
622
468
326
---------- Evolution 10 ----------
559
451
1377
230
811
349
767
593
221
851
1422
1207
1191
785
1269
358
480
1282
586
1148
603
1475
298
273
816
1236
881
887
232
869
1087
553
1417
1163
1412
1159
912
1174
1268
1271
---------- Evolution 11 ----------
1053
276
1449
509
371
476
644
1293
653
785
278
1432
1290
412
1435
458
229
391
440
982
1264
751
792
1056
1325
354
1489
712
702
696
759
---------- Evolution 12 ----------
953
899
1090
945
969
1475
379
784
657
659
239
913
1396
698
1018
1334
1158
234
1433
829
299
304
550
1388
880
470
1391
661
201
---------- Evolution 13 ----------
1282
1388
1197
345
1472
857
546
438
1074
705
1460
468
1301
1005
1362
1480
820
1463
1286
1398
347
493
474
1291
---------- Evolution 14 ----------
1239
582
1156
1087
1206
701
572
908
269
1077
297
1111
1474
388
515
1150
1271
635
1335
696
1105
798
836
---------- Evolution 15 ----------
977
471
587
631
---------- Evolution 16 ----------
871
389
493
602
469
903
971
333
634
222
1292
---------- Evolution 17 ----------
243
509
1272
1231
212
534
975
582
1380
575
724
848
1003
1114
473
720
501
526
706
377
389
1455
1452
1135
814
810
799
989
367
537
1253
1045
1247
245
1364
1404
991
---------- Evolution 18 ----------
1226
612
387
1126
1422
646
805
264
432
1321
1018
1102
1219
865
1035
908
279
1028
401
474
421
1235
490
324
742
---------- Evolution 19 ----------
695
954
1330
427
990
525
895
1277
466
648
644
1250
1473
1498
272
1405
1290
1151
538
1362
947
1483
627
318
374
974
826
465
1080
240
434
896
728
1250
774
921
---------- Evolution 20 ----------
449
1121
512
864
1313
251
567
575
633
1227
1355
991
928
586
398
1339
589
585
452
1055
800
268
1059
425
1201
574
1198
776
754
1203
643
1363
516
650
551
1332
203
1414
270
202
---------- Evolution 21 ----------
723
1208
217
1103
987
1377
314
343
1071
1231
1112
335
1257
340
1088
1100
394
1022
1270
740
831
1424
1364
1436
1283
979
918
688
363
798
771
1164
1065
875
938
591
1269
844
1411
210
---------- Evolution 22 ----------
279
245
285
665
1324
215
324
260
226
990
1123
1311
336
563
1054
1196
883
1450
623
330
1407
903
1349
1282
1271
650
---------- Evolution 23 ----------
484
414
1215
219
1100
1300
