---------- Evolution 1 ----------
333
807
627
1137
708
584
477
1220
202
588
422
303
1042
1240
638
228
725
385
1479
1232
1058
405
1144
1268
644
277
435
1205
862
1478
971
1269
716
1220
848
1176
620
---------- Evolution 2 ----------
231
205
615
206
653
645
934
741
1418
665
1417
331
759
527
317
1139
643
986
780
590
1256
1386
1153
948
364
933
1304
483
1075
1068
978
662
407
1379
214
1461
1250
251
1294
---------- Evolution 3 ----------
593
649
1461
1087
482
425
585
1046
421
325
469
883
318
1357
1108
1070
864
---------- Evolution 4 ----------
1272
1314
1350
1381
453
1312
1364
402
1151
1274
565
844
1004
1124
661
793
423
566
733
443
1039
987
1332
381
218
389
797
1494
1011
676
784
976
485
609
698
1440
769
698
---------- Evolution 5 ----------
1143
1280
897
701
1412
416
525
264
677
810
1205
1093
757
1032
718
---------- Evolution 6 ----------
1138
879
474
406
444
1109
402
1104
1139
638
1310
1069
1023
1299
979
958
934
496
282
459
938
1273
1024
863
946
584
899
1477
811
460
1261
563
514
1211
459
1408
1221
---------- Evolution 7 ----------
372
1015
909
235
292
---------- Evolution 8 ----------
1199
329
919
336
1338
858
1370
1405
788
910
1024
390
799
610
505
523
1381
723
605
1207
1206
549
650
448
495
673
836
1495
378
1046
797
892
409
1127
415
1309
1278
454
---------- Evolution 9 ----------
895
1373
459
674
1336
262
1213
1041
532
912
292
231
1459
1259
280
---------- Evolution 10 ----------
687
1322
859
1345
661
425
1497
1127
1035
454
878
242
1169
999
844
888
1403
900
1086
1238
946
1226
751
946
324
1189
540
744
1177
488
1254
1433
237
809
621
413
1149
1000
662
---------- Evolution 11 ----------
848
819
796
591
1039
205
502
469
1288
481
961
765
327
249
298
1193
207
286
1457
839
461
785
1011
1141
664
1042
740
514
---------- Evolution 12 ----------
793
459
1401
---------- Evolution 13 ----------
905
281
1116
426
---------- Evolution 14 ----------
686
1199
936
1343
729
1295
226
1073
547
1038
431
1181
1374
535
1172
1074
1045
1412
497
1409
578
353
1017
905
1144
903
523
462
238
1370
534
736
1454
1249
1439
1031
776
487
1002
701
949
303
325
592
1218
---------- Evolution 15 ----------
1036
414
701
285
725
253
724
1073
1251
1463
698
880
600
---------- Evolution 16 ----------
841
491
1323
985
1162
1254
248
671
1388
904
447
232
862
1005
1104
908
267
676
276
417
1259
532
947
1043
650
336
801
218
369
788
221
675
901
392
405
1437
1322
1396
887
823
1410
---------- Evolution 17 ----------
966
739
605
1107
358
788
660
336
1488
1395
1419
1430
1317
392
307
1022
1312
465
1255
1072
389
1307
558
788
552
740
386
501
1013
1365
881
624
1160
1055
1379
403
---------- Evolution 18 ----------
1282
861
1035
713
238
974
725
670
791
648
701
962
344
847
739
1403
695
1424
1239
1282
1180
336
680
252
1464
950
660
582
741
441
390
594
854
254
745
833
1016
608
304
706
332
1161
884
1182
1348
274
1104
1340
---------- Evolution 19 ----------
1166
255
1264
1010
1018
527
537
980
1217
1131
1442
1065
775
523
1294
1078
1287
614
1142
518
1138
745
330
653
703
1033
252
1337
---------- Evolution 20 ----------
621
273
1426
737
1477
628
831
238
564
---------- Evolution 21 ----------
447
1494
---------- Evolution 22 ----------
845
1233
1098
708
366
1092
1121
291
249
847
714
840
1036
447
591
299
1062
619
445
1360
1450
---------- Evolution 23 ----------
1005
931
251
1329
505
460
1139
701
1271
1266
1404
825
1150
608
733
828
---------- Evolution 24 ----------
1246
1078
1158
624
1007
1417
1289
407
1443
567
1062
1333
224
1103
930
645
1332
569
581
1162
665
438
964
337
242
983
645
850
1455
1107
790
1216
1096
---------- Evolution 25 ----------
1202
353
635
1049
1061
980
281
909
1497
1365
827
---------- Evolution 26 ----------
403
495
472
454
647
1132
1025
634
1025
1224
858
381
---------- Evolution 27 ----------
1364
1481
333
1097
351
441
597
1488
435
1075
395
1414
781
1310
287
652
266
851
1308
1070
380
376
1275
644
294
246
1337
613
995
335
400
503
232
381
511
875
991
1014
661
682
---------- Evolution 28 ----------
495
758
342
1244
828
265
1455
676
983
341
1320
1271
666
1285
627
---------- Evolution 29 ----------
1341
609
793
1211
923
992
1495
1474
1128
336
553
785
727
799
1467
---------- Evolution 30 ----------
1163
430
511
923
281
722
1003
1120
692
1025
221
---------- Evolution 31 ----------
1371
392
1020
473
475
1451
772
208
725
1122
408
744
848
1105
1219
1427
522
1397
439
1304
630
1151
---------- Evolution 32 ----------
1003
402
414
1352
1382
585
681
1458
373
1123
577
931
585
773
297
818
591
618
