---------- Evolution 1 ----------
854
1111
1264
573
523
756
826
619
---------- Evolution 2 ----------
794
560
497
371
957
973
1430
1206
777
941
1099
1132
1102
1496
943
352
1051
582
358
1294
1361
1091
438
1493
846
560
578
1497
413
1391
1223
791
1035
623
646
1353
1189
641
335
716
1302
1318
899
338
655
---------- Evolution 3 ----------
1027
497
1041
1176
1153
1066
774
927
694
973
1493
1367
1213
1485
767
1165
---------- Evolution 4 ----------
1477
955
1489
797
271
1470
401
564
1332
616
869
1368
555
864
376
578
614
1218
1389
702
1391
588
309
690
1040
1407
236
1306
717
1105
248
318
1040
1480
---------- Evolution 5 ----------
571
255
640
270
1254
860
1263
1089
584
680
1367
514
1203
618
232
464
541
1161
1072
1024
1442
313
553
1152
1154
375
718
1237
1423
1352
521
1471
545
806
1263
467
538
1229
594
1100
734
926
1203
491
---------- Evolution 6 ----------
638
857
1170
1330
1025
1038
422
430
---------- Evolution 7 ----------
1183
530
720
910
317
1217
756
983
919
650
1161
1022
498
666
552
444
1024
1233
579
902
499
436
1121
896
911
515
1220
871
1389
1105
894
1446
1469
448
1040
1191
901
400
1011
796
429
487
---------- Evolution 8 ----------
1422
1181
586
1342
807
917
1279
996
1388
243
633
1436
299
954
605
1497
1048
229
816
801
1144
548
849
638
828
783
1114
512
246
1395
1181
578
1088
1172
502
1314
404
242
1432
453
549
1346
265
1240
963
1081
951
---------- Evolution 9 ----------
294
1071
200
687
714
1143
1089
609
1447
661
276
1399
743
607
891
917
1436
938
655
1089
932
603
1070
747
607
812
246
1387
324
863
1276
---------- Evolution 10 ----------
315
1482
967
233
241
1054
1068
525
1168
383
523
566
1307
1368
758
968
1102
1440
---------- Evolution 11 ----------
355
680
379
1361
1288
569
974
721
316
597
---------- Evolution 12 ----------
929
366
925
1405
1380
625
279
312
733
927
941
407
712
310
1499
1346
1051
1437
689
727
1024
---------- Evolution 13 ----------
261
867
1090
357
647
797
1312
619
1230
