---------- Evolution 1 ----------
627
213
355
1410
1476
1499
327
515
1474
381
311
541
953
1335
691
1438
1449
960
981
971
1300
1360
574
485
---------- Evolution 2 ----------
1161
---------- Evolution 3 ----------
502
237
316
967
1117
269
517
481
248
1385
909
822
602
821
926
1198
1036
1125
1421
717
742
875
923
525
231
361
---------- Evolution 4 ----------
1329
486
1101
584
252
820
984
1229
858
1189
1325
1430
983
498
1291
797
1111
---------- Evolution 5 ----------
1044
304
717
1210
1119
1371
731
726
350
639
---------- Evolution 6 ----------
1172
388
1076
795
404
224
1258
633
1082
821
1226
559
1356
282
375
1474
332
666
1452
368
488
425
487
643
242
978
259
1083
697
1036
1246
984
421
400
---------- Evolution 7 ----------
365
489
750
675
837
1098
625
241
894
738
704
1218
1175
1377
1023
587
825
415
414
1351
1192
410
269
760
1160
1039
840
838
1273
962
818
260
208
1234
1187
490
364
1165
898
1094
1121
631
603
1204
659
200
1137
933
710
---------- Evolution 8 ----------
1186
1175
294
718
486
646
1020
867
693
930
1271
831
1269
1150
273
1045
971
862
776
300
615
670
736
1229
814
1379
1355
1418
454
513
325
938
1110
547
521
592
334
1011
772
1001
1045
1174
919
663
1003
337
232
497
1482
---------- Evolution 9 ----------
1332
1405
1108
782
430
537
341
205
1047
1173
1483
988
635
1064
1099
1396
1345
756
845
1426
1451
854
1133
886
1122
460
264
1109
1476
426
1104
696
836
---------- Evolution 10 ----------
318
358
426
1237
212
1141
240
1194
442
1497
806
1400
1083
459
413
529
728
1054
1408
1332
702
1386
832
256
632
793
965
460
1471
1322
667
570
299
747
1460
1165
996
1405
318
302
523
1294
1260
942
774
1029
910
383
270
---------- Evolution 11 ----------
1025
420
528
1034
1003
227
545
668
1055
806
484
1429
1343
537
247
1330
248
1029
1249
308
426
1318
441
440
388
778
425
890
429
733
1043
1408
680
1451
1105
1481
730
1486
913
596
403
1336
1446
---------- Evolution 12 ----------
608
385
1041
1092
1005
1497
905
485
1015
1283
328
975
548
662
1065
578
1494
1088
383
1461
1451
1477
247
998
1054
1195
1333
1325
875
722
1359
1288
350
349
1242
440
1153
588
1116
752
---------- Evolution 13 ----------
367
733
1013
1181
829
1465
915
1028
1262
472
203
1033
534
743
614
310
1356
1395
557
211
1158
1185
1406
1431
634
512
481
952
358
550
360
805
424
1288
304
1320
376
611
636
692
1386
489
741
627
439
1214
670
1059
725
---------- Evolution 14 ----------
258
1012
872
573
844
347
936
368
1327
917
790
1119
902
1221
245
1327
359
1458
946
335
1336
355
1187
1300
440
747
1444
1245
892
1237
424
1338
458
222
1394
657
948
703
486
1373
1050
614
---------- Evolution 15 ----------
810
570
843
1102
330
1476
1472
1194
---------- Evolution 16 ----------
455
1361
380
1415
1356
1187
968
691
---------- Evolution 17 ----------
513
1013
535
350
1265
577
713
531
583
1006
1127
374
303
811
1156
722
507
988
342
1104
1141
804
381
1157
1467
1377
1457
1225
1419
1378
484
1059
806
1213
960
1380
271
1285
404
341
1304
813
745
---------- Evolution 18 ----------
689
459
517
1239
214
1299
232
677
456
1142
999
1095
489
1185
595
1266
404
678
883
586
1287
864
426
1062
271
1250
1440
---------- Evolution 19 ----------
431
1466
663
577
914
1356
1050
909
828
1049
1407
1049
853
782
619
1134
1198
677
---------- Evolution 20 ----------
841
744
331
556
689
1388
317
679
413
505
1044
445
881
417
829
732
1166
768
826
228
1369
798
1294
953
1064
1009
517
405
855
300
898
529
292
887
1250
870
---------- Evolution 21 ----------
807
1281
489
1476
638
1362
1199
732
1162
279
857
588
1464
977
911
768
800
1221
1076
670
1110
1121
1129
486
748
---------- Evolution 22 ----------
817
558
236
423
528
389
927
605
575
782
333
731
617
335
535
1226
1349
670
792
1278
568
1446
1263
1100
1411
1364
1476
1068
1493
213
258
1109
642
1141
1154
549
963
735
204
539
776
---------- Evolution 23 ----------
1223
1462
841
1284
755
1050
1105
1005
1353
952
914
1110
1049
266
1278
1152
315
1303
1090
1308
1067
1266
1207
501
291
313
291
246
902
607
1182
560
1097
889
881
1352
1135
810
580
604
662
---------- Evolution 24 ----------
808
1298
1051
598
1442
---------- Evolution 25 ----------
412
864
1052
1368
524
1308
764
668
761
350
266
912
571
886
226
779
435
1476
1324
1361
1004
963
1009
679
596
---------- Evolution 26 ----------
675
1271
387
1386
801
877
290
381
978
860
1034
562
1007
591
984
942
---------- Evolution 27 ----------
657
219
1187
1176
929
239
449
872
553
664
775
1447
300
1178
210
350
643
714
1335
941
276
1393
754
1262
1319
536
1180
1028
1391
947
446
249
483
599
327
1225
984
1360
911
220
799
---------- Evolution 28 ----------
930
701
417
1451
953
835
822
901
246
423
504
223
774
358
328
1133
773
425
549
278
257
1467
---------- Evolution 29 ----------
894
1404
940
238
1485
843
484
320
329
1346
1368
1296
1460
368
802
1067
842
668
1409
279
1070
