---------- Evolution 1 ----------
1160
850
1209
1299
815
569
1304
305
1183
256
646
1140
258
1384
1096
558
789
303
553
1164
657
944
465
436
1384
641
788
333
1003
1170
1256
1480
1400
588
1331
1490
1272
1391
867
452
940
435
1060
---------- Evolution 2 ----------
1133
945
421
357
1391
1169
---------- Evolution 3 ----------
1176
680
1495
821
828
458
380
997
974
844
826
907
755
994
306
205
374
1344
584
394
1034
871
979
1258
510
1440
422
852
1288
---------- Evolution 4 ----------
400
488
671
1407
999
1357
1353
1132
876
396
964
415
491
764
1456
---------- Evolution 5 ----------
1382
1364
1480
1108
1072
1440
972
710
1079
428
1379
1428
388
648
941
275
913
1427
1148
1228
899
456
629
1403
1033
859
231
365
642
---------- Evolution 6 ----------
916
867
1264
354
494
1478
672
1029
1220
1326
957
683
903
1374
991
995
611
213
1121
984
1296
545
586
1013
1436
359
1154
600
485
1372
661
1474
387
1471
1171
1325
431
467
659
489
548
---------- Evolution 7 ----------
1423
632
753
969
1200
765
---------- Evolution 8 ----------
1300
433
319
660
1129
287
1059
770
808
772
564
1403
850
1334
848
246
511
253
834
721
631
1260
447
347
---------- Evolution 9 ----------
356
910
298
650
1418
287
1417
544
942
877
456
1424
938
1380
1459
755
1334
512
1353
439
1381
1382
1445
1448
1282
443
333
1101
944
1146
573
645
1415
---------- Evolution 10 ----------
1436
1347
534
804
1089
626
844
1267
360
1441
1457
475
1032
1067
225
1020
1310
1002
554
282
545
802
1403
1413
719
873
304
1080
749
320
376
1096
1389
334
704
1112
1482
494
721
458
374
833
716
1305
923
400
---------- Evolution 11 ----------
752
689
705
1042
514
888
751
984
1248
1456
1362
525
1339
923
607
754
1182
1404
448
999
927
---------- Evolution 12 ----------
955
948
1062
1034
1387
1283
1490
990
946
842
213
879
531
528
1269
821
1478
518
1118
1347
1242
258
912
500
244
1369
1060
1095
874
945
707
1285
1391
1150
1322
692
1075
748
1253
---------- Evolution 13 ----------
720
881
301
408
203
557
