---------- Evolution 1 ----------
388
1027
445
796
1273
999
1304
511
591
914
243
342
534
288
640
1207
1165
1444
1246
978
400
975
1241
1029
604
913
1182
845
584
1293
407
1414
1414
266
1311
650
303
656
629
298
391
1484
496
---------- Evolution 2 ----------
1036
964
388
744
692
1110
1265
1260
1135
599
1379
973
820
645
1357
360
1198
1279
1490
1311
368
1124
666
1051
1488
650
882
1499
1207
347
720
1063
1405
---------- Evolution 3 ----------
1049
649
978
947
1322
977
1021
---------- Evolution 4 ----------
1437
565
1148
950
1143
1474
1339
736
501
578
999
290
309
432
457
987
1034
315
995
1229
930
277
1051
1268
1279
1016
1475
206
1431
1485
1126
899
727
833
427
955
1454
439
379
1174
1453
1229
1391
1406
1002
1464
---------- Evolution 5 ----------
1060
1054
1250
880
1289
216
1405
418
990
1357
702
247
483
1310
557
1138
1488
447
702
956
460
927
1117
277
239
1042
951
1007
1046
505
1292
274
1472
200
853
1390
528
383
979
797
843
---------- Evolution 6 ----------
1240
480
751
1392
335
1472
1046
294
790
946
640
414
810
336
654
910
667
1321
1372
994
293
1043
324
695
1480
613
1457
1012
1402
399
1347
742
1468
1211
386
1329
693
---------- Evolution 7 ----------
984
897
200
627
843
1135
419
472
1377
575
268
1093
509
1252
371
284
744
1257
958
1243
1323
665
932
858
924
865
1127
609
427
1419
581
1446
1324
426
615
264
446
1346
929
1009
1249
394
1123
289
---------- Evolution 8 ----------
919
1342
1055
206
775
477
776
583
1380
270
701
1307
1300
758
1225
384
305
1365
228
---------- Evolution 9 ----------
982
359
1189
918
814
1392
933
1239
1234
653
519
---------- Evolution 10 ----------
1042
1207
254
1018
1332
1138
725
210
762
326
343
775
1414
806
379
---------- Evolution 11 ----------
326
1448
1235
1054
1087
848
1000
1486
485
1455
803
201
1312
491
1257
938
300
785
1116
1163
885
751
1269
586
367
696
1045
334
681
1298
1172
1085
237
970
1402
390
387
1281
---------- Evolution 12 ----------
970
687
1385
638
1228
346
1142
764
862
1439
435
1316
---------- Evolution 13 ----------
850
1076
407
383
1068
1176
1229
493
1451
1364
1167
590
523
619
909
798
1442
1231
515
527
1144
827
1227
240
1240
1469
1088
681
990
---------- Evolution 14 ----------
902
---------- Evolution 15 ----------
769
719
1492
540
885
1404
1192
1018
470
892
515
610
863
1291
228
326
668
908
783
874
1420
218
---------- Evolution 16 ----------
1073
460
357
1498
474
855
1264
561
1215
310
1343
865
730
486
209
758
336
425
697
980
635
222
1177
1118
1421
---------- Evolution 17 ----------
1338
807
280
1430
342
326
897
---------- Evolution 18 ----------
248
1390
1172
467
374
579
1100
586
1262
1418
1426
1415
928
813
846
691
1173
520
764
1205
1043
359
---------- Evolution 19 ----------
353
1005
1148
212
449
412
254
673
1235
1372
675
1280
810
708
1402
738
866
1041
1334
1084
1150
1435
---------- Evolution 20 ----------
869
433
351
381
1411
714
948
682
441
651
526
1205
1090
841
1052
1147
569
639
496
597
652
1345
582
806
451
814
630
---------- Evolution 21 ----------
1124
1448
1282
646
---------- Evolution 22 ----------
830
1341
679
488
1153
1015
261
655
1394
1392
1107
1365
1061
903
282
1207
247
1234
234
1478
360
623
1474
699
1257
503
1080
1392
767
713
1221
1115
521
255
944
861
722
1201
1233
744
781
---------- Evolution 23 ----------
941
781
371
554
1096
545
1179
649
852
1093
1259
737
1079
660
485
708
1365
1030
953
891
387
1041
---------- Evolution 24 ----------
1275
388
350
201
1424
727
983
1292
1218
1180
1247
1256
1447
570
1042
1002
---------- Evolution 25 ----------
647
1185
1457
1086
294
496
853
1019
656
614
273
1011
1129
747
1409
776
262
319
1315
827
1433
885
1051
894
427
