---------- Evolution 1 ----------
719
626
843
1233
1478
1199
1389
1322
373
711
1217
969
1091
975
1455
857
737
1242
799
905
1164
630
1460
1194
1227
1414
660
1308
1401
479
1280
---------- Evolution 2 ----------
351
842
1470
285
819
987
230
487
773
670
457
1421
1292
889
1025
387
960
950
---------- Evolution 3 ----------
1044
863
929
516
1456
735
360
686
1386
1090
738
1449
638
1000
700
961
1396
1409
657
1325
1295
647
---------- Evolution 4 ----------
1239
987
422
1263
1394
943
465
724
1219
---------- Evolution 5 ----------
249
1367
769
415
749
840
1499
733
1430
1279
645
222
1398
676
---------- Evolution 6 ----------
503
1001
520
1250
415
1347
866
388
1076
1489
1154
590
876
1472
953
889
1285
1298
1481
995
1303
843
432
512
334
846
1287
640
688
265
910
1236
983
936
---------- Evolution 7 ----------
1343
792
875
422
1307
962
800
669
332
223
1195
490
1223
1269
617
1317
629
1134
1306
1284
361
1207
665
664
1141
---------- Evolution 8 ----------
1404
508
1289
1428
1118
221
---------- Evolution 9 ----------
200
310
1340
1129
821
311
661
1278
1213
1412
1252
1278
1437
1265
1137
1396
394
365
1154
943
331
862
913
1402
1151
390
512
469
882
1020
863
1332
373
717
964
1322
564
778
1178
645
1486
820
1247
863
573
485
478
---------- Evolution 10 ----------
328
412
1026
540
561
1166
1359
1099
---------- Evolution 11 ----------
1085
363
1098
565
717
328
1215
252
721
795
770
606
1233
600
932
427
684
466
941
1456
214
1465
1246
803
560
749
1364
767
676
923
750
1000
623
1029
807
1122
1092
960
1474
1428
930
622
---------- Evolution 12 ----------
481
556
1261
429
377
1357
1131
1196
334
474
452
1142
758
800
1278
589
832
1290
---------- Evolution 13 ----------
644
933
1225
1038
849
1152
856
852
736
1469
1303
502
625
1096
1419
451
687
507
1152
401
885
532
1219
1117
1304
627
644
883
803
618
643
810
291
1337
1457
812
1422
1279
975
1174
---------- Evolution 14 ----------
873
1268
635
483
517
864
1153
370
1060
---------- Evolution 15 ----------
839
1068
---------- Evolution 16 ----------
1096
472
589
226
475
1373
1144
1473
406
441
564
622
632
1065
508
613
1080
905
1188
957
992
526
1274
1183
301
1366
363
1415
1446
1287
1398
897
725
248
903
986
531
1208
1424
622
1129
1047
1066
218
---------- Evolution 17 ----------
1480
1202
616
1162
1272
311
1006
787
1074
