---------- Evolution 1 ----------
569
1457
672
594
1357
372
1252
1192
776
1404
1414
1074
287
972
1295
1020
1304
735
1422
478
1194
247
458
768
1303
697
1411
203
---------- Evolution 2 ----------
1267
1065
1386
591
436
1359
1436
323
670
635
704
1238
203
1002
465
376
---------- Evolution 3 ----------
1404
706
554
795
855
1120
505
1109
919
1199
652
1301
1497
1473
1176
397
343
437
966
304
799
1491
345
1053
354
810
400
277
894
497
1343
1124
695
---------- Evolution 4 ----------
1372
1455
---------- Evolution 5 ----------
1269
408
1007
1112
1454
1141
1004
1343
1102
800
1021
574
308
1067
---------- Evolution 6 ----------
760
1464
469
872
937
736
988
256
1160
1177
881
1190
396
441
926
380
1406
371
823
1461
1246
291
526
271
652
1273
1287
616
921
802
610
302
1086
998
778
534
541
877
466
1171
540
446
1076
---------- Evolution 7 ----------
670
1227
1460
---------- Evolution 8 ----------
673
591
570
485
221
1265
1298
806
1282
910
537
1051
1237
505
728
1313
733
765
656
---------- Evolution 9 ----------
333
340
847
434
1296
505
1447
1035
665
320
708
328
1188
413
1186
440
918
503
1158
743
777
1346
611
846
345
---------- Evolution 10 ----------
651
539
1348
765
861
503
480
620
1425
1426
668
436
1137
868
1256
319
1437
840
594
260
1435
891
1308
471
247
1258
515
736
511
1372
469
788
429
1450
580
---------- Evolution 11 ----------
1114
571
1401
877
810
1309
1027
924
257
294
1366
1236
234
1293
1427
1161
499
853
1159
211
698
1416
1076
1122
322
977
990
377
983
1256
---------- Evolution 12 ----------
1418
1315
897
818
993
277
1130
777
925
586
903
1143
1209
717
881
1032
809
1220
267
1407
555
599
369
346
1474
1447
555
431
630
948
1080
747
944
870
1074
862
686
1461
584
813
215
1000
527
989
1085
---------- Evolution 13 ----------
1325
1297
624
544
1159
1262
1203
615
638
354
391
459
791
1134
1101
1168
1014
1484
516
1496
1240
422
1187
205
502
1298
1477
1042
1000
1298
775
1414
944
---------- Evolution 14 ----------
1367
962
---------- Evolution 15 ----------
966
1015
945
499
958
653
1114
806
373
279
1275
1065
1267
398
1441
390
1253
1102
540
331
---------- Evolution 16 ----------
322
1387
279
1227
763
1026
331
1132
982
759
671
1341
552
1008
332
1253
971
684
1251
278
201
844
331
727
1465
1478
1037
274
909
1414
552
614
1401
343
581
440
549
586
984
419
534
1495
1025
1400
1370
278
816
1097
---------- Evolution 17 ----------
1169
635
1003
1318
1341
1246
881
1418
1120
---------- Evolution 18 ----------
299
907
1274
714
1194
1323
326
790
1455
1368
560
1362
1247
687
374
849
807
928
365
964
784
1436
240
335
938
409
336
258
837
356
---------- Evolution 19 ----------
424
300
1043
1120
632
934
1419
943
716
672
969
987
419
550
870
203
813
869
1109
1113
887
1167
1276
450
521
900
927
445
577
219
1378
1344
1299
560
270
923
1438
937
303
712
571
893
205
1433
446
1038
1432
792
---------- Evolution 20 ----------
1044
1130
1124
1272
1488
441
225
397
1117
276
780
619
335
396
1119
1467
1464
1474
906
870
1307
987
1153
934
593
1454
1186
346
972
288
429
930
580
244
1136
1127
953
1279
1218
---------- Evolution 21 ----------
793
1123
372
442
529
---------- Evolution 22 ----------
472
925
695
1198
611
---------- Evolution 23 ----------
1219
1205
334
1318
852
901
286
443
448
1043
883
897
1000
666
533
627
665
324
---------- Evolution 24 ----------
349
1058
1486
1083
315
1476
747
564
822
703
461
1150
1322
1150
578
803
477
1305
851
966
609
1158
1445
559
392
369
496
1478
---------- Evolution 25 ----------
810
394
1466
1132
564
395
995
1404
1371
1261
467
454
1071
203
1057
728
527
281
1473
1461
938
522
366
1205
830
680
---------- Evolution 26 ----------
984
676
1153
981
644
1478
1274
1392
1283
1268
897
1242
---------- Evolution 27 ----------
796
355
---------- Evolution 28 ----------
994
649
671
493
1324
1311
639
1256
400
590
1060
1141
765
236
887
1208
309
1132
---------- Evolution 29 ----------
736
1237
---------- Evolution 30 ----------
594
1475
759
663
221
832
851
760
610
278
776
1012
269
667
683
1188
1347
1120
714
561
1270
939
1009
1330
1436
---------- Evolution 31 ----------
549
474
583
1174
218
651
---------- Evolution 32 ----------
564
---------- Evolution 33 ----------
475
217
447
233
1088
945
745
879
1391
1295
355
410
1231
295
737
468
585
294
421
468
