---------- Evolution 1 ----------
1014
1256
391
784
670
1220
1369
1192
762
723
445
1235
529
1117
600
548
1388
839
1236
---------- Evolution 2 ----------
1055
1355
556
1204
572
523
970
804
207
---------- Evolution 3 ----------
1277
1205
1055
1005
211
314
484
873
1463
376
421
535
926
1300
1453
1189
890
1234
452
1220
323
1238
1465
628
215
1211
846
1277
891
1075
672
---------- Evolution 4 ----------
1454
1347
1409
1267
1397
1361
1145
206
1130
281
328
855
714
1196
381
1345
578
1211
406
1115
285
1333
385
334
455
1112
---------- Evolution 5 ----------
783
855
754
759
1163
954
869
354
845
932
750
705
399
1002
1498
---------- Evolution 6 ----------
1243
700
1064
842
494
547
835
888
895
724
509
207
1131
259
949
1271
863
513
1211
1461
1293
1478
1310
200
823
755
---------- Evolution 7 ----------
717
739
740
1257
796
1067
417
1291
---------- Evolution 8 ----------
1399
1447
920
1290
869
1175
509
1211
1311
518
429
1292
543
426
651
897
1033
1080
964
649
645
1370
1392
1106
1098
1379
889
846
1100
695
1032
---------- Evolution 9 ----------
766
400
566
667
406
1109
240
1076
---------- Evolution 10 ----------
1324
1465
645
485
1133
1257
1011
306
1087
874
1433
762
378
1467
213
603
1429
398
573
403
343
666
982
668
512
659
654
---------- Evolution 11 ----------
820
806
1227
1490
1010
1430
---------- Evolution 12 ----------
260
---------- Evolution 13 ----------
857
1279
501
1270
779
1400
1381
250
1378
555
351
1388
416
205
963
1115
1027
1363
419
874
1404
1392
1390
1235
792
1120
231
316
315
---------- Evolution 14 ----------
854
1445
756
287
1034
890
1400
283
393
1462
895
685
772
545
838
899
1271
1454
420
1474
1468
619
761
482
772
363
1142
215
418
692
725
725
703
856
1396
766
261
364
464
220
896
1218
1127
1454
980
1443
373
830
615
---------- Evolution 15 ----------
1080
1281
1157
844
261
1321
582
1245
1101
760
1434
232
506
1258
922
