---------- Evolution 1 ----------
1418
1400
483
1497
561
546
577
962
1350
1354
386
1279
1047
1419
1144
366
1112
283
492
1349
632
527
1282
629
411
1435
1453
545
1194
1436
397
---------- Evolution 2 ----------
1262
220
440
1046
566
587
808
812
1035
216
791
769
1138
388
1180
650
340
973
856
1485
839
1316
678
877
519
343
641
890
389
511
554
692
500
524
1409
1200
1127
---------- Evolution 3 ----------
538
824
863
525
1401
573
280
595
1185
396
1269
1234
1293
473
1377
1110
551
624
328
645
1221
893
1175
438
1452
538
1082
1355
628
756
461
997
1010
1278
838
795
341
1435
1452
1170
---------- Evolution 4 ----------
513
1421
1037
834
1343
737
265
925
1353
1289
874
736
---------- Evolution 5 ----------
584
411
514
696
1429
938
1458
1440
791
976
1199
751
1492
1274
1155
687
337
429
986
1144
1475
626
757
1097
1059
242
1441
1074
---------- Evolution 6 ----------
1218
1155
1007
1098
1200
542
327
1166
1277
1475
494
288
1045
292
929
796
1480
587
1484
822
869
239
744
1373
1411
890
585
1457
852
1321
1393
1189
759
1323
875
278
1298
1332
465
---------- Evolution 7 ----------
1137
676
874
1268
---------- Evolution 8 ----------
801
867
803
303
1279
609
1390
378
1125
927
429
352
764
1272
1271
875
344
1028
1078
406
905
1290
883
1473
990
984
274
448
1392
679
995
1087
208
1030
687
---------- Evolution 9 ----------
889
800
940
864
864
1265
1359
309
1418
938
534
919
650
975
1476
865
1348
783
---------- Evolution 10 ----------
307
471
1312
1324
1495
1419
807
1385
1076
789
294
1156
1041
417
498
1404
1458
543
1218
669
253
962
1223
958
850
1084
1494
672
321
1213
460
1157
423
1264
730
679
661
---------- Evolution 11 ----------
1364
1064
813
571
844
1068
1465
824
1092
304
319
457
990
1409
291
1278
1085
1305
659
657
403
405
1143
349
1029
505
1354
410
332
725
813
355
593
1221
1279
1096
1097
302
1311
309
---------- Evolution 12 ----------
863
1367
419
692
855
1158
487
631
375
1477
218
244
675
837
980
644
470
795
---------- Evolution 13 ----------
694
966
476
1458
---------- Evolution 14 ----------
752
478
432
1139
1067
620
275
451
979
1156
1288
383
335
257
865
801
333
202
751
981
1464
1382
1193
565
602
469
531
418
425
1046
748
395
436
1041
475
994
533
1264
1030
930
1320
1352
375
838
427
690
---------- Evolution 15 ----------
487
227
315
1135
842
774
512
1352
---------- Evolution 16 ----------
583
786
446
1264
560
585
1362
412
894
---------- Evolution 17 ----------
470
213
463
865
1107
780
714
1439
767
319
687
1491
1289
892
298
1492
768
816
640
868
1263
690
409
806
1074
856
757
560
740
1066
1409
1291
1442
1407
1267
585
603
1209
---------- Evolution 18 ----------
1274
956
542
217
1115
514
733
301
1203
1341
1086
833
1466
576
1347
212
954
954
950
1164
495
1266
698
492
1403
1373
1274
987
1183
645
281
1358
266
841
1282
622
455
902
800
1293
1441
668
572
450
1337
---------- Evolution 19 ----------
1427
1166
1268
225
831
699
930
1113
690
556
473
982
492
423
1482
1399
1069
1422
844
267
885
394
1029
---------- Evolution 20 ----------
319
524
816
754
342
318
1021
1482
204
459
723
421
929
1119
1161
1253
982
584
554
1113
1470
516
599
336
1382
825
1086
910
432
993
1153
887
1313
623
703
666
943
---------- Evolution 21 ----------
443
410
399
504
---------- Evolution 22 ----------
1058
664
1094
---------- Evolution 23 ----------
910
1375
410
219
322
874
233
403
1413
1250
991
1070
736
1257
1470
1342
728
636
901
1238
1448
463
637
1496
655
218
---------- Evolution 24 ----------
1113
770
639
1423
494
434
955
1349
670
353
1221
831
711
1157
1064
756
1294
296
337
319
423
973
433
1349
434
996
1001
1110
725
828
1256
824
865
1085
1019
426
773
532
746
1438
1073
1423
1398
---------- Evolution 25 ----------
1236
1414
1000
876
1219
445
1104
820
1196
421
1362
419
1275
884
1351
686
1169
1100
843
775
1120
1245
1396
245
492
1033
242
1226
1250
1421
809
1192
526
1108
448
1242
1269
796
253
266
1086
845
637
1467
1274
850
1305
1029
---------- Evolution 26 ----------
1481
1156
372
680
965
711
812
846
1198
1217
686
1308
967
682
808
730
1489
1457
957
757
689
1088
827
1245
392
906
342
1306
935
1157
747
1013
816
726
507
971
887
858
875
615
1207
734
766
646
---------- Evolution 27 ----------
251
357
1182
1262
618
1442
584
1393
1293
---------- Evolution 28 ----------
807
1261
433
816
311
710
503
1418
1246
507
912
212
1444
236
1188
968
---------- Evolution 29 ----------
1209
287
1409
495
1016
734
819
572
952
754
1436
1249
1207
450
1204
823
1159
---------- Evolution 30 ----------
1380
428
415
744
1147
996
909
1236
279
1201
271
450
451
260
787
1147
293
1411
979
1452
485
1155
574
768
1433
612
584
---------- Evolution 31 ----------
886
1289
1041
1246
905
814
953
905
1264
1240
1058
1294
634
545
977
521
1110
1186
1356
1271
415
1275
1475
1047
970
963
1095
519
616
727
1477
288
---------- Evolution 32 ----------
842
865
1119
1340
344
1473
658
1127
1097
253
1054
763
1010
1090
1410
623
1403
1127
1005
719
925
1188
213
1179
708
723
296
976
252
1434
551
1493
962
1043
1406
1366
586
921
393
799
754
1399
273
547
1477
1334
857
---------- Evolution 33 ----------
654
1316
298
237
1157
972
774
910
308
1334
1448
858
1036
305
---------- Evolution 34 ----------
378
647
658
952
540
1153
410
870
319
1465
1241
1073
435
1161
203
1326
1333
635
868
207
425
1136
872
1344
667
---------- Evolution 35 ----------
970
1390
350
1461
1303
299
941
269
236
1331
1096
279
1394
625
774
1460
782
518
325
650
899
729
1068
1430
715
530
1454
542
353
736
---------- Evolution 36 ----------
482
989
1224
994
911
1026
1235
483
710
952
1431
911
1415
470
534
558
1156
1081
726
1209
240
1332
428
773
1368
676
1262
990
773
1394
1139
564
591
1417
1144
267
