---------- Evolution 1 ----------
1434
1094
543
1134
1138
1179
992
1499
851
425
983
539
342
610
309
1335
1319
626
433
375
333
1142
591
1351
972
1020
535
509
742
537
1398
---------- Evolution 2 ----------
395
1249
879
1244
705
1437
1329
682
489
283
1392
336
1293
1322
1245
988
1366
1290
536
1243
1020
1108
1064
330
1341
230
852
1417
524
599
819
420
427
257
1038
928
---------- Evolution 3 ----------
1120
1355
1343
604
584
790
737
1007
507
1246
575
236
1436
---------- Evolution 4 ----------
566
576
761
643
564
940
718
1296
528
1070
1145
1030
1016
972
605
1356
738
799
504
1232
669
1180
1411
869
775
264
891
946
302
750
1027
787
307
245
1348
280
245
883
860
874
579
956
927
1189
---------- Evolution 5 ----------
489
551
537
740
1288
555
1035
219
672
983
233
337
760
1389
1098
1418
900
962
358
1143
452
1284
1109
535
1448
1495
407
425
422
1490
972
1047
1277
1388
---------- Evolution 6 ----------
736
1428
762
341
1447
252
232
462
359
1061
1234
905
579
230
393
943
942
626
861
717
1436
1269
792
873
900
531
839
792
357
387
292
266
384
1034
1438
566
429
1452
487
862
1028
203
845
1388
232
244
---------- Evolution 7 ----------
1499
1409
468
308
1260
246
616
1076
446
230
1290
230
1419
1258
638
1342
1484
1207
1482
1388
1047
1308
936
254
1391
---------- Evolution 8 ----------
1206
935
328
984
255
1081
885
348
---------- Evolution 9 ----------
318
1091
1276
551
972
254
1148
1025
293
940
1023
984
536
1454
595
991
409
1273
318
543
310
900
287
1454
1209
257
1167
---------- Evolution 10 ----------
329
496
1119
1020
1101
265
674
742
1105
1240
694
733
246
1471
559
508
436
474
467
1037
1052
1377
824
---------- Evolution 11 ----------
1068
400
---------- Evolution 12 ----------
546
405
296
277
1461
601
1394
452
1359
466
495
823
1103
684
335
553
1291
300
485
1090
989
1248
1108
585
1444
1074
454
670
342
1434
1371
913
665
238
452
933
1289
859
752
1080
307
1016
300
1065
862
---------- Evolution 13 ----------
1399
1196
560
980
1049
352
554
1012
1118
1129
959
902
---------- Evolution 14 ----------
248
1201
558
361
818
1240
1331
605
496
491
824
849
275
1393
382
1271
1418
889
1085
1183
281
1117
1117
581
692
523
755
1168
1359
693
1317
476
1458
411
621
681
250
242
323
463
833
281
1388
831
1145
1249
---------- Evolution 15 ----------
853
1487
1160
358
879
1463
327
874
1477
345
793
572
887
1472
1005
947
850
1397
942
759
1166
519
711
1473
1157
1139
1442
1492
1395
1233
1275
278
285
1444
707
755
315
723
517
233
1171
674
499
453
465
---------- Evolution 16 ----------
1044
1267
856
1237
1074
312
509
937
1108
378
922
1000
283
713
1132
367
1384
1481
267
947
771
406
772
1215
1022
811
1360
629
1138
1218
914
1486
610
733
875
664
1450
375
1339
886
230
1053
1001
---------- Evolution 17 ----------
544
856
1302
---------- Evolution 18 ----------
636
1070
1345
811
478
1399
891
862
447
1480
1150
656
824
1023
853
282
574
726
1142
808
1363
959
1192
543
206
584
518
1139
---------- Evolution 19 ----------
414
290
491
540
1183
1186
837
654
482
525
1489
341
645
327
510
1258
1153
1430
308
1321
1368
513
718
1367
872
1125
---------- Evolution 20 ----------
1197
989
944
1466
901
1109
546
1243
699
1244
1254
919
507
---------- Evolution 21 ----------
709
685
575
1477
1149
1085
939
1246
686
688
519
557
854
1232
278
772
655
1230
218
1018
1441
977
1233
1258
595
754
966
1169
675
1363
677
585
1241
895
833
373
1149
849
201
554
957
238
638
655
1095
---------- Evolution 22 ----------
998
1190
1136
467
266
1185
1320
604
202
635
1261
1145
249
245
841
519
867
578
1401
509
604
1420
400
384
588
343
283
1159
1361
1237
492
585
200
1349
642
1047
305
873
789
410
---------- Evolution 23 ----------
1476
965
1176
670
1128
1227
267
1254
972
330
1380
1188
742
804
397
297
955
358
669
647
1479
617
873
301
1456
---------- Evolution 24 ----------
823
440
217
1240
665
661
1207
1460
648
231
288
882
314
781
1087
763
1076
1299
912
624
1343
1383
787
821
263
1375
286
1139
228
656
242
788
1065
1075
1150
890
1283
320
889
1220
237
1202
402
---------- Evolution 25 ----------
804
1247
746
1471
850
999
562
668
1378
1137
811
288
1166
1418
542
773
1054
716
1162
553
375
489
906
222
224
1098
424
395
1129
1073
685
1239
1297
1101
690
326
1459
535
1441
1029
983
575
319
1072
1172
406
763
---------- Evolution 26 ----------
1187
535
---------- Evolution 27 ----------
1268
1231
762
951
1333
1390
995
965
1192
1070
830
1260
1167
919
713
1385
302
222
441
1039
1401
1036
1110
797
930
600
413
719
373
1454
800
1018
1027
894
518
547
421
1416
1483
999
773
1450
1188
807
294
1096
701
797
---------- Evolution 28 ----------
539
1445
1084
223
1305
1361
581
1102
1293
1276
985
1068
635
672
880
1196
1267
1373
300
1223
502
687
663
846
---------- Evolution 29 ----------
278
863
723
303
334
828
1270
748
216
881
348
---------- Evolution 30 ----------
587
---------- Evolution 31 ----------
872
218
554
1047
1039
814
294
250
488
1471
1284
1177
938
1464
453
1135
1105
232
322
770
843
1197
1140
255
280
1421
448
565
1077
1079
816
1402
1486
851
545
1281
1007
807
803
759
809
1350
962
436
830
526
---------- Evolution 32 ----------
1303
1398
419
414
1083
435
1454
1077
812
498
670
1366
500
1048
331
1481
346
269
432
299
1106
779
620
734
1104
586
659
894
1022
401
862
1321
321
844
1267
---------- Evolution 33 ----------
1410
414
1155
1054
351
632
1474
484
1289
561
254
1352
256
652
1296
1453
1396
1324
1138
705
1244
1066
944
869
233
421
739
712
---------- Evolution 34 ----------
627
621
669
1153
1410
302
545
1204
559
980
1110
375
941
315
802
1473
368
1180
821
1034
1057
393
540
411
478
521
689
611
214
541
329
487
390
1382
315
678
754
