---------- Evolution 1 ----------
1452
1018
849
420
832
822
997
419
508
1183
1461
709
1471
854
802
607
1087
742
---------- Evolution 2 ----------
985
703
630
523
825
1041
806
609
1034
954
1128
777
524
354
1043
304
1431
1406
---------- Evolution 3 ----------
366
759
1161
1239
617
237
866
330
753
536
1326
620
1113
661
454
477
754
1256
377
1347
1134
988
1122
919
479
1045
572
249
1480
---------- Evolution 4 ----------
1460
247
843
1337
270
683
1448
999
921
1271
1039
1152
1150
1247
917
292
1472
---------- Evolution 5 ----------
938
906
989
620
736
858
1028
1159
776
1080
---------- Evolution 6 ----------
1477
204
1229
705
532
458
1465
463
624
1366
1396
1243
368
1177
618
832
1238
367
1233
657
1382
811
247
282
1055
290
1403
1481
729
267
211
358
1114
334
290
1262
777
778
488
753
979
852
436
1113
1478
412
---------- Evolution 7 ----------
912
323
1173
1140
654
1440
842
429
549
683
680
337
1006
1293
717
667
310
1313
1294
245
1114
1364
1008
1347
1241
288
1142
---------- Evolution 8 ----------
747
1223
518
974
1032
292
450
585
646
444
342
524
1084
439
1413
1247
1267
---------- Evolution 9 ----------
1228
972
1042
---------- Evolution 10 ----------
1304
1023
638
985
1446
1427
1052
1249
342
465
1308
1051
435
677
877
978
457
1026
656
1351
1137
266
1383
1398
1283
1137
473
685
1047
685
---------- Evolution 11 ----------
976
634
248
250
1412
863
514
389
790
1139
1224
1054
1153
610
1443
769
1140
861
225
853
273
912
1313
931
1325
918
892
735
1447
1108
1040
---------- Evolution 12 ----------
838
1225
815
658
1200
866
---------- Evolution 13 ----------
1219
967
834
1362
982
967
1132
615
1233
316
---------- Evolution 14 ----------
1015
892
746
889
705
1195
1220
1029
581
1390
1278
1467
916
844
839
1201
456
892
718
256
553
547
1020
1264
666
1216
891
1494
278
607
314
673
483
1022
723
1422
872
1129
281
1452
---------- Evolution 15 ----------
956
---------- Evolution 16 ----------
586
435
610
939
1105
890
421
1167
350
248
1017
1340
425
307
485
495
896
889
981
463
704
484
345
840
1091
872
479
419
419
655
1177
1019
381
1178
602
498
1092
1341
213
---------- Evolution 17 ----------
1136
1247
952
1413
856
1472
1128
1246
821
1131
810
253
1399
1327
902
885
712
1498
793
671
261
737
753
416
1419
515
532
288
922
758
956
1234
715
569
1057
824
1056
1070
---------- Evolution 18 ----------
543
356
898
1409
725
766
1318
1203
806
1220
1246
1201
656
903
458
265
419
656
1107
1022
1062
1222
1404
310
1478
1373
567
1347
714
1208
697
1102
355
659
288
---------- Evolution 19 ----------
1438
1013
247
250
1001
832
1105
1099
628
849
403
1164
420
---------- Evolution 20 ----------
295
693
258
1352
1286
575
741
1228
833
714
555
262
703
1114
835
767
628
571
876
1356
567
1262
283
476
631
240
581
562
405
1374
567
1106
1364
1423
1220
1043
572
455
325
655
330
---------- Evolution 21 ----------
1116
643
453
1365
625
1326
961
1414
1015
1005
451
462
927
1038
867
244
1332
288
435
709
1116
765
1301
1026
383
1280
722
463
524
1013
1265
470
758
761
---------- Evolution 22 ----------
1153
652
1444
1084
1015
1236
732
1222
403
