---------- Evolution 1 ----------
454
1079
544
544
728
222
416
802
1338
263
534
1234
836
345
793
204
1058
513
742
1024
834
563
1252
900
875
901
---------- Evolution 2 ----------
946
550
1424
498
976
926
1148
1377
610
1480
767
1090
941
555
1139
1028
401
1270
1470
491
1211
777
459
1410
970
347
217
728
234
1025
532
1002
730
1306
648
1045
679
356
569
297
311
1475
1496
1462
782
555
1089
---------- Evolution 3 ----------
796
1165
1453
788
596
321
1359
707
744
1190
536
363
1297
411
883
---------- Evolution 4 ----------
377
690
282
950
609
574
817
589
1094
1259
880
485
1251
266
1247
362
394
291
742
---------- Evolution 5 ----------
1375
1354
662
860
1288
319
737
1309
738
1027
---------- Evolution 6 ----------
773
987
348
204
1330
1418
1415
---------- Evolution 7 ----------
305
483
264
946
233
905
622
938
897
944
802
695
683
800
610
1216
786
361
1173
963
1036
499
396
465
1427
406
380
1466
738
1452
902
1336
950
668
1309
270
970
1096
811
1125
469
936
---------- Evolution 8 ----------
368
692
837
1293
601
1435
817
1060
649
382
238
1346
941
239
821
952
334
791
1049
1092
869
709
1385
450
748
871
937
363
1499
---------- Evolution 9 ----------
782
1207
1169
1353
1313
680
301
692
1058
611
559
1371
899
1231
1063
534
1481
1100
216
1441
727
1378
345
561
793
774
948
1067
259
1398
306
738
1005
224
1171
632
313
791
1216
---------- Evolution 10 ----------
994
1452
634
478
1233
1269
892
271
725
788
247
1076
1270
1207
990
554
743
1331
991
1169
701
983
572
285
1225
1047
921
843
1285
1136
1020
1086
---------- Evolution 11 ----------
1279
800
385
705
1043
570
1484
1398
851
797
945
845
1410
882
589
235
526
1389
1234
912
789
1306
1369
1060
1325
930
204
1487
1107
720
721
1310
394
280
1025
1310
271
778
756
1343
1253
---------- Evolution 12 ----------
1083
1434
1472
958
462
776
462
1341
1394
1014
---------- Evolution 13 ----------
653
1211
665
934
1492
665
712
285
1460
736
1140
801
1270
943
432
964
254
395
621
924
1273
1021
844
999
1457
628
890
1436
779
1300
---------- Evolution 14 ----------
1289
1372
1008
342
514
448
975
975
203
408
801
1346
230
1098
465
---------- Evolution 15 ----------
694
479
1178
1241
901
397
355
224
1487
620
594
598
1357
771
685
686
538
314
975
869
647
1353
921
295
260
1482
1285
929
1047
226
1479
872
1450
1147
1002
543
1336
359
486
743
211
291
1457
762
1162
448
1466
1257
458
---------- Evolution 16 ----------
848
321
623
1359
1006
1056
462
1497
761
1243
1368
372
822
439
1294
207
1270
761
475
816
380
382
1485
748
---------- Evolution 17 ----------
200
1187
1487
1094
480
218
668
358
766
352
1381
1387
1137
537
665
1009
626
771
1410
875
1262
344
1474
909
1450
1308
1316
1292
979
965
---------- Evolution 18 ----------
695
682
1296
1179
367
1266
214
628
267
1083
1067
1463
334
855
443
747
589
649
764
1481
1006
733
570
938
1234
465
897
495
587
448
958
1073
852
758
970
1381
816
---------- Evolution 19 ----------
841
1363
1210
471
690
898
474
873
1087
943
238
663
1403
828
542
907
1430
1335
800
1429
1127
723
413
1481
316
1170
963
---------- Evolution 20 ----------
209
1213
1287
1000
740
1254
1324
1132
824
1070
1430
639
391
1059
1222
1324
1124
554
346
1288
239
297
301
1297
827
984
584
951
1205
612
622
1493
1021
899
863
710
500
964
1426
1128
330
---------- Evolution 21 ----------
362
728
700
547
1424
845
1239
948
1248
320
1159
1189
793
641
273
1496
549
564
243
295
---------- Evolution 22 ----------
1315
1175
749
---------- Evolution 23 ----------
742
320
424
1387
499
984
1128
347
1437
1179
1051
618
818
1268
752
504
1226
1252
647
1194
1311
221
1381
282
804
892
1490
1034
528
380
1043
969
1222
634
290
465
586
882
431
---------- Evolution 24 ----------
1444
546
866
1265
1106
1398
972
499
589
701
880
1363
902
1072
931
668
1433
379
1098
450
326
1214
381
897
1480
1407
1202
905
1317
802
1251
423
---------- Evolution 25 ----------
514
1485
739
1241
509
759
700
216
501
1244
444
544
643
984
791
480
1308
574
542
1173
1341
394
639
708
1438
1366
1491
---------- Evolution 26 ----------
490
659
1047
1426
494
897
1110
728
1317
300
1200
374
1039
1210
484
363
227
826
657
480
350
1277
906
391
769
822
1348
748
490
758
284
---------- Evolution 27 ----------
758
1354
805
830
1415
987
1386
438
1487
629
1198
1126
1176
1008
1053
1169
288
357
1193
---------- Evolution 28 ----------
1145
1116
1141
677
1434
---------- Evolution 29 ----------
1047
1119
1357
734
627
1437
334
833
---------- Evolution 30 ----------
1194
1250
752
1487
1036
1067
542
1069
1181
947
253
515
1244
1268
826
238
1058
554
1364
1150
202
227
752
243
761
1201
1034
535
893
597
771
466
941
1304
318
525
570
213
1367
1059
893
304
1064
612
---------- Evolution 31 ----------
640
1108
279
1299
243
625
806
637
337
495
647
1185
1042
388
---------- Evolution 32 ----------
327
772
778
234
1447
1369
639
622
1171
1099
1385
1470
324
1319
1076
549
1286
1249
1226
1271
776
232
468
484
1129
1286
1049
515
1187
249
1083
351
1264
252
699
895
439
861
1439
703
---------- Evolution 33 ----------
292
1164
---------- Evolution 34 ----------
478
778
236
904
1011
1325
742
1341
476
1059
1351
776
586
1301
211
1321
402
1415
373
1263
1429
604
1275
436
1195
225
1129
---------- Evolution 35 ----------
1030
457
915
1114
309
515
915
880
---------- Evolution 36 ----------
393
494
264
582
885
570
743
1387
991
327
818
364
1021
1344
672
1017
1207
370
287
846
246
1376
1375
1298
688
1066
921
961
