---------- Evolution 1 ----------
250
1199
1131
902
1496
441
1457
1086
1058
1139
1039
1166
283
---------- Evolution 2 ----------
608
263
554
1362
567
---------- Evolution 3 ----------
1474
913
1105
772
225
1139
499
1145
365
1457
456
357
1165
634
1120
1219
1324
812
929
942
1468
1481
866
806
1026
407
1428
1474
1132
206
1176
817
447
1222
1498
205
1293
1272
373
1338
944
---------- Evolution 4 ----------
1105
277
1353
1078
1243
514
748
1371
1098
241
666
940
1196
539
254
862
1332
1227
747
1179
259
1437
1131
1410
439
1211
407
261
544
1390
1288
214
1208
542
623
511
---------- Evolution 5 ----------
1203
1240
360
800
1138
1269
293
1297
956
970
621
1317
376
731
1329
779
349
942
547
1302
981
1498
352
499
330
1333
1121
933
1177
1496
660
955
602
1465
600
1053
1145
385
768
715
---------- Evolution 6 ----------
809
1214
898
422
1423
504
1004
1071
854
1095
488
428
1172
595
238
1283
677
870
873
1444
1338
1440
382
1087
632
1385
266
298
323
702
1473
---------- Evolution 7 ----------
1028
802
1005
330
633
504
429
678
1360
660
1417
775
1385
1261
284
746
1290
383
1068
508
275
293
453
741
1201
1280
833
562
565
1033
1272
1499
711
515
905
482
998
1059
909
396
715
342
---------- Evolution 8 ----------
697
1212
1230
840
304
1331
803
432
271
1272
1055
410
690
1458
513
1315
946
1319
335
926
1332
1351
661
1393
1415
578
510
606
678
544
1088
1308
1011
265
1348
1049
680
480
301
247
1340
456
513
1344
1366
865
376
824
---------- Evolution 9 ----------
323
1205
217
1233
1200
546
620
235
894
943
547
663
471
1055
1135
636
918
553
754
1352
---------- Evolution 10 ----------
427
646
1382
1116
444
810
1291
538
1431
792
869
783
1497
772
1326
1090
399
865
406
1277
1094
900
985
1487
1217
830
1338
217
270
1218
379
939
698
213
896
397
1422
1180
461
965
546
551
421
216
989
654
649
1178
---------- Evolution 11 ----------
1259
277
553
447
1470
503
814
1355
326
1056
510
220
896
1326
450
562
491
461
1034
974
426
246
782
904
364
784
1393
854
559
339
---------- Evolution 12 ----------
1485
---------- Evolution 13 ----------
744
---------- Evolution 14 ----------
922
1168
413
1004
359
580
661
734
304
1324
654
1373
1110
427
230
735
241
393
280
1254
711
497
1229
1443
453
896
519
1083
1499
1209
536
711
1170
1147
1373
1206
454
1181
1007
918
---------- Evolution 15 ----------
601
1459
1437
1328
---------- Evolution 16 ----------
766
1027
1098
750
664
1087
393
1471
480
391
448
1056
1303
1066
1292
---------- Evolution 17 ----------
366
216
866
508
648
---------- Evolution 18 ----------
751
255
960
842
295
640
263
1145
1290
1215
1142
808
932
1442
1236
1391
361
642
1203
1444
770
1364
1112
924
1434
---------- Evolution 19 ----------
589
568
915
812
665
235
1166
736
497
1362
1450
1340
1349
984
934
453
263
1460
1386
1331
1206
1135
570
1357
1296
---------- Evolution 20 ----------
1416
663
1000
1479
950
625
295
877
1237
---------- Evolution 21 ----------
1470
1193
1061
1126
244
571
293
1361
1064
1182
1026
972
963
411
767
1292
1220
660
1477
706
824
860
1094
954
365
821
1318
630
406
457
385
985
1051
---------- Evolution 22 ----------
962
338
822
317
293
305
280
1369
598
574
559
1110
1053
533
770
1040
636
1178
292
628
---------- Evolution 23 ----------
503
267
763
563
456
620
1471
973
1415
296
858
422
783
931
264
1490
703
257
317
1255
1026
770
623
229
783
247
1263
1114
620
1431
1234
253
1493
624
1434
910
1229
---------- Evolution 24 ----------
204
1431
312
216
209
1151
584
1124
1357
1218
974
1052
1264
525
---------- Evolution 25 ----------
402
709
1297
603
1347
576
1399
536
554
956
319
1408
706
855
494
1467
716
934
619
1196
1297
976
1297
925
415
695
850
988
844
1241
1331
290
904
1021
1233
586
585
481
572
849
402
240
326
931
202
