---------- Evolution 1 ----------
819
769
492
906
789
489
279
466
1292
666
1331
1478
1228
317
769
983
622
1360
637
1328
579
362
291
1469
882
388
755
653
367
1293
1240
1446
1269
1336
1136
435
967
942
---------- Evolution 2 ----------
893
1408
1447
396
224
1300
554
240
1195
489
1438
521
728
383
917
1441
413
1405
731
411
311
1098
704
460
536
926
954
440
1180
749
1168
1018
1116
648
1432
1018
1463
---------- Evolution 3 ----------
1340
394
417
1120
1335
1166
1490
588
1032
1010
348
---------- Evolution 4 ----------
849
709
386
1306
1330
1459
1319
1013
538
1051
271
872
1095
1236
1120
366
1062
1375
274
1461
805
244
1380
513
1097
476
783
854
629
447
868
845
1121
555
1135
484
1302
502
---------- Evolution 5 ----------
1210
1374
1285
984
828
896
323
404
1462
1460
636
847
735
899
233
435
1002
1008
392
496
368
516
886
---------- Evolution 6 ----------
846
651
900
503
1409
506
1162
896
822
1287
719
460
1464
641
1394
284
1321
1018
938
652
936
403
967
1130
475
1032
928
767
1393
638
468
1067
606
1081
738
956
1068
1098
689
1381
378
353
1147
968
767
731
228
1325
1394
---------- Evolution 7 ----------
1265
367
---------- Evolution 8 ----------
366
1344
349
1362
870
228
796
1418
816
558
274
527
767
350
303
697
269
1257
1170
---------- Evolution 9 ----------
869
472
1311
1121
1443
798
452
352
627
1157
1080
692
598
1230
504
1021
894
351
---------- Evolution 10 ----------
646
548
1462
1062
511
568
1089
1420
821
218
806
1458
363
314
628
1307
912
697
888
1026
1126
918
525
1156
277
211
1423
998
305
539
792
672
264
229
1353
598
1354
213
990
1213
1256
776
947
533
1454
241
1403
---------- Evolution 11 ----------
1126
408
631
1201
796
599
1220
974
425
1196
1158
396
770
1417
797
900
1190
1286
1063
758
730
1201
345
1171
1155
1223
1478
811
1238
742
1205
1256
388
1035
586
1026
657
831
865
411
285
---------- Evolution 12 ----------
996
689
792
599
1470
1450
955
1181
214
298
1499
1470
521
873
503
748
581
465
1093
1241
990
1163
207
304
686
1371
852
---------- Evolution 13 ----------
700
520
---------- Evolution 14 ----------
693
1085
1362
1000
1054
652
321
578
855
422
1068
815
1420
265
390
409
1146
1436
1438
429
959
1437
1149
491
704
1459
314
1320
1155
1032
717
1000
494
1105
1181
1143
490
825
1381
1055
461
607
1296
1346
355
1318
710
767
1099
---------- Evolution 15 ----------
690
508
660
750
1211
538
700
1114
1207
653
885
1063
1121
1253
591
583
1208
1115
641
950
365
566
558
986
451
1181
1354
386
1197
---------- Evolution 16 ----------
1037
816
853
1066
895
1055
620
1171
1450
1028
595
1149
830
821
439
499
877
1447
662
1066
1064
825
975
1317
1362
1177
1267
506
293
306
713
531
768
1210
883
785
1472
403
358
244
1016
1020
382
---------- Evolution 17 ----------
864
686
1483
815
790
995
754
744
1309
251
1025
1391
1314
931
1295
654
1275
260
1048
930
449
432
469
872
480
1248
1292
697
397
231
420
1206
877
958
---------- Evolution 18 ----------
1193
791
624
808
1098
784
1458
336
801
1325
379
1304
1272
851
550
495
525
1447
956
1347
---------- Evolution 19 ----------
1436
364
366
869
442
1446
1184
1116
1213
---------- Evolution 20 ----------
1276
1163
597
571
250
548
746
262
683
470
740
589
524
628
735
1113
919
1414
795
1162
1426
903
