---------- Evolution 1 ----------
854
652
583
454
766
892
859
---------- Evolution 2 ----------
1196
1080
589
470
---------- Evolution 3 ----------
477
1120
580
217
577
975
622
223
1289
620
999
229
1328
568
380
946
789
582
1399
617
1300
---------- Evolution 4 ----------
343
317
788
1383
1423
---------- Evolution 5 ----------
500
1001
1013
828
1411
364
620
853
512
1347
788
1480
323
618
1190
576
1282
561
1022
---------- Evolution 6 ----------
1244
1353
267
786
1446
---------- Evolution 7 ----------
1349
1109
1298
876
931
458
880
527
1424
411
337
1022
708
1199
517
1006
1299
967
1220
1324
397
905
545
543
1300
401
1230
1115
1261
720
679
1219
808
---------- Evolution 8 ----------
540
1282
1456
504
991
1323
553
---------- Evolution 9 ----------
746
745
985
1248
673
448
417
1334
1223
781
1470
727
226
571
691
1219
481
1184
1020
1290
290
1304
1129
205
474
693
1069
1259
---------- Evolution 10 ----------
1107
1476
1370
802
756
320
693
572
1109
557
1432
983
454
805
940
820
621
430
796
998
1207
---------- Evolution 11 ----------
239
1246
566
667
---------- Evolution 12 ----------
1324
1259
647
528
815
1377
643
1100
684
1124
1314
917
217
429
1468
774
1414
1438
1484
1253
1403
1144
310
1227
1082
930
263
1423
473
1052
534
1460
1386
414
605
974
1417
395
1252
387
302
351
402
758
1134
---------- Evolution 13 ----------
686
963
1147
572
570
818
434
1299
412
818
480
1009
962
499
907
296
371
411
940
640
410
1311
1297
1315
1265
1361
1020
1377
---------- Evolution 14 ----------
1323
1173
310
1378
554
1347
892
1016
432
816
262
579
381
1200
1331
385
204
1130
337
689
1294
1109
1133
264
277
1160
1251
1235
605
923
1191
1142
508
649
1245
550
844
249
961
1180
1259
1402
1040
1174
670
---------- Evolution 15 ----------
956
1364
206
1366
410
395
817
1444
780
638
810
287
1019
1401
454
1375
1333
1447
773
1350
1486
368
438
900
376
1345
727
---------- Evolution 16 ----------
903
1156
1415
472
950
964
315
314
547
912
757
447
1244
943
1422
1297
1441
407
756
421
1293
931
909
1232
1014
857
642
---------- Evolution 17 ----------
345
1024
1106
510
444
1478
1029
616
711
1227
1341
1339
1380
598
222
1470
217
448
967
478
794
285
942
1028
1353
838
1174
312
882
1078
686
646
727
977
934
1102
407
1434
565
1260
1432
953
1027
444
1273
969
317
417
---------- Evolution 18 ----------
911
691
667
472
910
1346
266
256
417
668
1499
1272
---------- Evolution 19 ----------
1125
540
1078
1388
484
454
285
1481
979
320
1188
1095
852
211
773
402
1326
666
1373
1057
1366
882
1173
1047
1272
428
1473
1232
299
1117
1092
468
491
837
804
1051
1328
1142
598
1002
1075
1407
---------- Evolution 20 ----------
1498
779
729
1184
879
409
1168
649
1275
520
595
1233
261
862
563
328
1280
223
1268
1270
939
604
1074
1492
876
574
519
1427
678
1422
483
1068
1226
781
1003
312
1297
616
967
619
312
985
1397
1431
1480
---------- Evolution 21 ----------
408
864
442
829
1263
732
440
492
440
1078
1377
476
1070
912
1305
1411
1390
1276
320
591
760
---------- Evolution 22 ----------
1399
308
---------- Evolution 23 ----------
1356
296
659
565
---------- Evolution 24 ----------
767
589
720
570
971
812
787
1263
540
391
285
847
1136
447
222
974
1348
755
309
---------- Evolution 25 ----------
312
820
734
1346
976
1403
1101
1197
753
1101
942
1267
479
368
350
1240
504
863
1187
512
797
953
979
1460
1425
1131
864
783
1400
720
1050
411
689
1123
1064
1127
1366
---------- Evolution 26 ----------
1425
997
864
273
387
1299
1271
398
291
927
1462
863
1009
784
1072
407
1044
1349
690
724
521
1352
1028
1283
546
864
1215
695
1367
900
552
356
312
950
476
372
753
428
950
887
886
