---------- Evolution 1 ----------
1039
1060
1146
892
1021
235
---------- Evolution 2 ----------
434
709
1393
1397
640
315
299
814
1333
1028
233
501
599
350
309
955
818
301
952
916
1177
966
261
714
943
1100
1497
271
854
493
1077
885
1029
1302
374
668
481
1436
1389
400
---------- Evolution 3 ----------
637
727
701
677
968
992
779
1240
534
595
986
1179
1113
1135
751
654
850
380
238
860
---------- Evolution 4 ----------
631
620
861
1368
678
403
1223
1217
1144
1103
550
927
305
555
249
1390
1242
497
251
1320
783
839
241
1373
344
281
585
1292
267
615
499
931
---------- Evolution 5 ----------
225
470
368
1216
1305
1126
1484
569
573
761
238
616
1488
642
841
1147
963
1342
622
364
1132
1152
979
471
1090
---------- Evolution 6 ----------
227
1203
1133
693
---------- Evolution 7 ----------
253
839
211
1296
919
1225
721
1414
673
855
1308
593
405
1107
531
1112
603
1244
846
260
880
1484
744
430
1151
525
251
451
268
1440
264
206
1143
1308
825
613
384
519
---------- Evolution 8 ----------
871
773
1462
---------- Evolution 9 ----------
1260
549
1297
1024
1358
1182
1113
734
755
811
252
701
447
1285
932
364
961
867
298
841
214
1234
544
1083
254
329
417
379
1095
649
1050
939
1233
468
826
336
1364
1303
648
1127
---------- Evolution 10 ----------
1293
1254
808
618
1240
351
954
687
898
1083
1152
1075
1072
1233
1160
377
1494
1163
510
415
280
674
---------- Evolution 11 ----------
1174
1061
1067
390
602
413
737
819
1187
568
883
703
651
299
1071
214
1294
541
629
708
1065
558
722
559
---------- Evolution 12 ----------
680
925
1464
519
379
273
835
1250
325
239
380
1107
1062
1469
1320
587
210
1239
639
469
1294
765
920
1006
1407
1345
387
362
1164
1218
600
747
561
---------- Evolution 13 ----------
514
1129
420
358
1424
1474
590
1205
1368
1282
1267
1096
676
849
1369
1448
378
649
306
518
1361
546
1391
803
513
1041
---------- Evolution 14 ----------
481
419
900
483
1485
1254
785
798
240
950
1463
899
1157
215
882
427
307
492
641
1020
291
1178
612
382
1497
723
967
1387
1455
248
421
1108
1224
1218
1479
892
799
1466
---------- Evolution 15 ----------
502
661
798
441
1011
507
1493
291
515
747
597
1346
1291
536
1083
690
1227
602
1251
748
1326
377
788
720
418
858
552
282
1429
1085
1234
238
524
668
1152
1342
1204
576
1096
1008
951
1425
---------- Evolution 16 ----------
289
846
419
798
1389
700
955
527
1255
932
263
1272
670
1249
1164
923
1419
570
917
1286
1029
1138
1429
1343
536
1473
360
1371
588
241
334
1164
530
816
939
1462
1098
767
1420
428
665
330
1111
284
1477
294
349
1019
---------- Evolution 17 ----------
885
1109
1398
342
1065
290
908
1389
263
418
301
1375
936
591
1465
1386
1379
255
939
542
1362
878
517
1236
266
1103
1299
1408
911
988
412
---------- Evolution 18 ----------
1343
1228
512
570
1425
1159
960
989
631
583
1364
1309
682
714
1239
249
580
663
1025
554
237
1337
1089
982
1020
1036
1180
1114
496
836
603
750
581
---------- Evolution 19 ----------
996
957
260
1222
951
1296
1367
1489
1464
1329
939
1499
1439
835
273
1349
1464
682
835
---------- Evolution 20 ----------
1061
1416
---------- Evolution 21 ----------
216
487
689
981
986
742
634
707
720
1306
685
1040
643
1153
961
697
601
841
1350
575
---------- Evolution 22 ----------
786
789
534
411
785
1204
355
355
696
286
940
1112
688
1048
1101
873
680
1384
1275
797
1199
1106
1320
693
778
323
766
200
349
794
1115
1333
673
1306
---------- Evolution 23 ----------
234
1221
705
1255
1415
646
600
548
248
1134
1133
710
739
354
1342
1370
969
659
1167
750
1262
316
1389
1158
576
274
376
1249
818
202
786
1398
1451
201
625
1271
668
985
1052
996
1010
1282
1192
288
---------- Evolution 24 ----------
1100
883
1254
1424
1192
965
1067
647
1043
673
1059
445
695
729
1168
---------- Evolution 25 ----------
957
1427
1237
996
1127
782
267
1384
1130
730
1065
638
585
1427
867
1098
1001
1434
---------- Evolution 26 ----------
306
295
1051
1205
593
519
571
806
727
953
1034
948
1381
727
811
260
454
905
281
302
208
1477
639
1365
210
1153
1290
872
919
786
367
532
1418
810
---------- Evolution 27 ----------
639
818
1162
1157
598
494
840
582
533
1372
637
645
1048
622
1047
516
1275
609
772
224
844
1081
246
576
459
858
873
452
924
780
242
306
---------- Evolution 28 ----------
263
1314
1434
767
401
507
447
227
1159
1041
308
517
449
899
1266
313
1331
447
1404
673
611
706
422
588
1121
1312
1262
797
679
650
471
753
713
1225
572
732
1198
351
---------- Evolution 29 ----------
749
287
989
1129
1165
808
1276
476
1132
1289
---------- Evolution 30 ----------
787
1048
1393
375
497
---------- Evolution 31 ----------
385
1031
1401
960
1246
909
---------- Evolution 32 ----------
700
1454
679
218
349
818
579
270
873
1007
1324
1239
602
1363
243
1381
1125
1353
1060
1251
997
1057
507
663
569
791
347
472
535
499
655
970
1050
859
975
594
1144
582
842
403
303
586
614
697
368
620
---------- Evolution 33 ----------
209
490
878
248
752
575
546
1162
207
953
1478
995
1026
1015
1496
864
1049
1274
780
1056
1316
---------- Evolution 34 ----------
545
1085
655
1226
1125
1003
376
209
409
396
619
766
360
956
420
537
626
620
333
1263
1394
1246
680
728
1479
1324
281
1347
686
523
798
247
458
696
224
1411
700
911
961
399
808
910
616
321
991
1180
---------- Evolution 35 ----------
607
759
214
1396
407
1400
602
1079
1394
1153
1454
817
1091
1382
1425
1394
1398
891
1079
1029
374
370
1137
815
1323
603
464
1335
1394
858
1283
1051
1049
866
995
696
725
1493
352
358
919
987
1186
332
---------- Evolution 36 ----------
716
1087
1000
583
292
1340
1039
424
844
1470
578
870
1433
1206
1363
1132
1018
450
411
817
764
848
1001
1341
1349
1188
220
617
344
733
861
1400
1006
1247
1305
1107
984
1337
501
1471
260
1195
