---------- Evolution 1 ----------
355
838
412
1355
212
249
213
1238
501
437
576
1398
254
467
1229
1078
238
683
1239
493
1249
207
1333
840
875
315
540
759
714
358
---------- Evolution 2 ----------
585
512
621
896
1035
628
658
1299
823
255
382
461
750
692
835
538
328
1085
1451
380
1219
219
1127
714
371
772
1142
1304
1168
666
1248
275
---------- Evolution 3 ----------
1443
1118
969
665
1031
1089
1189
624
353
860
524
1146
362
996
923
630
973
1321
1059
1209
808
771
1162
1055
293
1152
472
300
1049
295
606
623
843
1175
---------- Evolution 4 ----------
283
924
1231
223
416
658
1149
772
668
1401
219
1039
874
1120
1001
1223
1258
1462
---------- Evolution 5 ----------
795
1044
843
1044
802
1246
604
446
1228
536
1366
763
610
972
944
656
588
1063
202
1077
646
1104
1248
1374
1408
1334
334
622
1253
586
---------- Evolution 6 ----------
1295
1226
1421
917
1116
855
1219
811
479
358
1099
641
1391
767
665
837
523
913
1236
798
479
774
1076
348
611
1051
1160
276
524
593
1409
1300
1231
403
1361
339
894
---------- Evolution 7 ----------
745
1223
1303
1075
989
1008
411
1452
834
943
916
943
547
458
1303
620
760
989
1046
1235
689
---------- Evolution 8 ----------
1315
317
---------- Evolution 9 ----------
213
1285
803
---------- Evolution 10 ----------
1461
1100
1463
464
1481
255
1471
373
709
1072
655
575
332
886
994
284
282
1042
438
321
238
1491
582
1254
---------- Evolution 11 ----------
392
820
---------- Evolution 12 ----------
1267
843
424
221
---------- Evolution 13 ----------
227
866
543
273
781
1479
778
975
767
1432
859
245
1246
1196
979
1336
561
968
753
401
1375
935
1422
1240
864
823
815
1092
986
797
734
1489
---------- Evolution 14 ----------
1401
808
1183
579
1101
1337
585
913
1273
686
533
468
758
380
1379
1219
1238
227
530
1171
1370
1433
669
332
322
451
590
1046
1374
681
1309
465
---------- Evolution 15 ----------
807
1009
506
426
924
1374
546
591
807
1017
757
1489
320
654
644
460
283
301
634
285
1084
714
666
1126
1362
1331
752
---------- Evolution 16 ----------
661
1249
1141
794
1297
846
628
---------- Evolution 17 ----------
360
499
1135
226
337
521
742
680
239
884
935
795
388
514
258
294
446
1364
453
421
890
474
1006
599
245
331
951
1403
768
371
273
898
918
985
1004
983
849
---------- Evolution 18 ----------
411
1229
1344
1056
906
315
1295
492
348
627
885
916
321
706
---------- Evolution 19 ----------
251
1489
1125
572
450
887
522
1300
1251
1095
307
326
656
1230
604
1153
590
275
853
761
814
1445
390
532
379
518
851
1154
257
691
233
397
329
458
1013
1253
717
559
421
1099
1225
1288
---------- Evolution 20 ----------
1121
1210
664
1250
851
---------- Evolution 21 ----------
1260
487
482
541
1220
1031
203
635
1182
515
720
799
1111
1444
793
845
1330
935
1037
1288
1385
1023
752
232
775
577
962
447
616
957
1349
628
393
757
482
387
561
665
1321
709
722
1452
236
414
1424
1183
824
512
545
---------- Evolution 22 ----------
1183
356
875
1164
1359
1278
373
1309
218
423
1355
888
468
212
716
1469
573
455
601
1499
---------- Evolution 23 ----------
327
697
1474
262
1119
837
990
