---------- Evolution 1 ----------
628
750
1033
1149
624
843
357
964
960
337
848
817
1012
536
987
960
1371
424
1240
1079
340
881
1423
---------- Evolution 2 ----------
645
1455
215
681
820
682
698
748
835
782
273
1301
1210
509
438
984
748
215
735
961
659
613
1364
851
409
1006
1170
318
1291
1209
885
1400
391
652
1306
1494
1380
366
538
552
619
---------- Evolution 3 ----------
1387
683
1260
959
654
440
323
1183
831
1251
1257
697
1303
736
1358
603
780
---------- Evolution 4 ----------
451
1193
289
1189
332
455
1168
279
569
1219
913
1035
1325
228
657
1221
836
1140
317
307
430
786
---------- Evolution 5 ----------
913
1476
492
681
1485
982
1148
1438
480
574
1126
1393
247
419
1259
295
1072
1153
530
832
231
1320
715
---------- Evolution 6 ----------
1230
1098
1023
1416
1195
816
952
739
255
1192
1371
596
763
218
933
1040
1298
695
1344
589
332
315
514
1294
387
1428
906
1337
1489
---------- Evolution 7 ----------
1371
487
1379
1064
763
684
255
---------- Evolution 8 ----------
1192
561
868
1242
725
1000
---------- Evolution 9 ----------
1497
807
676
565
639
1403
1310
685
211
569
876
327
573
1461
1336
1011
213
323
590
806
758
532
546
495
827
1367
1177
866
1422
672
1337
1140
1426
---------- Evolution 10 ----------
1321
516
516
724
1104
493
458
719
262
629
1123
1006
935
474
1034
---------- Evolution 11 ----------
1057
441
596
1287
262
1450
567
528
1278
357
591
834
641
1476
1386
927
1398
286
1455
1169
299
345
988
1070
843
562
1301
1139
306
431
573
270
1363
222
1391
1432
1264
---------- Evolution 12 ----------
610
1365
205
592
1066
1123
1350
458
284
885
905
212
610
1149
769
931
522
1274
408
1405
1078
578
337
495
628
1271
922
549
627
1354
393
683
656
252
464
1089
1379
1235
1091
332
1127
636
1406
838
1471
764
1402
1157
1100
---------- Evolution 13 ----------
902
497
280
---------- Evolution 14 ----------
924
1313
1081
1248
1346
263
302
985
1419
1075
1122
963
961
372
1234
537
997
545
452
1354
1141
1155
305
961
1238
1257
1470
---------- Evolution 15 ----------
417
924
1442
1095
762
335
1337
664
264
1127
439
839
734
1071
686
471
325
---------- Evolution 16 ----------
247
304
442
484
---------- Evolution 17 ----------
1286
709
785
1248
1143
1050
1155
1323
582
213
1385
303
1086
1144
307
838
233
267
1123
884
1262
697
707
---------- Evolution 18 ----------
889
1271
430
1492
557
555
759
205
548
416
716
1038
1135
1075
1278
841
1489
---------- Evolution 19 ----------
607
1204
1140
713
808
1382
---------- Evolution 20 ----------
541
1045
676
821
1426
439
1271
1339
1332
1111
259
809
1371
588
655
719
829
766
949
221
288
1252
937
1016
1201
340
960
1055
613
450
530
210
539
1440
946
---------- Evolution 21 ----------
422
1341
---------- Evolution 22 ----------
465
849
714
737
1455
1328
1499
724
240
1400
567
781
878
1201
788
1183
809
231
508
474
899
448
1429
529
1149
1462
605
---------- Evolution 23 ----------
1447
1251
582
1215
222
1064
434
662
1311
827
763
1324
737
952
908
731
1397
386
836
987
1064
1449
1198
855
903
308
794
965
1045
864
720
661
466
656
855
1183
995
1157
1254
---------- Evolution 24 ----------
613
1227
953
1248
255
238
1461
618
1170
486
---------- Evolution 25 ----------
585
476
230
1484
473
998
860
800
905
203
1361
894
680
239
1098
657
1224
1025
1036
846
1253
772
1034
553
1000
963
1015
765
1438
1274
754
554
932
295
1422
665
---------- Evolution 26 ----------
245
1313
871
1136
481
927
999
568
216
1169
541
466
749
1032
398
1002
930
998
822
---------- Evolution 27 ----------
1264
790
1025
637
1147
992
933
356
638
---------- Evolution 28 ----------
410
1438
1161
477
228
1265
312
334
998
1093
862
933
648
1447
466
1402
495
519
1240
722
1193
528
1439
1170
494
1259
1278
653
922
935
262
951
469
517
1424
877
630
640
304
856
985
1401
1310
446
443
1161
833
889
1317
---------- Evolution 29 ----------
1142
862
295
1084
720
469
1175
209
1129
1022
1459
422
302
972
1336
1218
879
311
1207
944
586
965
816
1088
308
1043
763
595
439
1282
221
307
1380
1153
1460
794
733
399
1179
574
1261
494
1368
1496
1296
1304
551
1337
---------- Evolution 30 ----------
1468
736
375
834
531
443
1489
1251
869
638
636
1146
643
275
709
858
235
1466
418
1188
1199
1386
750
1258
409
318
388
1270
931
288
526
709
496
1313
910
372
650
1487
1232
825
1262
614
1458
547
1245
216
---------- Evolution 31 ----------
1019
873
762
1280
1047
922
567
547
316
349
252
1238
917
861
1335
1432
1359
891
1372
306
1303
402
1317
604
1254
1067
572
1388
1128
1234
1368
807
1159
1156
345
604
369
255
397
1318
531
286
1452
241
1138
928
---------- Evolution 32 ----------
1152
1261
435
424
1272
1253
548
1487
---------- Evolution 33 ----------
1185
1258
587
574
626
637
399
601
538
540
668
1248
318
---------- Evolution 34 ----------
236
496
905
823
655
1014
912
956
762
620
1487
1442
984
1331
1461
379
612
1211
---------- Evolution 35 ----------
1113
731
954
860
545
774
1022
971
613
494
279
1318
791
1321
765
1364
1404
1430
637
867
847
557
403
641
983
423
495
933
463
1035
926
1498
351
755
---------- Evolution 36 ----------
953
233
1347
782
862
727
1082
256
603
616
1467
1237
1101
443
219
1040
1403
1001
417
1402
1102
703
1004
1220
916
229
1036
230
662
1000
804
540
1417
1254
1318
316
1484
1264
201
766
253
601
741
914
1392
---------- Evolution 37 ----------
793
---------- Evolution 38 ----------
1449
336
230
758
210
412
538
272
1161
856
306
1208
1345
1409
386
928
1004
955
1327
309
969
1006
1000
723
549
243
---------- Evolution 39 ----------
757
234
1299
591
941
1181
1102
442
618
1282
1410
1488
1131
516
525
1335
806
258
975
1046
647
633
1165
1055
617
730
258
1470
329
829
579
622
738
848
1472
257
1296
425
633
389
615
1494
