---------- Evolution 1 ----------
1004
907
---------- Evolution 2 ----------
1309
641
1063
274
439
1355
438
922
669
1115
1277
1209
217
1023
380
441
603
1131
217
862
301
1195
---------- Evolution 3 ----------
632
1004
210
870
1275
461
1228
403
276
1011
1378
1487
499
863
790
1354
1062
1427
518
820
1201
387
1170
1196
911
568
310
323
929
703
990
671
1100
804
979
1076
1228
384
568
1393
791
781
893
1461
460
617
252
755
---------- Evolution 4 ----------
231
1142
511
1293
965
1266
1181
1134
572
304
---------- Evolution 5 ----------
1478
1371
1428
1426
471
846
960
301
619
558
409
429
225
1277
677
1283
400
---------- Evolution 6 ----------
946
594
396
399
476
215
1494
287
1451
280
507
1268
---------- Evolution 7 ----------
683
963
319
756
782
1107
1462
752
283
---------- Evolution 8 ----------
1191
1057
1192
687
248
---------- Evolution 9 ----------
1175
707
458
733
1477
961
1100
682
1115
829
254
1401
1133
1424
399
1053
630
1022
597
1117
1294
1417
403
1241
207
1107
1467
551
704
807
1371
718
1090
1480
1099
672
1363
767
642
1375
834
1452
254
710
---------- Evolution 10 ----------
850
489
450
920
1324
1088
962
1033
990
753
1237
836
1415
832
---------- Evolution 11 ----------
1454
915
620
850
1427
215
369
829
---------- Evolution 12 ----------
459
---------- Evolution 13 ----------
1161
295
1012
559
1044
242
1419
1152
803
1080
658
741
337
331
1230
706
1172
316
1112
436
1224
1108
618
1264
990
1285
1483
460
1009
1007
979
---------- Evolution 14 ----------
990
925
1445
1311
310
1058
1287
904
1342
1018
440
1325
874
418
543
934
957
1433
1352
226
917
863
1015
901
745
1123
800
1160
965
566
1024
---------- Evolution 15 ----------
516
765
1372
1096
1429
443
628
554
530
552
1121
1026
---------- Evolution 16 ----------
457
984
641
1276
1455
1031
1114
806
1479
958
652
637
366
517
1258
1210
229
904
1465
1151
1436
772
1391
913
1271
440
1008
824
1099
---------- Evolution 17 ----------
494
1002
646
620
681
1090
334
1194
731
294
265
640
1251
1127
452
1427
1053
425
1488
1269
758
1255
455
1181
1306
1239
791
228
1103
246
1141
747
464
903
1466
1281
593
789
1493
1260
364
1292
435
818
1173
823
1314
1390
---------- Evolution 18 ----------
1364
676
729
819
492
269
1018
1432
1071
482
577
1388
1342
1148
1295
1014
1460
1276
1297
538
1351
384
377
876
851
621
1230
1115
987
1393
764
1235
642
1033
672
---------- Evolution 19 ----------
1351
603
583
---------- Evolution 20 ----------
454
410
1090
242
268
1029
1354
304
1169
---------- Evolution 21 ----------
1029
386
809
1019
1489
718
1332
1006
1088
225
782
401
684
977
584
1266
546
305
357
388
912
469
495
949
1057
1256
1328
849
467
626
1084
316
872
1074
1157
888
323
363
---------- Evolution 22 ----------
732
647
1424
1447
1456
1489
1152
933
613
367
613
1412
597
1003
464
963
778
1406
1052
1395
1156
853
