---------- Evolution 1 ----------
1092
1174
1484
300
308
1175
1353
778
1082
1236
1459
1317
1082
907
918
795
847
1312
1255
456
721
1290
878
1128
361
---------- Evolution 2 ----------
416
369
420
1470
---------- Evolution 3 ----------
360
1386
599
589
1079
1230
1124
930
1265
253
912
904
1012
784
1285
368
542
234
356
1204
1320
541
682
518
818
836
1141
826
338
485
723
1430
1237
617
1098
---------- Evolution 4 ----------
1395
1111
374
1293
1028
754
623
1317
1173
885
1184
1076
1225
345
1169
677
1146
872
1496
346
378
298
580
954
310
219
---------- Evolution 5 ----------
1242
255
551
803
881
855
745
505
1464
537
209
---------- Evolution 6 ----------
1063
635
280
611
461
1299
389
838
431
818
878
481
1103
270
990
1071
292
743
753
686
1255
215
303
204
1470
402
476
1277
1482
427
1136
503
---------- Evolution 7 ----------
1421
1378
641
962
1415
253
892
1213
753
362
678
1254
1002
297
208
987
657
924
584
711
522
555
546
1109
643
357
---------- Evolution 8 ----------
1116
446
645
295
770
1488
750
369
1023
201
379
542
806
719
1232
863
636
1032
1417
392
1025
241
1408
753
498
787
884
373
214
1174
1233
594
838
1062
429
832
846
780
201
697
911
556
560
933
1049
---------- Evolution 9 ----------
1034
1063
973
1433
322
1135
1290
830
1371
916
806
366
1470
341
772
1451
303
1024
1294
528
722
854
1397
1077
319
1167
1041
---------- Evolution 10 ----------
1063
346
---------- Evolution 11 ----------
594
653
1298
878
1379
762
589
461
1391
1286
1208
894
1026
---------- Evolution 12 ----------
647
445
865
1219
1159
444
678
872
1055
276
1369
317
1111
220
1238
1377
407
913
381
963
1437
577
817
711
1038
1451
579
1400
---------- Evolution 13 ----------
635
---------- Evolution 14 ----------
944
1360
842
---------- Evolution 15 ----------
696
1301
1394
906
603
739
399
742
295
1211
528
990
546
779
983
1310
366
1211
1152
710
---------- Evolution 16 ----------
930
1262
231
1104
1035
317
223
237
547
1199
1158
736
451
664
1046
588
389
1404
890
542
657
1062
970
745
1090
973
297
---------- Evolution 17 ----------
1411
1447
1467
686
1119
284
942
1222
1448
249
982
1414
1442
1134
1275
894
788
351
1057
824
1128
738
679
203
976
---------- Evolution 18 ----------
509
500
664
309
645
1397
1391
589
1272
1028
1222
888
1178
1137
639
451
669
1256
881
305
1177
382
468
1263
1112
933
592
512
1147
476
389
436
1463
1214
322
1007
1093
1398
---------- Evolution 19 ----------
1258
220
811
644
701
918
355
1485
1302
385
337
503
1486
1267
762
431
400
1441
1140
1039
1456
311
1192
1331
971
812
1113
1268
1055
789
463
581
1293
1109
643
880
1358
1314
1492
564
1273
---------- Evolution 20 ----------
1323
1158
1105
1137
905
693
494
699
1348
876
452
828
1357
1095
766
872
1090
1198
---------- Evolution 21 ----------
463
441
1482
529
1007
1034
684
951
772
672
1286
401
845
754
1025
1336
388
920
801
954
1177
1115
1312
1126
1355
1248
1026
1087
1373
1109
382
1274
1310
921
1075
756
856
---------- Evolution 22 ----------
1328
342
---------- Evolution 23 ----------
1341
1441
583
342
431
1418
660
626
646
917
629
873
1039
1155
656
1357
285
985
1451
1212
963
1147
684
766
1420
260
1231
1188
781
383
1301
922
328
1260
304
1336
926
420
269
322
1182
1414
683
1015
883
1095
941
651
---------- Evolution 24 ----------
504
1351
490
965
853
973
1379
335
803
1417
537
484
1421
884
1374
1197
280
748
1492
833
1107
686
517
961
641
1342
223
---------- Evolution 25 ----------
213
337
222
261
710
1306
568
404
1181
1423
612
1040
958
258
213
1203
838
925
811
221
1183
1403
1454
1333
830
1157
592
1410
621
809
1425
254
495
---------- Evolution 26 ----------
642
227
762
1091
322
1378
719
1450
1202
752
371
1296
1347
1312
1262
935
686
992
1331
723
873
879
846
776
948
1483
409
541
826
218
1205
949
456
635
500
---------- Evolution 27 ----------
1286
1281
249
1093
276
575
1000
205
694
758
1323
602
1327
1193
639
1064
1447
711
426
769
354
579
851
320
712
1337
1373
---------- Evolution 28 ----------
729
540
---------- Evolution 29 ----------
203
1433
1229
950
215
555
1277
865
1094
1056
820
245
559
1132
434
496
939
1004
526
---------- Evolution 30 ----------
1300
283
918
1182
654
964
373
347
266
1139
945
1275
969
820
888
390
1232
484
1260
1202
1451
1413
351
1255
981
423
496
496
596
1418
1322
1412
1466
983
1151
967
203
1373
701
870
1219
243
1173
1159
985
343
---------- Evolution 31 ----------
491
378
816
685
902
893
1330
275
646
987
325
512
1400
1102
804
782
523
279
1218
847
834
786
977
1133
1354
1317
1186
956
1358
328
423
887
623
470
628
1208
1146
243
1283
873
1124
---------- Evolution 32 ----------
990
852
1341
1349
1017
455
1118
1245
1263
1375
716
435
1071
1079
1292
1059
929
1049
1400
556
1239
656
921
591
779
635
439
213
1107
389
506
---------- Evolution 33 ----------
1154
446
500
1186
---------- Evolution 34 ----------
1087
1142
886
1153
1035
1242
943
976
215
737
916
961
1135
220
328
1401
578
235
410
1049
318
1353
625
789
650
444
1464
985
242
727
348
654
502
267
839
433
1417
957
614
1141
303
1249
407
842
749
---------- Evolution 35 ----------
566
652
273
276
850
1104
574
1229
1295
339
205
1050
586
1341
1472
950
1235
1195
944
785
1304
456
482
740
816
1160
529
1311
597
456
900
316
---------- Evolution 36 ----------
1293
1376
284
868
711
752
505
948
972
893
1313
1241
1101
1394
829
722
777
1127
1380
251
332
941
305
914
1492
1154
918
1365
370
405
615
718
304
532
1019
---------- Evolution 37 ----------
637
306
217
484
531
836
914
341
406
1100
428
282
882
858
1203
1035
770
1309
321
1338
816
1384
378
243
725
664
544
917
313
249
760
332
1342
1304
577
535
243
---------- Evolution 38 ----------
840
1037
1213
1218
477
667
843
654
